<html>
<body>
<pre>
<h1>Vision Build Log</h1>
<h2>Project:</h2>
D:\5530原版\Project\JK_BTSET.uvproj
Project File Date:  12/30/2017

<h2>Output:</h2>
Build target 'JK_BTSET'
assembling startup_stm32f40_41xxx.s...
compiling system_stm32f4xx.c...
compiling misc.c...
compiling stm32f4xx_adc.c...
compiling stm32f4xx_can.c...
compiling stm32f4xx_crc.c...
compiling stm32f4xx_cryp.c...
compiling stm32f4xx_cryp_aes.c...
compiling stm32f4xx_cryp_des.c...
compiling stm32f4xx_cryp_tdes.c...
compiling stm32f4xx_dac.c...
compiling stm32f4xx_dbgmcu.c...
compiling stm32f4xx_dcmi.c...
compiling stm32f4xx_dma.c...
compiling stm32f4xx_dma2d.c...
compiling stm32f4xx_exti.c...
compiling stm32f4xx_flash.c...
compiling stm32f4xx_flash_ramfunc.c...
compiling stm32f4xx_fsmc.c...
compiling stm32f4xx_gpio.c...
compiling stm32f4xx_hash.c...
compiling stm32f4xx_hash_md5.c...
compiling stm32f4xx_hash_sha1.c...
compiling stm32f4xx_i2c.c...
compiling stm32f4xx_iwdg.c...
compiling stm32f4xx_ltdc.c...
compiling stm32f4xx_pwr.c...
compiling stm32f4xx_rcc.c...
compiling stm32f4xx_rng.c...
compiling stm32f4xx_rtc.c...
compiling stm32f4xx_sai.c...
compiling stm32f4xx_sdio.c...
compiling stm32f4xx_spi.c...
compiling stm32f4xx_syscfg.c...
compiling stm32f4xx_tim.c...
compiling stm32f4xx_usart.c...
compiling stm32f4xx_wwdg.c...
compiling main.c...
..\Include\my_register.h(195): warning:  #1-D: last line of file ends without a newline
..\Include\clock.h(17): warning:  #1-D: last line of file ends without a newline
..\Include\tim6.h(16): warning:  #1-D: last line of file ends without a newline
..\Include\tim1.h(15): warning:  #1-D: last line of file ends without a newline
..\Include\tim2.h(17): warning:  #1-D: last line of file ends without a newline
..\Include\adc.h(17): warning:  #1-D: last line of file ends without a newline
..\Include\gpio.h(7): warning:  #1-D: last line of file ends without a newline
..\Include\my_register.h(195): warning:  #1-D: last line of file ends without a newline
..\Include\usart.h(18): warning:  #1-D: last line of file ends without a newline
..\Include\my_register.h(195): warning:  #1-D: last line of file ends without a newline
..\Include\iwdg.h(17): warning:  #1-D: last line of file ends without a newline
..\Include\my_register.h(195): warning:  #1-D: last line of file ends without a newline
..\Include\my_register.h(195): warning:  #1-D: last line of file ends without a newline
..\Include\flash.h(37): warning:  #1-D: last line of file ends without a newline
..\Include\my_register.h(195): warning:  #1-D: last line of file ends without a newline
compiling stm32f4xx_it.c...
..\Include\my_register.h(195): warning:  #1-D: last line of file ends without a newline
compiling adc.c...
..\Include\adc.h(17): warning:  #1-D: last line of file ends without a newline
..\Include\my_register.h(195): warning:  #1-D: last line of file ends without a newline
..\drive\adc.c(304): warning:  #1-D: last line of file ends without a newline
compiling AT24C01.c...
..\Include\my_register.h(195): warning:  #1-D: last line of file ends without a newline
..\Include\my_register.h(195): warning:  #1-D: last line of file ends without a newline
..\Include\my_register.h(195): warning:  #1-D: last line of file ends without a newline
..\drive\AT24C01.c(345): warning:  #177-D: function "ee_Delay" was declared but never referenced
compiling BEEP.c...
..\Include\my_register.h(195): warning:  #1-D: last line of file ends without a newline
..\drive\BEEP.c(60): warning:  #1-D: last line of file ends without a newline
compiling bsp_SysTick.c...
..\Include\my_register.h(195): warning:  #1-D: last line of file ends without a newline
..\Include\my_register.h(195): warning:  #1-D: last line of file ends without a newline
compiling DAC.c...
compiling flash.c...
..\Include\my_register.h(195): warning:  #1-D: last line of file ends without a newline
..\Include\my_register.h(195): warning:  #1-D: last line of file ends without a newline
..\drive\flash.c(333): warning:  #1-D: last line of file ends without a newline
compiling GPIO.c...
..\Include\gpio.h(7): warning:  #1-D: last line of file ends without a newline
..\Include\my_register.h(195): warning:  #1-D: last line of file ends without a newline
..\drive\GPIO.c(59): warning:  #1-D: last line of file ends without a newline
compiling IIC_24C01.c...
..\Include\my_register.h(195): warning:  #1-D: last line of file ends without a newline
..\Include\my_register.h(195): warning:  #1-D: last line of file ends without a newline
compiling iwdg.c...
compiling key.c...
..\Include\my_register.h(195): warning:  #1-D: last line of file ends without a newline
..\Include\beep.h(15): warning:  #1-D: last line of file ends without a newline
..\Include\my_register.h(195): warning:  #1-D: last line of file ends without a newline
..\Include\flash.h(37): warning:  #1-D: last line of file ends without a newline
..\Include\gpio.h(7): warning:  #1-D: last line of file ends without a newline
..\Include\my_register.h(195): warning:  #1-D: last line of file ends without a newline
..\Include\key.h(24): warning:  #1-D: last line of file ends without a newline
compiling modbus.c...
..\Include\my_register.h(195): warning:  #1-D: last line of file ends without a newline
..\Include\usart.h(18): warning:  #1-D: last line of file ends without a newline
..\Include\modbus.h(17): warning:  #1-D: last line of file ends without a newline
..\Include\my_register.h(195): warning:  #1-D: last line of file ends without a newline
..\Include\flash.h(37): warning:  #1-D: last line of file ends without a newline
..\drive\modbus.c(325): warning:  #1-D: last line of file ends without a newline
compiling ssd1963.c...
..\Include\my_register.h(195): warning:  #1-D: last line of file ends without a newline
..\Include\my_register.h(195): warning:  #1-D: last line of file ends without a newline
..\drive\ssd1963.c(168): warning:  #550-D: variable "FSMC_NORSRAMTimingInitStructure" was set but never used
compiling TIM1.c...
..\Include\my_register.h(195): warning:  #1-D: last line of file ends without a newline
..\drive\TIM1.c(75): warning:  #1-D: last line of file ends without a newline
compiling TIM2.c...
..\Include\my_register.h(195): warning:  #1-D: last line of file ends without a newline
..\drive\TIM2.c(103): warning:  #1-D: last line of file ends without a newline
compiling TIM6.c...
..\Include\my_register.h(195): warning:  #1-D: last line of file ends without a newline
..\Include\tim6.h(16): warning:  #1-D: last line of file ends without a newline
..\drive\TIM6.c(52): warning:  #1-D: last line of file ends without a newline
compiling usart.c...
..\Include\my_register.h(195): warning:  #1-D: last line of file ends without a newline
compiling TM1650.c...
..\Include\my_register.h(195): warning:  #1-D: last line of file ends without a newline
..\Include\my_register.h(195): warning:  #1-D: last line of file ends without a newline
..\drive\TM1650.c(242): warning:  #1-D: last line of file ends without a newline
compiling clock.c...
..\Include\my_register.h(195): warning:  #1-D: last line of file ends without a newline
compiling GUI_X.c...
compiling GUIConf.c...
compiling GUIDRV_Template.c...
..\Include\my_register.h(195): warning:  #1-D: last line of file ends without a newline
..\STemWinLibrary522\Config\GUIDRV_Template.c(264): warning:  #177-D: variable "xPhys" was declared but never referenced
..\STemWinLibrary522\Config\GUIDRV_Template.c(264): warning:  #177-D: variable "yPhys" was declared but never referenced
..\STemWinLibrary522\Config\GUIDRV_Template.c(264): warning:  #177-D: variable "lphys" was declared but never referenced
compiling LCDConf_FlexColor_Template.c...
..\Include\my_register.h(195): warning:  #1-D: last line of file ends without a newline
compiling MainTask.c...
..\Include\adc.h(17): warning:  #1-D: last line of file ends without a newline
..\Include\tim2.h(17): warning:  #1-D: last line of file ends without a newline
..\Include\my_register.h(195): warning:  #1-D: last line of file ends without a newline
..\Include\key.h(24): warning:  #1-D: last line of file ends without a newline
..\Include\beep.h(15): warning:  #1-D: last line of file ends without a newline
..\Include\my_register.h(195): warning:  #1-D: last line of file ends without a newline
..\Include\modbus.h(17): warning:  #1-D: last line of file ends without a newline
..\Include\my_register.h(195): warning:  #1-D: last line of file ends without a newline
..\Include\my_register.h(195): warning:  #1-D: last line of file ends without a newline
..\STemWinLibrary522\emWinTask\MainTask.c(43): warning:  #177-D: variable "ucKeyCode" was declared but never referenced
compiling menu.c...
..\Include\my_register.h(195): warning:  #1-D: last line of file ends without a newline
..\APP\menu.c(262): warning:  #1-D: last line of file ends without a newline
compiling R_Face.c...
..\Include\my_register.h(195): warning:  #1-D: last line of file ends without a newline
compiling load_Face.c...
..\Include\my_register.h(195): warning:  #1-D: last line of file ends without a newline
..\APP\load_Face.c(265): warning:  #1-D: last line of file ends without a newline
compiling STARTER.c...
..\Include\my_register.h(195): warning:  #1-D: last line of file ends without a newline
D:\外发资料\电池综合测试仪 2.1\APP\STARTER.c(98): warning:  #223-D: function "CreateR" declared implicitly
D:\外发资料\电池综合测试仪 2.1\APP\STARTER.c(1156): error:  #20: identifier "page_sw" is undefined
D:\外发资料\电池综合测试仪 2.1\APP\STARTER.c(1156): error:  #20: identifier "face_starter" is undefined
compiling HZ16.c...
compiling HZ12.c...
compiling usb_core.c...
compiling usb_hcd.c...
compiling usb_hcd_int.c...
compiling usbh_core.c...
compiling usbh_hcs.c...
compiling usbh_ioreq.c...
compiling usbh_stdreq.c...
compiling usbh_msc_bot.c...
compiling usbh_msc_core.c...
compiling usbh_msc_scsi.c...
compiling usb_bsp.c...
compiling usbh_usr.c...
..\USB\USB_APP\usbh_usr.c(19): warning:  #177-D: variable "AppState" was declared but never referenced
Target not created
Build target 'JK_BTSET'
compiling STARTER.c...
..\Include\my_register.h(195): warning:  #1-D: last line of file ends without a newline
D:\外发资料\电池综合测试仪 2.1\APP\STARTER.c(98): warning:  #223-D: function "CreateR" declared implicitly
linking...
Program Size: Code=76444 RO-data=44972 RW-data=1924 ZI-data=34452  
FromELF: creating hex file...
"..\Output\JK_BTSET.axf" - 0 Error(s), 2 Warning(s).
Build target 'JK_BTSET'
compiling key.c...
..\Include\my_register.h(195): warning:  #1-D: last line of file ends without a newline
..\Include\beep.h(15): warning:  #1-D: last line of file ends without a newline
..\Include\my_register.h(195): warning:  #1-D: last line of file ends without a newline
..\Include\flash.h(37): warning:  #1-D: last line of file ends without a newline
..\Include\gpio.h(7): warning:  #1-D: last line of file ends without a newline
..\Include\my_register.h(195): warning:  #1-D: last line of file ends without a newline
..\Include\key.h(24): warning:  #1-D: last line of file ends without a newline
compiling MainTask.c...
..\Include\adc.h(17): warning:  #1-D: last line of file ends without a newline
..\Include\tim2.h(17): warning:  #1-D: last line of file ends without a newline
..\Include\my_register.h(195): warning:  #1-D: last line of file ends without a newline
..\Include\key.h(24): warning:  #1-D: last line of file ends without a newline
..\Include\beep.h(15): warning:  #1-D: last line of file ends without a newline
..\Include\my_register.h(195): warning:  #1-D: last line of file ends without a newline
..\Include\modbus.h(17): warning:  #1-D: last line of file ends without a newline
..\Include\my_register.h(195): warning:  #1-D: last line of file ends without a newline
..\Include\my_register.h(195): warning:  #1-D: last line of file ends without a newline
..\STemWinLibrary522\emWinTask\MainTask.c(43): warning:  #177-D: variable "ucKeyCode" was declared but never referenced
linking...
Program Size: Code=76444 RO-data=44972 RW-data=1924 ZI-data=34452  
FromELF: creating hex file...
"..\Output\JK_BTSET.axf" - 0 Error(s), 17 Warning(s).
Build target 'JK_BTSET'
compiling key.c...
..\Include\my_register.h(195): warning:  #1-D: last line of file ends without a newline
..\Include\beep.h(15): warning:  #1-D: last line of file ends without a newline
..\Include\my_register.h(195): warning:  #1-D: last line of file ends without a newline
..\Include\flash.h(37): warning:  #1-D: last line of file ends without a newline
..\Include\gpio.h(7): warning:  #1-D: last line of file ends without a newline
..\Include\my_register.h(195): warning:  #1-D: last line of file ends without a newline
..\Include\key.h(24): warning:  #1-D: last line of file ends without a newline
linking...
Program Size: Code=76444 RO-data=44972 RW-data=1924 ZI-data=34452  
FromELF: creating hex file...
"..\Output\JK_BTSET.axf" - 0 Error(s), 7 Warning(s).
Build target 'JK_BTSET'
compiling key.c...
..\Include\my_register.h(195): warning:  #1-D: last line of file ends without a newline
..\Include\beep.h(15): warning:  #1-D: last line of file ends without a newline
..\Include\my_register.h(195): warning:  #1-D: last line of file ends without a newline
..\Include\flash.h(37): warning:  #1-D: last line of file ends without a newline
..\Include\gpio.h(7): warning:  #1-D: last line of file ends without a newline
..\Include\my_register.h(195): warning:  #1-D: last line of file ends without a newline
..\Include\key.h(24): warning:  #1-D: last line of file ends without a newline
..\drive\key.c(73): error:  #20: identifier "face_r" is undefined
Target not created
Build target 'JK_BTSET'
compiling key.c...
..\Include\my_register.h(195): warning:  #1-D: last line of file ends without a newline
..\Include\beep.h(15): warning:  #1-D: last line of file ends without a newline
..\Include\my_register.h(195): warning:  #1-D: last line of file ends without a newline
..\Include\flash.h(37): warning:  #1-D: last line of file ends without a newline
..\Include\gpio.h(7): warning:  #1-D: last line of file ends without a newline
..\Include\my_register.h(195): warning:  #1-D: last line of file ends without a newline
..\Include\key.h(24): warning:  #1-D: last line of file ends without a newline
linking...
Program Size: Code=76444 RO-data=44972 RW-data=1924 ZI-data=34452  
FromELF: creating hex file...
"..\Output\JK_BTSET.axf" - 0 Error(s), 7 Warning(s).
Build target 'JK_BTSET'
linking...
Program Size: Code=76444 RO-data=44972 RW-data=1924 ZI-data=34452  
FromELF: creating hex file...
"..\Output\JK_BTSET.axf" - 0 Error(s), 0 Warning(s).
Build target 'JK_BTSET'
linking...
Program Size: Code=76444 RO-data=44972 RW-data=1924 ZI-data=34452  
FromELF: creating hex file...
"..\Output\JK_BTSET.axf" - 0 Error(s), 0 Warning(s).
Build target 'JK_BTSET'
linking...
Program Size: Code=76444 RO-data=44972 RW-data=1924 ZI-data=34452  
FromELF: creating hex file...
"..\Output\JK_BTSET.axf" - 0 Error(s), 0 Warning(s).
Build target 'JK_BTSET'
linking...
Program Size: Code=76444 RO-data=44972 RW-data=1924 ZI-data=34452  
FromELF: creating hex file...
"..\Output\JK_BTSET.axf" - 0 Error(s), 0 Warning(s).
Build target 'JK_BTSET'
linking...
Program Size: Code=76444 RO-data=44972 RW-data=1924 ZI-data=34452  
FromELF: creating hex file...
"..\Output\JK_BTSET.axf" - 0 Error(s), 0 Warning(s).
Load "..\\Output\\JK_BTSET.AXF" 
* JLink Info: Device "STM32F407VE" selected (512 KB flash, 128 KB RAM).
Set JLink Project File to "D:\5530原版\Project\JLinkSettings.ini"
 
JLink info:
------------
DLL: V4.40c, compiled Jan 24 2012 09:30:33
Firmware: J-Link V9 compiled Apr 20 2018 16:47:26
Hardware: V9.40
S/N : 59401576 
Feature(s) : RDI, GDB, FlashDL, FlashBP, JFlash 
 
* JLink Info: Found SWD-DP with ID 0x2BA01477
* JLink Info: TPIU fitted.
* JLink Info: ETM fitted.
* JLink Info:   FPUnit: 6 code (BP) slots and 2 literal slots
* JLink Info: Found Cortex-M4 r0p1, Little endian.
ROMTableAddr = 0xE00FF003
* JLink Info: Found SWD-DP with ID 0x2BA01477
* JLink Info: TPIU fitted.
* JLink Info: ETM fitted.
* JLink Info:   FPUnit: 6 code (BP) slots and 2 literal slots
* JLink Info: Found Cortex-M4 r0p1, Little endian.
 
Target info:
------------
Device: STM32F407VE
VTarget = 3.280V
State of Pins: 
TCK: 0, TDI: 0, TDO: 0, TMS: 1, TRES: 1, TRST: 1
Hardware-Breakpoints: 6
Software-Breakpoints: 8192
Watchpoints:          4
JTAG speed: 3000 kHz
 
Erase Done.
Programming Done.
Verify OK.
Build target 'JK_BTSET'
compiling key.c...
..\Include\my_register.h(195): warning:  #1-D: last line of file ends without a newline
..\Include\beep.h(15): warning:  #1-D: last line of file ends without a newline
..\Include\my_register.h(195): warning:  #1-D: last line of file ends without a newline
..\Include\flash.h(37): warning:  #1-D: last line of file ends without a newline
..\Include\gpio.h(7): warning:  #1-D: last line of file ends without a newline
..\Include\my_register.h(195): warning:  #1-D: last line of file ends without a newline
..\Include\key.h(24): warning:  #1-D: last line of file ends without a newline
..\drive\key.c(327): warning:  #223-D: function "LCD_Initializtion" declared implicitly
linking...
Program Size: Code=76452 RO-data=44972 RW-data=1924 ZI-data=34452  
FromELF: creating hex file...
"..\Output\JK_BTSET.axf" - 0 Error(s), 8 Warning(s).
Load "..\\Output\\JK_BTSET.AXF" 
* JLink Info: Device "STM32F407VE" selected (512 KB flash, 128 KB RAM).
Set JLink Project File to "D:\5530原版\Project\JLinkSettings.ini"
 
JLink info:
------------
DLL: V4.40c, compiled Jan 24 2012 09:30:33
Firmware: J-Link V9 compiled Apr 20 2018 16:47:26
Hardware: V9.40
S/N : 59401576 
Feature(s) : RDI, GDB, FlashDL, FlashBP, JFlash 
 
* JLink Info: Found SWD-DP with ID 0x2BA01477
* JLink Info: TPIU fitted.
* JLink Info: ETM fitted.
* JLink Info:   FPUnit: 6 code (BP) slots and 2 literal slots
* JLink Info: Found Cortex-M4 r0p1, Little endian.
ROMTableAddr = 0xE00FF003
* JLink Info: Found SWD-DP with ID 0x2BA01477
* JLink Info: TPIU fitted.
* JLink Info: ETM fitted.
* JLink Info:   FPUnit: 6 code (BP) slots and 2 literal slots
* JLink Info: Found Cortex-M4 r0p1, Little endian.
 
Target info:
------------
Device: STM32F407VE
VTarget = 3.283V
State of Pins: 
TCK: 0, TDI: 0, TDO: 0, TMS: 1, TRES: 1, TRST: 1
Hardware-Breakpoints: 6
Software-Breakpoints: 8192
Watchpoints:          4
JTAG speed: 3000 kHz
 
Erase Done.
Programming Done.
Verify OK.
Build target 'JK_BTSET'
compiling key.c...
..\Include\my_register.h(195): warning:  #1-D: last line of file ends without a newline
..\Include\beep.h(15): warning:  #1-D: last line of file ends without a newline
..\Include\my_register.h(195): warning:  #1-D: last line of file ends without a newline
..\Include\flash.h(37): warning:  #1-D: last line of file ends without a newline
..\Include\gpio.h(7): warning:  #1-D: last line of file ends without a newline
..\Include\my_register.h(195): warning:  #1-D: last line of file ends without a newline
..\Include\key.h(24): warning:  #1-D: last line of file ends without a newline
..\drive\key.c(327): warning:  #223-D: function "LCD_Initializtion" declared implicitly
linking...
Program Size: Code=76580 RO-data=44972 RW-data=1924 ZI-data=34452  
FromELF: creating hex file...
"..\Output\JK_BTSET.axf" - 0 Error(s), 8 Warning(s).
Load "..\\Output\\JK_BTSET.AXF" 
* JLink Info: Device "STM32F407VE" selected (512 KB flash, 128 KB RAM).
Set JLink Project File to "D:\5530原版\Project\JLinkSettings.ini"
 
JLink info:
------------
DLL: V4.40c, compiled Jan 24 2012 09:30:33
Firmware: J-Link V9 compiled Apr 20 2018 16:47:26
Hardware: V9.40
S/N : 59401576 
Feature(s) : RDI, GDB, FlashDL, FlashBP, JFlash 
 
* JLink Info: Found SWD-DP with ID 0x2BA01477
* JLink Info: TPIU fitted.
* JLink Info: ETM fitted.
* JLink Info:   FPUnit: 6 code (BP) slots and 2 literal slots
* JLink Info: Found Cortex-M4 r0p1, Little endian.
ROMTableAddr = 0xE00FF003
* JLink Info: Found SWD-DP with ID 0x2BA01477
* JLink Info: TPIU fitted.
* JLink Info: ETM fitted.
* JLink Info:   FPUnit: 6 code (BP) slots and 2 literal slots
* JLink Info: Found Cortex-M4 r0p1, Little endian.
 
Target info:
------------
Device: STM32F407VE
VTarget = 3.277V
State of Pins: 
TCK: 0, TDI: 0, TDO: 0, TMS: 1, TRES: 1, TRST: 1
Hardware-Breakpoints: 6
Software-Breakpoints: 8192
Watchpoints:          4
JTAG speed: 3000 kHz
 
Erase Done.
Programming Done.
Verify OK.
Build target 'JK_BTSET'
compiling STARTER.c...
..\Include\my_register.h(195): warning:  #1-D: last line of file ends without a newline
D:\外发资料\电池综合测试仪 2.1\APP\STARTER.c(98): warning:  #223-D: function "CreateR" declared implicitly
linking...
Program Size: Code=76580 RO-data=44972 RW-data=1924 ZI-data=34452  
FromELF: creating hex file...
"..\Output\JK_BTSET.axf" - 0 Error(s), 2 Warning(s).
Build target 'JK_BTSET'
compiling STARTER.c...
..\Include\my_register.h(195): warning:  #1-D: last line of file ends without a newline
D:\外发资料\电池综合测试仪 2.1\APP\STARTER.c(98): warning:  #223-D: function "CreateR" declared implicitly
linking...
Program Size: Code=76580 RO-data=44972 RW-data=1924 ZI-data=34452  
FromELF: creating hex file...
"..\Output\JK_BTSET.axf" - 0 Error(s), 2 Warning(s).
Build target 'JK_BTSET'
compiling system_stm32f4xx.c...
compiling misc.c...
compiling stm32f4xx_adc.c...
compiling stm32f4xx_can.c...
compiling stm32f4xx_crc.c...
compiling stm32f4xx_cryp.c...
compiling stm32f4xx_cryp_aes.c...
compiling stm32f4xx_cryp_des.c...
compiling stm32f4xx_cryp_tdes.c...
compiling stm32f4xx_dac.c...
compiling stm32f4xx_dbgmcu.c...
compiling stm32f4xx_dcmi.c...
compiling stm32f4xx_dma.c...
compiling stm32f4xx_dma2d.c...
compiling stm32f4xx_exti.c...
compiling stm32f4xx_flash.c...
compiling stm32f4xx_flash_ramfunc.c...
compiling stm32f4xx_fsmc.c...
compiling stm32f4xx_gpio.c...
compiling stm32f4xx_hash.c...
compiling stm32f4xx_hash_md5.c...
compiling stm32f4xx_hash_sha1.c...
compiling stm32f4xx_i2c.c...
compiling stm32f4xx_iwdg.c...
compiling stm32f4xx_ltdc.c...
compiling stm32f4xx_pwr.c...
compiling stm32f4xx_rcc.c...
compiling stm32f4xx_rng.c...
compiling stm32f4xx_rtc.c...
compiling stm32f4xx_sai.c...
compiling stm32f4xx_sdio.c...
compiling stm32f4xx_spi.c...
compiling stm32f4xx_syscfg.c...
compiling stm32f4xx_tim.c...
compiling stm32f4xx_usart.c...
compiling stm32f4xx_wwdg.c...
compiling main.c...
..\Include\my_register.h(195): warning:  #1-D: last line of file ends without a newline
..\Include\clock.h(17): warning:  #1-D: last line of file ends without a newline
..\Include\tim6.h(16): warning:  #1-D: last line of file ends without a newline
..\Include\tim1.h(15): warning:  #1-D: last line of file ends without a newline
..\Include\tim2.h(17): warning:  #1-D: last line of file ends without a newline
..\Include\adc.h(17): warning:  #1-D: last line of file ends without a newline
..\Include\gpio.h(7): warning:  #1-D: last line of file ends without a newline
..\Include\my_register.h(195): warning:  #1-D: last line of file ends without a newline
..\Include\usart.h(18): warning:  #1-D: last line of file ends without a newline
..\Include\my_register.h(195): warning:  #1-D: last line of file ends without a newline
..\Include\iwdg.h(17): warning:  #1-D: last line of file ends without a newline
..\Include\my_register.h(195): warning:  #1-D: last line of file ends without a newline
..\Include\my_register.h(195): warning:  #1-D: last line of file ends without a newline
..\Include\flash.h(37): warning:  #1-D: last line of file ends without a newline
..\Include\my_register.h(195): warning:  #1-D: last line of file ends without a newline
compiling stm32f4xx_it.c...
..\Include\my_register.h(195): warning:  #1-D: last line of file ends without a newline
compiling adc.c...
..\Include\adc.h(17): warning:  #1-D: last line of file ends without a newline
..\Include\my_register.h(195): warning:  #1-D: last line of file ends without a newline
..\drive\adc.c(304): warning:  #1-D: last line of file ends without a newline
compiling AT24C01.c...
..\Include\my_register.h(195): warning:  #1-D: last line of file ends without a newline
..\Include\my_register.h(195): warning:  #1-D: last line of file ends without a newline
..\Include\my_register.h(195): warning:  #1-D: last line of file ends without a newline
..\drive\AT24C01.c(345): warning:  #177-D: function "ee_Delay" was declared but never referenced
compiling BEEP.c...
..\Include\my_register.h(195): warning:  #1-D: last line of file ends without a newline
..\drive\BEEP.c(60): warning:  #1-D: last line of file ends without a newline
compiling bsp_SysTick.c...
..\Include\my_register.h(195): warning:  #1-D: last line of file ends without a newline
..\Include\my_register.h(195): warning:  #1-D: last line of file ends without a newline
compiling DAC.c...
compiling flash.c...
..\Include\my_register.h(195): warning:  #1-D: last line of file ends without a newline
..\Include\my_register.h(195): warning:  #1-D: last line of file ends without a newline
..\drive\flash.c(333): warning:  #1-D: last line of file ends without a newline
compiling GPIO.c...
..\Include\gpio.h(7): warning:  #1-D: last line of file ends without a newline
..\Include\my_register.h(195): warning:  #1-D: last line of file ends without a newline
..\drive\GPIO.c(59): warning:  #1-D: last line of file ends without a newline
compiling IIC_24C01.c...
..\Include\my_register.h(195): warning:  #1-D: last line of file ends without a newline
..\Include\my_register.h(195): warning:  #1-D: last line of file ends without a newline
compiling iwdg.c...
compiling key.c...
..\Include\my_register.h(195): warning:  #1-D: last line of file ends without a newline
..\Include\beep.h(15): warning:  #1-D: last line of file ends without a newline
..\Include\my_register.h(195): warning:  #1-D: last line of file ends without a newline
..\Include\flash.h(37): warning:  #1-D: last line of file ends without a newline
..\Include\gpio.h(7): warning:  #1-D: last line of file ends without a newline
..\Include\my_register.h(195): warning:  #1-D: last line of file ends without a newline
..\Include\key.h(24): warning:  #1-D: last line of file ends without a newline
..\drive\key.c(327): warning:  #223-D: function "LCD_Initializtion" declared implicitly
compiling modbus.c...
..\Include\my_register.h(195): warning:  #1-D: last line of file ends without a newline
..\Include\usart.h(18): warning:  #1-D: last line of file ends without a newline
..\Include\modbus.h(17): warning:  #1-D: last line of file ends without a newline
..\Include\my_register.h(195): warning:  #1-D: last line of file ends without a newline
..\Include\flash.h(37): warning:  #1-D: last line of file ends without a newline
..\drive\modbus.c(325): warning:  #1-D: last line of file ends without a newline
compiling ssd1963.c...
..\Include\my_register.h(195): warning:  #1-D: last line of file ends without a newline
..\Include\my_register.h(195): warning:  #1-D: last line of file ends without a newline
..\drive\ssd1963.c(168): warning:  #550-D: variable "FSMC_NORSRAMTimingInitStructure" was set but never used
compiling TIM1.c...
..\Include\my_register.h(195): warning:  #1-D: last line of file ends without a newline
..\drive\TIM1.c(75): warning:  #1-D: last line of file ends without a newline
compiling TIM2.c...
..\Include\my_register.h(195): warning:  #1-D: last line of file ends without a newline
..\drive\TIM2.c(103): warning:  #1-D: last line of file ends without a newline
compiling TIM6.c...
..\Include\my_register.h(195): warning:  #1-D: last line of file ends without a newline
..\Include\tim6.h(16): warning:  #1-D: last line of file ends without a newline
..\drive\TIM6.c(52): warning:  #1-D: last line of file ends without a newline
compiling usart.c...
..\Include\my_register.h(195): warning:  #1-D: last line of file ends without a newline
compiling TM1650.c...
..\Include\my_register.h(195): warning:  #1-D: last line of file ends without a newline
..\Include\my_register.h(195): warning:  #1-D: last line of file ends without a newline
..\drive\TM1650.c(242): warning:  #1-D: last line of file ends without a newline
compiling clock.c...
..\Include\my_register.h(195): warning:  #1-D: last line of file ends without a newline
compiling GUI_X.c...
compiling GUIConf.c...
compiling GUIDRV_Template.c...
..\Include\my_register.h(195): warning:  #1-D: last line of file ends without a newline
..\STemWinLibrary522\Config\GUIDRV_Template.c(264): warning:  #177-D: variable "xPhys" was declared but never referenced
..\STemWinLibrary522\Config\GUIDRV_Template.c(264): warning:  #177-D: variable "yPhys" was declared but never referenced
..\STemWinLibrary522\Config\GUIDRV_Template.c(264): warning:  #177-D: variable "lphys" was declared but never referenced
compiling LCDConf_FlexColor_Template.c...
..\Include\my_register.h(195): warning:  #1-D: last line of file ends without a newline
compiling MainTask.c...
..\Include\adc.h(17): warning:  #1-D: last line of file ends without a newline
..\Include\tim2.h(17): warning:  #1-D: last line of file ends without a newline
..\Include\my_register.h(195): warning:  #1-D: last line of file ends without a newline
..\Include\key.h(24): warning:  #1-D: last line of file ends without a newline
..\Include\beep.h(15): warning:  #1-D: last line of file ends without a newline
..\Include\my_register.h(195): warning:  #1-D: last line of file ends without a newline
..\Include\modbus.h(17): warning:  #1-D: last line of file ends without a newline
..\Include\my_register.h(195): warning:  #1-D: last line of file ends without a newline
..\Include\my_register.h(195): warning:  #1-D: last line of file ends without a newline
..\STemWinLibrary522\emWinTask\MainTask.c(43): warning:  #177-D: variable "ucKeyCode" was declared but never referenced
compiling menu.c...
..\Include\my_register.h(195): warning:  #1-D: last line of file ends without a newline
..\APP\menu.c(262): warning:  #1-D: last line of file ends without a newline
compiling R_Face.c...
..\Include\my_register.h(195): warning:  #1-D: last line of file ends without a newline
compiling load_Face.c...
..\Include\my_register.h(195): warning:  #1-D: last line of file ends without a newline
..\APP\load_Face.c(265): warning:  #1-D: last line of file ends without a newline
compiling STARTER.c...
..\Include\my_register.h(195): warning:  #1-D: last line of file ends without a newline
D:\外发资料\电池综合测试仪 2.1\APP\STARTER.c(98): warning:  #223-D: function "CreateR" declared implicitly
compiling HZ16.c...
compiling HZ12.c...
compiling EN40.c...
compiling HZ20S.c...
compiling HZ32.c...
compiling set_font.c...
compiling symbol.c...
compiling usb_core.c...
compiling usb_hcd.c...
compiling usb_hcd_int.c...
compiling usbh_core.c...
compiling usbh_hcs.c...
compiling usbh_ioreq.c...
compiling usbh_stdreq.c...
compiling usbh_msc_bot.c...
compiling usbh_msc_core.c...
compiling usbh_msc_scsi.c...
compiling usb_bsp.c...
compiling usbh_usr.c...
..\USB\USB_APP\usbh_usr.c(19): warning:  #177-D: variable "AppState" was declared but never referenced
linking...
Program Size: Code=76580 RO-data=44972 RW-data=1924 ZI-data=34452  
FromELF: creating hex file...
"..\Output\JK_BTSET.axf" - 0 Error(s), 87 Warning(s).
Build target 'JK_BTSET'
compiling main.c...
compiling stm32f4xx_it.c...
compiling adc.c...
compiling AT24C01.c...
compiling BEEP.c...
compiling bsp_SysTick.c...
compiling flash.c...
compiling GPIO.c...
compiling IIC_24C01.c...
compiling key.c...
..\Include\key.h(24): warning:  #1-D: last line of file ends without a newline
..\drive\key.c(327): warning:  #223-D: function "LCD_Initializtion" declared implicitly
compiling modbus.c...
..\Include\modbus.h(17): warning:  #1-D: last line of file ends without a newline
..\drive\modbus.c(325): warning:  #1-D: last line of file ends without a newline
compiling ssd1963.c...
..\drive\ssd1963.c(168): warning:  #550-D: variable "FSMC_NORSRAMTimingInitStructure" was set but never used
compiling TIM1.c...
..\drive\TIM1.c(75): warning:  #1-D: last line of file ends without a newline
compiling TIM2.c...
..\drive\TIM2.c(103): warning:  #1-D: last line of file ends without a newline
compiling TIM6.c...
..\drive\TIM6.c(52): warning:  #1-D: last line of file ends without a newline
compiling usart.c...
compiling TM1650.c...
..\drive\TM1650.c(242): warning:  #1-D: last line of file ends without a newline
compiling clock.c...
compiling GUIDRV_Template.c...
..\STemWinLibrary522\Config\GUIDRV_Template.c(264): warning:  #177-D: variable "xPhys" was declared but never referenced
..\STemWinLibrary522\Config\GUIDRV_Template.c(264): warning:  #177-D: variable "yPhys" was declared but never referenced
..\STemWinLibrary522\Config\GUIDRV_Template.c(264): warning:  #177-D: variable "lphys" was declared but never referenced
compiling LCDConf_FlexColor_Template.c...
compiling MainTask.c...
..\Include\modbus.h(17): warning:  #1-D: last line of file ends without a newline
..\STemWinLibrary522\emWinTask\MainTask.c(43): warning:  #177-D: variable "ucKeyCode" was declared but never referenced
compiling menu.c...
..\APP\menu.c(262): warning:  #1-D: last line of file ends without a newline
compiling R_Face.c...
compiling load_Face.c...
..\APP\load_Face.c(265): warning:  #1-D: last line of file ends without a newline
compiling STARTER.c...
D:\外发资料\电池综合测试仪 2.1\APP\STARTER.c(98): warning:  #223-D: function "CreateR" declared implicitly
linking...
Program Size: Code=76580 RO-data=44972 RW-data=1924 ZI-data=34452  
FromELF: creating hex file...
"..\Output\JK_BTSET.axf" - 0 Error(s), 17 Warning(s).
Build target 'JK_BTSET'
compiling main.c...
compiling key.c...
..\drive\key.c(327): warning:  #223-D: function "LCD_Initializtion" declared implicitly
compiling MainTask.c...
..\Include\modbus.h(17): warning:  #1-D: last line of file ends without a newline
..\STemWinLibrary522\emWinTask\MainTask.c(43): warning:  #177-D: variable "ucKeyCode" was declared but never referenced
linking...
Program Size: Code=76452 RO-data=44972 RW-data=1924 ZI-data=34452  
FromELF: creating hex file...
"..\Output\JK_BTSET.axf" - 0 Error(s), 3 Warning(s).
Build target 'JK_BTSET'
compiling main.c...
compiling key.c...
linking...
Program Size: Code=76452 RO-data=44972 RW-data=1924 ZI-data=34452  
FromELF: creating hex file...
"..\Output\JK_BTSET.axf" - 0 Error(s), 0 Warning(s).
Rebuild target 'JK_BTSET'
assembling startup_stm32f40_41xxx.s...
compiling system_stm32f4xx.c...
compiling misc.c...
compiling stm32f4xx_adc.c...
compiling stm32f4xx_can.c...
compiling stm32f4xx_crc.c...
compiling stm32f4xx_cryp.c...
compiling stm32f4xx_cryp_aes.c...
compiling stm32f4xx_cryp_des.c...
compiling stm32f4xx_cryp_tdes.c...
compiling stm32f4xx_dac.c...
compiling stm32f4xx_dbgmcu.c...
compiling stm32f4xx_dcmi.c...
compiling stm32f4xx_dma.c...
compiling stm32f4xx_dma2d.c...
compiling stm32f4xx_exti.c...
compiling stm32f4xx_flash.c...
compiling stm32f4xx_flash_ramfunc.c...
compiling stm32f4xx_fsmc.c...
compiling stm32f4xx_gpio.c...
compiling stm32f4xx_hash.c...
compiling stm32f4xx_hash_md5.c...
compiling stm32f4xx_hash_sha1.c...
compiling stm32f4xx_i2c.c...
compiling stm32f4xx_iwdg.c...
compiling stm32f4xx_ltdc.c...
compiling stm32f4xx_pwr.c...
compiling stm32f4xx_rcc.c...
compiling stm32f4xx_rng.c...
compiling stm32f4xx_rtc.c...
compiling stm32f4xx_sai.c...
compiling stm32f4xx_sdio.c...
compiling stm32f4xx_spi.c...
compiling stm32f4xx_syscfg.c...
compiling stm32f4xx_tim.c...
compiling stm32f4xx_usart.c...
compiling stm32f4xx_wwdg.c...
compiling main.c...
compiling stm32f4xx_it.c...
compiling adc.c...
compiling AT24C01.c...
compiling BEEP.c...
compiling bsp_SysTick.c...
compiling DAC.c...
compiling flash.c...
compiling GPIO.c...
compiling IIC_24C01.c...
compiling iwdg.c...
compiling key.c...
compiling modbus.c...
..\Include\modbus.h(17): warning:  #1-D: last line of file ends without a newline
..\drive\modbus.c(325): warning:  #1-D: last line of file ends without a newline
compiling ssd1963.c...
..\drive\ssd1963.c(168): warning:  #550-D: variable "FSMC_NORSRAMTimingInitStructure" was set but never used
compiling TIM1.c...
..\drive\TIM1.c(75): warning:  #1-D: last line of file ends without a newline
compiling TIM2.c...
..\drive\TIM2.c(103): warning:  #1-D: last line of file ends without a newline
compiling TIM6.c...
..\drive\TIM6.c(52): warning:  #1-D: last line of file ends without a newline
compiling usart.c...
compiling TM1650.c...
..\drive\TM1650.c(242): warning:  #1-D: last line of file ends without a newline
compiling clock.c...
compiling GUI_X.c...
compiling GUIConf.c...
compiling GUIDRV_Template.c...
..\STemWinLibrary522\Config\GUIDRV_Template.c(264): warning:  #177-D: variable "xPhys" was declared but never referenced
..\STemWinLibrary522\Config\GUIDRV_Template.c(264): warning:  #177-D: variable "yPhys" was declared but never referenced
..\STemWinLibrary522\Config\GUIDRV_Template.c(264): warning:  #177-D: variable "lphys" was declared but never referenced
compiling LCDConf_FlexColor_Template.c...
compiling MainTask.c...
..\Include\modbus.h(17): warning:  #1-D: last line of file ends without a newline
..\STemWinLibrary522\emWinTask\MainTask.c(43): warning:  #177-D: variable "ucKeyCode" was declared but never referenced
compiling menu.c...
..\APP\menu.c(262): warning:  #1-D: last line of file ends without a newline
compiling R_Face.c...
compiling load_Face.c...
..\APP\load_Face.c(265): warning:  #1-D: last line of file ends without a newline
compiling STARTER.c...
D:\外发资料\电池综合测试仪 2.1\APP\STARTER.c(98): warning:  #223-D: function "CreateR" declared implicitly
compiling HZ16.c...
compiling HZ12.c...
compiling EN40.c...
compiling HZ20S.c...
compiling HZ32.c...
compiling set_font.c...
compiling symbol.c...
compiling usb_core.c...
compiling usb_hcd.c...
compiling usb_hcd_int.c...
compiling usbh_core.c...
compiling usbh_hcs.c...
compiling usbh_ioreq.c...
compiling usbh_stdreq.c...
compiling usbh_msc_bot.c...
compiling usbh_msc_core.c...
compiling usbh_msc_scsi.c...
compiling usb_bsp.c...
compiling usbh_usr.c...
..\USB\USB_APP\usbh_usr.c(19): warning:  #177-D: variable "AppState" was declared but never referenced
linking...
Program Size: Code=76452 RO-data=44972 RW-data=1924 ZI-data=34452  
FromELF: creating hex file...
"..\Output\JK_BTSET.axf" - 0 Error(s), 16 Warning(s).
Build target 'JK_BTSET'
compiling key.c...
compiling modbus.c...
compiling TIM1.c...
compiling TIM2.c...
compiling TIM6.c...
compiling TM1650.c...
compiling MainTask.c...
compiling menu.c...
compiling load_Face.c...
linking...
Program Size: Code=76452 RO-data=44972 RW-data=1912 ZI-data=34448  
FromELF: creating hex file...
"..\Output\JK_BTSET.axf" - 0 Error(s), 0 Warning(s).
Build target 'JK_BTSET'
compiling BEEP.c...
linking...
Program Size: Code=76452 RO-data=44972 RW-data=1912 ZI-data=34448  
FromELF: creating hex file...
"..\Output\JK_BTSET.axf" - 0 Error(s), 0 Warning(s).
Build target 'JK_BTSET'
compiling main.c...
..\Include\my_register.h(134): error:  #20: identifier "GUI_CONST_STORAGE" is undefined
..\Include\my_register.h(134): error:  #65: expected a ";"
..\Include\my_register.h(135): error:  #20: identifier "GUI_CONST_STORAGE" is undefined
..\Include\my_register.h(135): error:  #65: expected a ";"
..\Include\my_register.h(136): error:  #20: identifier "GUI_CONST_STORAGE" is undefined
..\Include\my_register.h(136): error:  #65: expected a ";"
..\Include\my_register.h(137): error:  #20: identifier "GUI_CONST_STORAGE" is undefined
..\Include\my_register.h(137): error:  #65: expected a ";"
..\Include\my_register.h(138): error:  #20: identifier "GUI_CONST_STORAGE" is undefined
..\Include\my_register.h(138): error:  #65: expected a ";"
..\Include\my_register.h(139): error:  #20: identifier "GUI_CONST_STORAGE" is undefined
..\Include\my_register.h(139): error:  #65: expected a ";"
..\Include\my_register.h(140): error:  #20: identifier "GUI_CONST_STORAGE" is undefined
..\Include\my_register.h(140): error:  #65: expected a ";"
..\STemWinLibrary522\inc\GUI_Type.h(287): error:  #101: "GUI_FONT" has already been declared in the current scope
compiling stm32f4xx_it.c...
..\Include\my_register.h(134): error:  #20: identifier "GUI_CONST_STORAGE" is undefined
..\Include\my_register.h(134): error:  #65: expected a ";"
..\Include\my_register.h(135): error:  #20: identifier "GUI_CONST_STORAGE" is undefined
..\Include\my_register.h(135): error:  #65: expected a ";"
..\Include\my_register.h(136): error:  #20: identifier "GUI_CONST_STORAGE" is undefined
..\Include\my_register.h(136): error:  #65: expected a ";"
..\Include\my_register.h(137): error:  #20: identifier "GUI_CONST_STORAGE" is undefined
..\Include\my_register.h(137): error:  #65: expected a ";"
..\Include\my_register.h(138): error:  #20: identifier "GUI_CONST_STORAGE" is undefined
..\Include\my_register.h(138): error:  #65: expected a ";"
..\Include\my_register.h(139): error:  #20: identifier "GUI_CONST_STORAGE" is undefined
..\Include\my_register.h(139): error:  #65: expected a ";"
..\Include\my_register.h(140): error:  #20: identifier "GUI_CONST_STORAGE" is undefined
..\Include\my_register.h(140): error:  #65: expected a ";"
compiling adc.c...
..\Include\my_register.h(134): error:  #20: identifier "GUI_CONST_STORAGE" is undefined
..\Include\my_register.h(134): error:  #65: expected a ";"
..\Include\my_register.h(135): error:  #20: identifier "GUI_CONST_STORAGE" is undefined
..\Include\my_register.h(135): error:  #65: expected a ";"
..\Include\my_register.h(136): error:  #20: identifier "GUI_CONST_STORAGE" is undefined
..\Include\my_register.h(136): error:  #65: expected a ";"
..\Include\my_register.h(137): error:  #20: identifier "GUI_CONST_STORAGE" is undefined
..\Include\my_register.h(137): error:  #65: expected a ";"
..\Include\my_register.h(138): error:  #20: identifier "GUI_CONST_STORAGE" is undefined
..\Include\my_register.h(138): error:  #65: expected a ";"
..\Include\my_register.h(139): error:  #20: identifier "GUI_CONST_STORAGE" is undefined
..\Include\my_register.h(139): error:  #65: expected a ";"
..\Include\my_register.h(140): error:  #20: identifier "GUI_CONST_STORAGE" is undefined
..\Include\my_register.h(140): error:  #65: expected a ";"
compiling AT24C01.c...
..\Include\my_register.h(134): error:  #20: identifier "GUI_CONST_STORAGE" is undefined
..\Include\my_register.h(134): error:  #65: expected a ";"
..\Include\my_register.h(135): error:  #20: identifier "GUI_CONST_STORAGE" is undefined
..\Include\my_register.h(135): error:  #65: expected a ";"
..\Include\my_register.h(136): error:  #20: identifier "GUI_CONST_STORAGE" is undefined
..\Include\my_register.h(136): error:  #65: expected a ";"
..\Include\my_register.h(137): error:  #20: identifier "GUI_CONST_STORAGE" is undefined
..\Include\my_register.h(137): error:  #65: expected a ";"
..\Include\my_register.h(138): error:  #20: identifier "GUI_CONST_STORAGE" is undefined
..\Include\my_register.h(138): error:  #65: expected a ";"
..\Include\my_register.h(139): error:  #20: identifier "GUI_CONST_STORAGE" is undefined
..\Include\my_register.h(139): error:  #65: expected a ";"
..\Include\my_register.h(140): error:  #20: identifier "GUI_CONST_STORAGE" is undefined
..\Include\my_register.h(140): error:  #65: expected a ";"
compiling BEEP.c...
..\Include\my_register.h(134): error:  #20: identifier "GUI_CONST_STORAGE" is undefined
..\Include\my_register.h(134): error:  #65: expected a ";"
..\Include\my_register.h(135): error:  #20: identifier "GUI_CONST_STORAGE" is undefined
..\Include\my_register.h(135): error:  #65: expected a ";"
..\Include\my_register.h(136): error:  #20: identifier "GUI_CONST_STORAGE" is undefined
..\Include\my_register.h(136): error:  #65: expected a ";"
..\Include\my_register.h(137): error:  #20: identifier "GUI_CONST_STORAGE" is undefined
..\Include\my_register.h(137): error:  #65: expected a ";"
..\Include\my_register.h(138): error:  #20: identifier "GUI_CONST_STORAGE" is undefined
..\Include\my_register.h(138): error:  #65: expected a ";"
..\Include\my_register.h(139): error:  #20: identifier "GUI_CONST_STORAGE" is undefined
..\Include\my_register.h(139): error:  #65: expected a ";"
..\Include\my_register.h(140): error:  #20: identifier "GUI_CONST_STORAGE" is undefined
..\Include\my_register.h(140): error:  #65: expected a ";"
compiling bsp_SysTick.c...
..\Include\my_register.h(134): error:  #20: identifier "GUI_CONST_STORAGE" is undefined
..\Include\my_register.h(134): error:  #65: expected a ";"
..\Include\my_register.h(135): error:  #20: identifier "GUI_CONST_STORAGE" is undefined
..\Include\my_register.h(135): error:  #65: expected a ";"
..\Include\my_register.h(136): error:  #20: identifier "GUI_CONST_STORAGE" is undefined
..\Include\my_register.h(136): error:  #65: expected a ";"
..\Include\my_register.h(137): error:  #20: identifier "GUI_CONST_STORAGE" is undefined
..\Include\my_register.h(137): error:  #65: expected a ";"
..\Include\my_register.h(138): error:  #20: identifier "GUI_CONST_STORAGE" is undefined
..\Include\my_register.h(138): error:  #65: expected a ";"
..\Include\my_register.h(139): error:  #20: identifier "GUI_CONST_STORAGE" is undefined
..\Include\my_register.h(139): error:  #65: expected a ";"
..\Include\my_register.h(140): error:  #20: identifier "GUI_CONST_STORAGE" is undefined
..\Include\my_register.h(140): error:  #65: expected a ";"
compiling flash.c...
..\Include\my_register.h(134): error:  #20: identifier "GUI_CONST_STORAGE" is undefined
..\Include\my_register.h(134): error:  #65: expected a ";"
..\Include\my_register.h(135): error:  #20: identifier "GUI_CONST_STORAGE" is undefined
..\Include\my_register.h(135): error:  #65: expected a ";"
..\Include\my_register.h(136): error:  #20: identifier "GUI_CONST_STORAGE" is undefined
..\Include\my_register.h(136): error:  #65: expected a ";"
..\Include\my_register.h(137): error:  #20: identifier "GUI_CONST_STORAGE" is undefined
..\Include\my_register.h(137): error:  #65: expected a ";"
..\Include\my_register.h(138): error:  #20: identifier "GUI_CONST_STORAGE" is undefined
..\Include\my_register.h(138): error:  #65: expected a ";"
..\Include\my_register.h(139): error:  #20: identifier "GUI_CONST_STORAGE" is undefined
..\Include\my_register.h(139): error:  #65: expected a ";"
..\Include\my_register.h(140): error:  #20: identifier "GUI_CONST_STORAGE" is undefined
..\Include\my_register.h(140): error:  #65: expected a ";"
compiling GPIO.c...
..\Include\my_register.h(134): error:  #20: identifier "GUI_CONST_STORAGE" is undefined
..\Include\my_register.h(134): error:  #65: expected a ";"
..\Include\my_register.h(135): error:  #20: identifier "GUI_CONST_STORAGE" is undefined
..\Include\my_register.h(135): error:  #65: expected a ";"
..\Include\my_register.h(136): error:  #20: identifier "GUI_CONST_STORAGE" is undefined
..\Include\my_register.h(136): error:  #65: expected a ";"
..\Include\my_register.h(137): error:  #20: identifier "GUI_CONST_STORAGE" is undefined
..\Include\my_register.h(137): error:  #65: expected a ";"
..\Include\my_register.h(138): error:  #20: identifier "GUI_CONST_STORAGE" is undefined
..\Include\my_register.h(138): error:  #65: expected a ";"
..\Include\my_register.h(139): error:  #20: identifier "GUI_CONST_STORAGE" is undefined
..\Include\my_register.h(139): error:  #65: expected a ";"
..\Include\my_register.h(140): error:  #20: identifier "GUI_CONST_STORAGE" is undefined
..\Include\my_register.h(140): error:  #65: expected a ";"
compiling IIC_24C01.c...
..\Include\my_register.h(134): error:  #20: identifier "GUI_CONST_STORAGE" is undefined
..\Include\my_register.h(134): error:  #65: expected a ";"
..\Include\my_register.h(135): error:  #20: identifier "GUI_CONST_STORAGE" is undefined
..\Include\my_register.h(135): error:  #65: expected a ";"
..\Include\my_register.h(136): error:  #20: identifier "GUI_CONST_STORAGE" is undefined
..\Include\my_register.h(136): error:  #65: expected a ";"
..\Include\my_register.h(137): error:  #20: identifier "GUI_CONST_STORAGE" is undefined
..\Include\my_register.h(137): error:  #65: expected a ";"
..\Include\my_register.h(138): error:  #20: identifier "GUI_CONST_STORAGE" is undefined
..\Include\my_register.h(138): error:  #65: expected a ";"
..\Include\my_register.h(139): error:  #20: identifier "GUI_CONST_STORAGE" is undefined
..\Include\my_register.h(139): error:  #65: expected a ";"
..\Include\my_register.h(140): error:  #20: identifier "GUI_CONST_STORAGE" is undefined
..\Include\my_register.h(140): error:  #65: expected a ";"
compiling key.c...
..\Include\my_register.h(134): error:  #20: identifier "GUI_CONST_STORAGE" is undefined
..\Include\my_register.h(134): error:  #65: expected a ";"
..\Include\my_register.h(135): error:  #20: identifier "GUI_CONST_STORAGE" is undefined
..\Include\my_register.h(135): error:  #65: expected a ";"
..\Include\my_register.h(136): error:  #20: identifier "GUI_CONST_STORAGE" is undefined
..\Include\my_register.h(136): error:  #65: expected a ";"
..\Include\my_register.h(137): error:  #20: identifier "GUI_CONST_STORAGE" is undefined
..\Include\my_register.h(137): error:  #65: expected a ";"
..\Include\my_register.h(138): error:  #20: identifier "GUI_CONST_STORAGE" is undefined
..\Include\my_register.h(138): error:  #65: expected a ";"
..\Include\my_register.h(139): error:  #20: identifier "GUI_CONST_STORAGE" is undefined
..\Include\my_register.h(139): error:  #65: expected a ";"
..\Include\my_register.h(140): error:  #20: identifier "GUI_CONST_STORAGE" is undefined
..\Include\my_register.h(140): error:  #65: expected a ";"
..\STemWinLibrary522\inc\GUI_Type.h(287): error:  #101: "GUI_FONT" has already been declared in the current scope
compiling modbus.c...
..\Include\my_register.h(134): error:  #20: identifier "GUI_CONST_STORAGE" is undefined
..\Include\my_register.h(134): error:  #65: expected a ";"
..\Include\my_register.h(135): error:  #20: identifier "GUI_CONST_STORAGE" is undefined
..\Include\my_register.h(135): error:  #65: expected a ";"
..\Include\my_register.h(136): error:  #20: identifier "GUI_CONST_STORAGE" is undefined
..\Include\my_register.h(136): error:  #65: expected a ";"
..\Include\my_register.h(137): error:  #20: identifier "GUI_CONST_STORAGE" is undefined
..\Include\my_register.h(137): error:  #65: expected a ";"
..\Include\my_register.h(138): error:  #20: identifier "GUI_CONST_STORAGE" is undefined
..\Include\my_register.h(138): error:  #65: expected a ";"
..\Include\my_register.h(139): error:  #20: identifier "GUI_CONST_STORAGE" is undefined
..\Include\my_register.h(139): error:  #65: expected a ";"
..\Include\my_register.h(140): error:  #20: identifier "GUI_CONST_STORAGE" is undefined
..\Include\my_register.h(140): error:  #65: expected a ";"
compiling ssd1963.c...
..\Include\my_register.h(134): error:  #20: identifier "GUI_CONST_STORAGE" is undefined
..\Include\my_register.h(134): error:  #65: expected a ";"
..\Include\my_register.h(135): error:  #20: identifier "GUI_CONST_STORAGE" is undefined
..\Include\my_register.h(135): error:  #65: expected a ";"
..\Include\my_register.h(136): error:  #20: identifier "GUI_CONST_STORAGE" is undefined
..\Include\my_register.h(136): error:  #65: expected a ";"
..\Include\my_register.h(137): error:  #20: identifier "GUI_CONST_STORAGE" is undefined
..\Include\my_register.h(137): error:  #65: expected a ";"
..\Include\my_register.h(138): error:  #20: identifier "GUI_CONST_STORAGE" is undefined
..\Include\my_register.h(138): error:  #65: expected a ";"
..\Include\my_register.h(139): error:  #20: identifier "GUI_CONST_STORAGE" is undefined
..\Include\my_register.h(139): error:  #65: expected a ";"
..\Include\my_register.h(140): error:  #20: identifier "GUI_CONST_STORAGE" is undefined
..\Include\my_register.h(140): error:  #65: expected a ";"
..\drive\ssd1963.c(168): warning:  #550-D: variable "FSMC_NORSRAMTimingInitStructure" was set but never used
compiling TIM1.c...
..\Include\my_register.h(134): error:  #20: identifier "GUI_CONST_STORAGE" is undefined
..\Include\my_register.h(134): error:  #65: expected a ";"
..\Include\my_register.h(135): error:  #20: identifier "GUI_CONST_STORAGE" is undefined
..\Include\my_register.h(135): error:  #65: expected a ";"
..\Include\my_register.h(136): error:  #20: identifier "GUI_CONST_STORAGE" is undefined
..\Include\my_register.h(136): error:  #65: expected a ";"
..\Include\my_register.h(137): error:  #20: identifier "GUI_CONST_STORAGE" is undefined
..\Include\my_register.h(137): error:  #65: expected a ";"
..\Include\my_register.h(138): error:  #20: identifier "GUI_CONST_STORAGE" is undefined
..\Include\my_register.h(138): error:  #65: expected a ";"
..\Include\my_register.h(139): error:  #20: identifier "GUI_CONST_STORAGE" is undefined
..\Include\my_register.h(139): error:  #65: expected a ";"
..\Include\my_register.h(140): error:  #20: identifier "GUI_CONST_STORAGE" is undefined
..\Include\my_register.h(140): error:  #65: expected a ";"
compiling TIM2.c...
..\Include\my_register.h(134): error:  #20: identifier "GUI_CONST_STORAGE" is undefined
..\Include\my_register.h(134): error:  #65: expected a ";"
..\Include\my_register.h(135): error:  #20: identifier "GUI_CONST_STORAGE" is undefined
..\Include\my_register.h(135): error:  #65: expected a ";"
..\Include\my_register.h(136): error:  #20: identifier "GUI_CONST_STORAGE" is undefined
..\Include\my_register.h(136): error:  #65: expected a ";"
..\Include\my_register.h(137): error:  #20: identifier "GUI_CONST_STORAGE" is undefined
..\Include\my_register.h(137): error:  #65: expected a ";"
..\Include\my_register.h(138): error:  #20: identifier "GUI_CONST_STORAGE" is undefined
..\Include\my_register.h(138): error:  #65: expected a ";"
..\Include\my_register.h(139): error:  #20: identifier "GUI_CONST_STORAGE" is undefined
..\Include\my_register.h(139): error:  #65: expected a ";"
..\Include\my_register.h(140): error:  #20: identifier "GUI_CONST_STORAGE" is undefined
..\Include\my_register.h(140): error:  #65: expected a ";"
compiling TIM6.c...
..\Include\my_register.h(134): error:  #20: identifier "GUI_CONST_STORAGE" is undefined
..\Include\my_register.h(134): error:  #65: expected a ";"
..\Include\my_register.h(135): error:  #20: identifier "GUI_CONST_STORAGE" is undefined
..\Include\my_register.h(135): error:  #65: expected a ";"
..\Include\my_register.h(136): error:  #20: identifier "GUI_CONST_STORAGE" is undefined
..\Include\my_register.h(136): error:  #65: expected a ";"
..\Include\my_register.h(137): error:  #20: identifier "GUI_CONST_STORAGE" is undefined
..\Include\my_register.h(137): error:  #65: expected a ";"
..\Include\my_register.h(138): error:  #20: identifier "GUI_CONST_STORAGE" is undefined
..\Include\my_register.h(138): error:  #65: expected a ";"
..\Include\my_register.h(139): error:  #20: identifier "GUI_CONST_STORAGE" is undefined
..\Include\my_register.h(139): error:  #65: expected a ";"
..\Include\my_register.h(140): error:  #20: identifier "GUI_CONST_STORAGE" is undefined
..\Include\my_register.h(140): error:  #65: expected a ";"
compiling usart.c...
..\Include\my_register.h(134): error:  #20: identifier "GUI_CONST_STORAGE" is undefined
..\Include\my_register.h(134): error:  #65: expected a ";"
..\Include\my_register.h(135): error:  #20: identifier "GUI_CONST_STORAGE" is undefined
..\Include\my_register.h(135): error:  #65: expected a ";"
..\Include\my_register.h(136): error:  #20: identifier "GUI_CONST_STORAGE" is undefined
..\Include\my_register.h(136): error:  #65: expected a ";"
..\Include\my_register.h(137): error:  #20: identifier "GUI_CONST_STORAGE" is undefined
..\Include\my_register.h(137): error:  #65: expected a ";"
..\Include\my_register.h(138): error:  #20: identifier "GUI_CONST_STORAGE" is undefined
..\Include\my_register.h(138): error:  #65: expected a ";"
..\Include\my_register.h(139): error:  #20: identifier "GUI_CONST_STORAGE" is undefined
..\Include\my_register.h(139): error:  #65: expected a ";"
..\Include\my_register.h(140): error:  #20: identifier "GUI_CONST_STORAGE" is undefined
..\Include\my_register.h(140): error:  #65: expected a ";"
compiling TM1650.c...
..\Include\my_register.h(134): error:  #20: identifier "GUI_CONST_STORAGE" is undefined
..\Include\my_register.h(134): error:  #65: expected a ";"
..\Include\my_register.h(135): error:  #20: identifier "GUI_CONST_STORAGE" is undefined
..\Include\my_register.h(135): error:  #65: expected a ";"
..\Include\my_register.h(136): error:  #20: identifier "GUI_CONST_STORAGE" is undefined
..\Include\my_register.h(136): error:  #65: expected a ";"
..\Include\my_register.h(137): error:  #20: identifier "GUI_CONST_STORAGE" is undefined
..\Include\my_register.h(137): error:  #65: expected a ";"
..\Include\my_register.h(138): error:  #20: identifier "GUI_CONST_STORAGE" is undefined
..\Include\my_register.h(138): error:  #65: expected a ";"
..\Include\my_register.h(139): error:  #20: identifier "GUI_CONST_STORAGE" is undefined
..\Include\my_register.h(139): error:  #65: expected a ";"
..\Include\my_register.h(140): error:  #20: identifier "GUI_CONST_STORAGE" is undefined
..\Include\my_register.h(140): error:  #65: expected a ";"
compiling clock.c...
..\Include\my_register.h(134): error:  #20: identifier "GUI_CONST_STORAGE" is undefined
..\Include\my_register.h(134): error:  #65: expected a ";"
..\Include\my_register.h(135): error:  #20: identifier "GUI_CONST_STORAGE" is undefined
..\Include\my_register.h(135): error:  #65: expected a ";"
..\Include\my_register.h(136): error:  #20: identifier "GUI_CONST_STORAGE" is undefined
..\Include\my_register.h(136): error:  #65: expected a ";"
..\Include\my_register.h(137): error:  #20: identifier "GUI_CONST_STORAGE" is undefined
..\Include\my_register.h(137): error:  #65: expected a ";"
..\Include\my_register.h(138): error:  #20: identifier "GUI_CONST_STORAGE" is undefined
..\Include\my_register.h(138): error:  #65: expected a ";"
..\Include\my_register.h(139): error:  #20: identifier "GUI_CONST_STORAGE" is undefined
..\Include\my_register.h(139): error:  #65: expected a ";"
..\Include\my_register.h(140): error:  #20: identifier "GUI_CONST_STORAGE" is undefined
..\Include\my_register.h(140): error:  #65: expected a ";"
compiling GUIDRV_Template.c...
..\Include\my_register.h(134): error:  #20: identifier "GUI_CONST_STORAGE" is undefined
..\Include\my_register.h(134): error:  #65: expected a ";"
..\Include\my_register.h(135): error:  #20: identifier "GUI_CONST_STORAGE" is undefined
..\Include\my_register.h(135): error:  #65: expected a ";"
..\Include\my_register.h(136): error:  #20: identifier "GUI_CONST_STORAGE" is undefined
..\Include\my_register.h(136): error:  #65: expected a ";"
..\Include\my_register.h(137): error:  #20: identifier "GUI_CONST_STORAGE" is undefined
..\Include\my_register.h(137): error:  #65: expected a ";"
..\Include\my_register.h(138): error:  #20: identifier "GUI_CONST_STORAGE" is undefined
..\Include\my_register.h(138): error:  #65: expected a ";"
..\Include\my_register.h(139): error:  #20: identifier "GUI_CONST_STORAGE" is undefined
..\Include\my_register.h(139): error:  #65: expected a ";"
..\Include\my_register.h(140): error:  #20: identifier "GUI_CONST_STORAGE" is undefined
..\Include\my_register.h(140): error:  #65: expected a ";"
..\STemWinLibrary522\inc\GUI_Type.h(287): error:  #101: "GUI_FONT" has already been declared in the current scope
..\STemWinLibrary522\Config\GUIDRV_Template.c(264): warning:  #177-D: variable "xPhys" was declared but never referenced
..\STemWinLibrary522\Config\GUIDRV_Template.c(264): warning:  #177-D: variable "yPhys" was declared but never referenced
..\STemWinLibrary522\Config\GUIDRV_Template.c(264): warning:  #177-D: variable "lphys" was declared but never referenced
compiling LCDConf_FlexColor_Template.c...
compiling MainTask.c...
compiling menu.c...
compiling R_Face.c...
..\APP\R_Face.c(27): error:  #20: identifier "set_20" is undefined
..\APP\R_Face.c(51): error:  #20: identifier "oct_off" is undefined
..\APP\R_Face.c(224): error:  #20: identifier "set_2_on" is undefined
..\APP\R_Face.c(266): error:  #20: identifier "set_2_off" is undefined
..\APP\R_Face.c(275): error:  #20: identifier "set_2_on" is undefined
..\APP\R_Face.c(284): warning:  #223-D: function "Mode_SW_CONT" declared implicitly
..\APP\R_Face.c(286): warning:  #1035-D: single-precision operand implicitly converted to double-precision
..\APP\R_Face.c(290): warning:  #223-D: function "Mode_SW_CONT" declared implicitly
..\APP\R_Face.c(301): warning:  #223-D: function "Mode_SW_CONT" declared implicitly
..\APP\R_Face.c(306): warning:  #223-D: function "Mode_SW_CONT" declared implicitly
..\APP\R_Face.c(322): warning:  #1035-D: single-precision operand implicitly converted to double-precision
..\APP\R_Face.c(327): warning:  #1035-D: single-precision operand implicitly converted to double-precision
..\APP\R_Face.c(331): error:  #20: identifier "oct_on" is undefined
..\APP\R_Face.c(339): warning:  #1035-D: single-precision operand implicitly converted to double-precision
..\APP\R_Face.c(343): warning:  #1035-D: single-precision operand implicitly converted to double-precision
..\APP\R_Face.c(347): error:  #20: identifier "oct_on" is undefined
..\APP\R_Face.c(358): error:  #20: identifier "oct_on" is undefined
..\APP\R_Face.c(360): warning:  #223-D: function "Mode_SW_CONT" declared implicitly
..\APP\R_Face.c(365): warning:  #223-D: function "sprintf" declared implicitly
..\APP\R_Face.c(417): warning:  #223-D: function "sprintf" declared implicitly
..\APP\R_Face.c(421): warning:  #223-D: function "sprintf" declared implicitly
..\APP\R_Face.c(427): warning:  #223-D: function "sprintf" declared implicitly
..\APP\R_Face.c(442): warning:  #223-D: function "sprintf" declared implicitly
..\APP\R_Face.c(446): warning:  #1035-D: single-precision operand implicitly converted to double-precision
..\APP\R_Face.c(448): error:  #20: identifier "set_1_on" is undefined
..\APP\R_Face.c(450): warning:  #223-D: function "TM1650_SET_LED" declared implicitly
..\APP\R_Face.c(456): warning:  #223-D: function "sprintf" declared implicitly
..\APP\R_Face.c(475): warning:  #223-D: function "sprintf" declared implicitly
..\APP\R_Face.c(487): warning:  #223-D: function "sprintf" declared implicitly
..\APP\R_Face.c(505): warning:  #223-D: function "Mode_SW_CONT" declared implicitly
..\APP\R_Face.c(509): warning:  #223-D: function "Mode_SW_CONT" declared implicitly
..\APP\R_Face.c(531): warning:  #223-D: function "Mode_SW_CONT" declared implicitly
..\APP\R_Face.c(562): warning:  #223-D: function "sprintf" declared implicitly
..\APP\R_Face.c(581): warning:  #223-D: function "sprintf" declared implicitly
..\APP\R_Face.c(585): warning:  #223-D: function "sprintf" declared implicitly
..\APP\R_Face.c(591): warning:  #223-D: function "sprintf" declared implicitly
..\APP\R_Face.c(605): warning:  #223-D: function "sprintf" declared implicitly
..\APP\R_Face.c(609): warning:  #1035-D: single-precision operand implicitly converted to double-precision
..\APP\R_Face.c(611): error:  #20: identifier "set_1_on" is undefined
..\APP\R_Face.c(613): warning:  #223-D: function "TM1650_SET_LED" declared implicitly
..\APP\R_Face.c(619): warning:  #223-D: function "sprintf" declared implicitly
..\APP\R_Face.c(642): error:  #20: identifier "set_1_on" is undefined
..\APP\R_Face.c(647): warning:  #223-D: function "TM1650_SET_LED" declared implicitly
..\APP\R_Face.c(651): error:  #20: identifier "set_1_on" is undefined
..\APP\R_Face.c(656): warning:  #223-D: function "TM1650_SET_LED" declared implicitly
..\APP\R_Face.c(666): error:  #20: identifier "Lion" is undefined
..\APP\R_Face.c(668): warning:  #1035-D: single-precision operand implicitly converted to double-precision
..\APP\R_Face.c(668): warning:  #1035-D: single-precision operand implicitly converted to double-precision
..\APP\R_Face.c(687): error:  #20: identifier "NiMH" is undefined
..\APP\R_Face.c(689): warning:  #1035-D: single-precision operand implicitly converted to double-precision
..\APP\R_Face.c(689): warning:  #1035-D: single-precision operand implicitly converted to double-precision
..\APP\R_Face.c(708): error:  #20: identifier "NiCd" is undefined
..\APP\R_Face.c(710): warning:  #1035-D: single-precision operand implicitly converted to double-precision
..\APP\R_Face.c(710): warning:  #1035-D: single-precision operand implicitly converted to double-precision
..\APP\R_Face.c(729): error:  #20: identifier "SLA" is undefined
..\APP\R_Face.c(731): warning:  #1035-D: single-precision operand implicitly converted to double-precision
..\APP\R_Face.c(731): warning:  #1035-D: single-precision operand implicitly converted to double-precision
..\APP\R_Face.c(750): error:  #20: identifier "LiMH" is undefined
..\APP\R_Face.c(752): warning:  #1035-D: single-precision operand implicitly converted to double-precision
..\APP\R_Face.c(752): warning:  #1035-D: single-precision operand implicitly converted to double-precision
..\APP\R_Face.c(898): warning:  #223-D: function "sprintf" declared implicitly
..\APP\R_Face.c(918): error:  #20: identifier "set_2_on" is undefined
..\APP\R_Face.c(1040): error:  #20: identifier "set_2_off" is undefined
..\APP\R_Face.c(166): warning:  #177-D: variable "NCode" was declared but never referenced
..\APP\R_Face.c(167): warning:  #177-D: variable "Id" was declared but never referenced
..\APP\R_Face.c(175): warning:  #177-D: variable "i" was declared but never referenced
..\APP\R_Face.c(1111): error:  #20: identifier "face_r" is undefined
..\APP\R_Face.c(1138): error:  #20: identifier "set_21" is undefined
..\APP\R_Face.c(1141): error:  #20: identifier "set_21" is undefined
..\APP\R_Face.c(1153): error:  #20: identifier "set_64" is undefined
..\APP\R_Face.c(1156): error:  #20: identifier "set_64" is undefined
..\APP\R_Face.c(1168): error:  #20: identifier "set_67" is undefined
..\APP\R_Face.c(1171): error:  #20: identifier "set_67" is undefined
..\APP\R_Face.c(1189): warning:  #940-D: missing return statement at end of non-void function "OC_OP_DOWN"
..\APP\R_Face.c(1208): error:  #20: identifier "set_67" is undefined
..\APP\R_Face.c(1211): error:  #20: identifier "set_21" is undefined
..\APP\R_Face.c(1227): error:  #20: identifier "set_64" is undefined
..\APP\R_Face.c(1242): error:  #20: identifier "set_67" is undefined
compiling load_Face.c...
compiling STARTER.c...
D:\外发资料\电池综合测试仪 2.1\APP\STARTER.c(98): warning:  #223-D: function "CreateR" declared implicitly
Target not created
Build target 'JK_BTSET'
compiling main.c...
compiling stm32f4xx_it.c...
compiling adc.c...
compiling AT24C01.c...
compiling BEEP.c...
compiling bsp_SysTick.c...
compiling flash.c...
compiling GPIO.c...
compiling IIC_24C01.c...
compiling key.c...
compiling modbus.c...
compiling ssd1963.c...
..\drive\ssd1963.c(168): warning:  #550-D: variable "FSMC_NORSRAMTimingInitStructure" was set but never used
compiling TIM1.c...
compiling TIM2.c...
compiling TIM6.c...
compiling usart.c...
compiling TM1650.c...
compiling clock.c...
compiling GUI_X.c...
compiling GUIConf.c...
compiling GUIDRV_Template.c...
..\STemWinLibrary522\Config\GUIDRV_Template.c(264): warning:  #177-D: variable "xPhys" was declared but never referenced
..\STemWinLibrary522\Config\GUIDRV_Template.c(264): warning:  #177-D: variable "yPhys" was declared but never referenced
..\STemWinLibrary522\Config\GUIDRV_Template.c(264): warning:  #177-D: variable "lphys" was declared but never referenced
compiling LCDConf_FlexColor_Template.c...
compiling MainTask.c...
compiling menu.c...
compiling R_Face.c...
..\APP\R_Face.c(27): error:  #20: identifier "set_20" is undefined
..\APP\R_Face.c(51): error:  #20: identifier "oct_off" is undefined
..\APP\R_Face.c(224): error:  #20: identifier "set_2_on" is undefined
..\APP\R_Face.c(266): error:  #20: identifier "set_2_off" is undefined
..\APP\R_Face.c(275): error:  #20: identifier "set_2_on" is undefined
..\APP\R_Face.c(284): warning:  #223-D: function "Mode_SW_CONT" declared implicitly
..\APP\R_Face.c(286): warning:  #1035-D: single-precision operand implicitly converted to double-precision
..\APP\R_Face.c(290): warning:  #223-D: function "Mode_SW_CONT" declared implicitly
..\APP\R_Face.c(301): warning:  #223-D: function "Mode_SW_CONT" declared implicitly
..\APP\R_Face.c(306): warning:  #223-D: function "Mode_SW_CONT" declared implicitly
..\APP\R_Face.c(322): warning:  #1035-D: single-precision operand implicitly converted to double-precision
..\APP\R_Face.c(327): warning:  #1035-D: single-precision operand implicitly converted to double-precision
..\APP\R_Face.c(331): error:  #20: identifier "oct_on" is undefined
..\APP\R_Face.c(339): warning:  #1035-D: single-precision operand implicitly converted to double-precision
..\APP\R_Face.c(343): warning:  #1035-D: single-precision operand implicitly converted to double-precision
..\APP\R_Face.c(347): error:  #20: identifier "oct_on" is undefined
..\APP\R_Face.c(358): error:  #20: identifier "oct_on" is undefined
..\APP\R_Face.c(360): warning:  #223-D: function "Mode_SW_CONT" declared implicitly
..\APP\R_Face.c(365): warning:  #223-D: function "sprintf" declared implicitly
..\APP\R_Face.c(417): warning:  #223-D: function "sprintf" declared implicitly
..\APP\R_Face.c(421): warning:  #223-D: function "sprintf" declared implicitly
..\APP\R_Face.c(427): warning:  #223-D: function "sprintf" declared implicitly
..\APP\R_Face.c(442): warning:  #223-D: function "sprintf" declared implicitly
..\APP\R_Face.c(446): warning:  #1035-D: single-precision operand implicitly converted to double-precision
..\APP\R_Face.c(448): error:  #20: identifier "set_1_on" is undefined
..\APP\R_Face.c(450): warning:  #223-D: function "TM1650_SET_LED" declared implicitly
..\APP\R_Face.c(456): warning:  #223-D: function "sprintf" declared implicitly
..\APP\R_Face.c(475): warning:  #223-D: function "sprintf" declared implicitly
..\APP\R_Face.c(487): warning:  #223-D: function "sprintf" declared implicitly
..\APP\R_Face.c(505): warning:  #223-D: function "Mode_SW_CONT" declared implicitly
..\APP\R_Face.c(509): warning:  #223-D: function "Mode_SW_CONT" declared implicitly
..\APP\R_Face.c(531): warning:  #223-D: function "Mode_SW_CONT" declared implicitly
..\APP\R_Face.c(562): warning:  #223-D: function "sprintf" declared implicitly
..\APP\R_Face.c(581): warning:  #223-D: function "sprintf" declared implicitly
..\APP\R_Face.c(585): warning:  #223-D: function "sprintf" declared implicitly
..\APP\R_Face.c(591): warning:  #223-D: function "sprintf" declared implicitly
..\APP\R_Face.c(605): warning:  #223-D: function "sprintf" declared implicitly
..\APP\R_Face.c(609): warning:  #1035-D: single-precision operand implicitly converted to double-precision
..\APP\R_Face.c(611): error:  #20: identifier "set_1_on" is undefined
..\APP\R_Face.c(613): warning:  #223-D: function "TM1650_SET_LED" declared implicitly
..\APP\R_Face.c(619): warning:  #223-D: function "sprintf" declared implicitly
..\APP\R_Face.c(642): error:  #20: identifier "set_1_on" is undefined
..\APP\R_Face.c(647): warning:  #223-D: function "TM1650_SET_LED" declared implicitly
..\APP\R_Face.c(651): error:  #20: identifier "set_1_on" is undefined
..\APP\R_Face.c(656): warning:  #223-D: function "TM1650_SET_LED" declared implicitly
..\APP\R_Face.c(666): error:  #20: identifier "Lion" is undefined
..\APP\R_Face.c(668): warning:  #1035-D: single-precision operand implicitly converted to double-precision
..\APP\R_Face.c(668): warning:  #1035-D: single-precision operand implicitly converted to double-precision
..\APP\R_Face.c(687): error:  #20: identifier "NiMH" is undefined
..\APP\R_Face.c(689): warning:  #1035-D: single-precision operand implicitly converted to double-precision
..\APP\R_Face.c(689): warning:  #1035-D: single-precision operand implicitly converted to double-precision
..\APP\R_Face.c(708): error:  #20: identifier "NiCd" is undefined
..\APP\R_Face.c(710): warning:  #1035-D: single-precision operand implicitly converted to double-precision
..\APP\R_Face.c(710): warning:  #1035-D: single-precision operand implicitly converted to double-precision
..\APP\R_Face.c(729): error:  #20: identifier "SLA" is undefined
..\APP\R_Face.c(731): warning:  #1035-D: single-precision operand implicitly converted to double-precision
..\APP\R_Face.c(731): warning:  #1035-D: single-precision operand implicitly converted to double-precision
..\APP\R_Face.c(750): error:  #20: identifier "LiMH" is undefined
..\APP\R_Face.c(752): warning:  #1035-D: single-precision operand implicitly converted to double-precision
..\APP\R_Face.c(752): warning:  #1035-D: single-precision operand implicitly converted to double-precision
..\APP\R_Face.c(898): warning:  #223-D: function "sprintf" declared implicitly
..\APP\R_Face.c(918): error:  #20: identifier "set_2_on" is undefined
..\APP\R_Face.c(1040): error:  #20: identifier "set_2_off" is undefined
..\APP\R_Face.c(166): warning:  #177-D: variable "NCode" was declared but never referenced
..\APP\R_Face.c(167): warning:  #177-D: variable "Id" was declared but never referenced
..\APP\R_Face.c(175): warning:  #177-D: variable "i" was declared but never referenced
..\APP\R_Face.c(1111): error:  #20: identifier "face_r" is undefined
..\APP\R_Face.c(1138): error:  #20: identifier "set_21" is undefined
..\APP\R_Face.c(1141): error:  #20: identifier "set_21" is undefined
..\APP\R_Face.c(1153): error:  #20: identifier "set_64" is undefined
..\APP\R_Face.c(1156): error:  #20: identifier "set_64" is undefined
..\APP\R_Face.c(1168): error:  #20: identifier "set_67" is undefined
..\APP\R_Face.c(1171): error:  #20: identifier "set_67" is undefined
..\APP\R_Face.c(1189): warning:  #940-D: missing return statement at end of non-void function "OC_OP_DOWN"
..\APP\R_Face.c(1208): error:  #20: identifier "set_67" is undefined
..\APP\R_Face.c(1211): error:  #20: identifier "set_21" is undefined
..\APP\R_Face.c(1227): error:  #20: identifier "set_64" is undefined
..\APP\R_Face.c(1242): error:  #20: identifier "set_67" is undefined
compiling load_Face.c...
compiling STARTER.c...
D:\外发资料\电池综合测试仪 2.1\APP\STARTER.c(98): warning:  #223-D: function "CreateR" declared implicitly
compiling HZ16.c...
compiling HZ12.c...
compiling EN40.c...
compiling HZ20S.c...
compiling HZ32.c...
compiling set_font.c...
compiling symbol.c...
Target not created
Build target 'JK_BTSET'
compiling main.c...
compiling stm32f4xx_it.c...
compiling adc.c...
compiling AT24C01.c...
compiling BEEP.c...
compiling bsp_SysTick.c...
compiling flash.c...
compiling GPIO.c...
compiling IIC_24C01.c...
compiling key.c...
compiling modbus.c...
compiling ssd1963.c...
..\drive\ssd1963.c(168): warning:  #550-D: variable "FSMC_NORSRAMTimingInitStructure" was set but never used
compiling TIM1.c...
compiling TIM2.c...
compiling TIM6.c...
compiling usart.c...
compiling TM1650.c...
compiling clock.c...
compiling GUIDRV_Template.c...
..\STemWinLibrary522\Config\GUIDRV_Template.c(264): warning:  #177-D: variable "xPhys" was declared but never referenced
..\STemWinLibrary522\Config\GUIDRV_Template.c(264): warning:  #177-D: variable "yPhys" was declared but never referenced
..\STemWinLibrary522\Config\GUIDRV_Template.c(264): warning:  #177-D: variable "lphys" was declared but never referenced
compiling LCDConf_FlexColor_Template.c...
compiling MainTask.c...
compiling menu.c...
compiling R_Face.c...
..\APP\R_Face.c(284): warning:  #223-D: function "Mode_SW_CONT" declared implicitly
..\APP\R_Face.c(286): warning:  #1035-D: single-precision operand implicitly converted to double-precision
..\APP\R_Face.c(290): warning:  #223-D: function "Mode_SW_CONT" declared implicitly
..\APP\R_Face.c(301): warning:  #223-D: function "Mode_SW_CONT" declared implicitly
..\APP\R_Face.c(306): warning:  #223-D: function "Mode_SW_CONT" declared implicitly
..\APP\R_Face.c(322): warning:  #1035-D: single-precision operand implicitly converted to double-precision
..\APP\R_Face.c(327): warning:  #1035-D: single-precision operand implicitly converted to double-precision
..\APP\R_Face.c(339): warning:  #1035-D: single-precision operand implicitly converted to double-precision
..\APP\R_Face.c(343): warning:  #1035-D: single-precision operand implicitly converted to double-precision
..\APP\R_Face.c(360): warning:  #223-D: function "Mode_SW_CONT" declared implicitly
..\APP\R_Face.c(365): warning:  #223-D: function "sprintf" declared implicitly
..\APP\R_Face.c(417): warning:  #223-D: function "sprintf" declared implicitly
..\APP\R_Face.c(421): warning:  #223-D: function "sprintf" declared implicitly
..\APP\R_Face.c(427): warning:  #223-D: function "sprintf" declared implicitly
..\APP\R_Face.c(442): warning:  #223-D: function "sprintf" declared implicitly
..\APP\R_Face.c(446): warning:  #1035-D: single-precision operand implicitly converted to double-precision
..\APP\R_Face.c(450): warning:  #223-D: function "TM1650_SET_LED" declared implicitly
..\APP\R_Face.c(456): warning:  #223-D: function "sprintf" declared implicitly
..\APP\R_Face.c(475): warning:  #223-D: function "sprintf" declared implicitly
..\APP\R_Face.c(487): warning:  #223-D: function "sprintf" declared implicitly
..\APP\R_Face.c(505): warning:  #223-D: function "Mode_SW_CONT" declared implicitly
..\APP\R_Face.c(509): warning:  #223-D: function "Mode_SW_CONT" declared implicitly
..\APP\R_Face.c(531): warning:  #223-D: function "Mode_SW_CONT" declared implicitly
..\APP\R_Face.c(562): warning:  #223-D: function "sprintf" declared implicitly
..\APP\R_Face.c(581): warning:  #223-D: function "sprintf" declared implicitly
..\APP\R_Face.c(585): warning:  #223-D: function "sprintf" declared implicitly
..\APP\R_Face.c(591): warning:  #223-D: function "sprintf" declared implicitly
..\APP\R_Face.c(605): warning:  #223-D: function "sprintf" declared implicitly
..\APP\R_Face.c(609): warning:  #1035-D: single-precision operand implicitly converted to double-precision
..\APP\R_Face.c(613): warning:  #223-D: function "TM1650_SET_LED" declared implicitly
..\APP\R_Face.c(619): warning:  #223-D: function "sprintf" declared implicitly
..\APP\R_Face.c(647): warning:  #223-D: function "TM1650_SET_LED" declared implicitly
..\APP\R_Face.c(656): warning:  #223-D: function "TM1650_SET_LED" declared implicitly
..\APP\R_Face.c(668): warning:  #1035-D: single-precision operand implicitly converted to double-precision
..\APP\R_Face.c(668): warning:  #1035-D: single-precision operand implicitly converted to double-precision
..\APP\R_Face.c(689): warning:  #1035-D: single-precision operand implicitly converted to double-precision
..\APP\R_Face.c(689): warning:  #1035-D: single-precision operand implicitly converted to double-precision
..\APP\R_Face.c(710): warning:  #1035-D: single-precision operand implicitly converted to double-precision
..\APP\R_Face.c(710): warning:  #1035-D: single-precision operand implicitly converted to double-precision
..\APP\R_Face.c(731): warning:  #1035-D: single-precision operand implicitly converted to double-precision
..\APP\R_Face.c(731): warning:  #1035-D: single-precision operand implicitly converted to double-precision
..\APP\R_Face.c(752): warning:  #1035-D: single-precision operand implicitly converted to double-precision
..\APP\R_Face.c(752): warning:  #1035-D: single-precision operand implicitly converted to double-precision
..\APP\R_Face.c(898): warning:  #223-D: function "sprintf" declared implicitly
..\APP\R_Face.c(166): warning:  #177-D: variable "NCode" was declared but never referenced
..\APP\R_Face.c(167): warning:  #177-D: variable "Id" was declared but never referenced
..\APP\R_Face.c(175): warning:  #177-D: variable "i" was declared but never referenced
..\APP\R_Face.c(1189): warning:  #940-D: missing return statement at end of non-void function "OC_OP_DOWN"
..\APP\R_Face.c(1260): warning:  #940-D: missing return statement at end of non-void function "OC_OP_UP"
..\APP\R_Face.c(1304): warning:  #223-D: function "sprintf" declared implicitly
..\APP\R_Face.c(1310): warning:  #223-D: function "Write_Limits" declared implicitly
..\APP\R_Face.c(1345): warning:  #223-D: function "sprintf" declared implicitly
..\APP\R_Face.c(1351): warning:  #223-D: function "Write_Limits" declared implicitly
..\APP\R_Face.c(1386): warning:  #223-D: function "sprintf" declared implicitly
..\APP\R_Face.c(1392): warning:  #223-D: function "Write_Limits" declared implicitly
..\APP\R_Face.c(1426): warning:  #223-D: function "sprintf" declared implicitly
..\APP\R_Face.c(1432): warning:  #223-D: function "Write_Limits" declared implicitly
..\APP\R_Face.c(1437): warning:  #223-D: function "Wrtite_step" declared implicitly
..\APP\R_Face.c(1441): warning:  #940-D: missing return statement at end of non-void function "OC_SET"
..\APP\R_Face.c(1456): warning:  #223-D: function "atoi" declared implicitly
..\APP\R_Face.c(1457): warning:  #223-D: function "strcat" declared implicitly
..\APP\R_Face.c(1465): warning:  #223-D: function "strcat" declared implicitly
..\APP\R_Face.c(1471): warning:  #223-D: function "atoi" declared implicitly
..\APP\R_Face.c(1478): warning:  #223-D: function "strcat" declared implicitly
..\APP\R_Face.c(1489): warning:  #223-D: function "atoi" declared implicitly
..\APP\R_Face.c(1496): warning:  #223-D: function "strcat" declared implicitly
..\APP\R_Face.c(1502): warning:  #223-D: function "atoi" declared implicitly
..\APP\R_Face.c(1504): warning:  #223-D: function "atoi" declared implicitly
..\APP\R_Face.c(1511): warning:  #223-D: function "strcat" declared implicitly
..\APP\R_Face.c(1519): warning:  #223-D: function "atoi" declared implicitly
..\APP\R_Face.c(1535): warning:  #223-D: function "atoi" declared implicitly
..\APP\R_Face.c(1536): warning:  #223-D: function "strcat" declared implicitly
..\APP\R_Face.c(1544): warning:  #223-D: function "strcat" declared implicitly
..\APP\R_Face.c(1550): warning:  #223-D: function "atoi" declared implicitly
..\APP\R_Face.c(1557): warning:  #223-D: function "strcat" declared implicitly
..\APP\R_Face.c(1568): warning:  #223-D: function "atoi" declared implicitly
..\APP\R_Face.c(1575): warning:  #223-D: function "strcat" declared implicitly
..\APP\R_Face.c(1581): warning:  #223-D: function "atoi" declared implicitly
..\APP\R_Face.c(1583): warning:  #223-D: function "atoi" declared implicitly
..\APP\R_Face.c(1590): warning:  #223-D: function "strcat" declared implicitly
..\APP\R_Face.c(1598): warning:  #223-D: function "atoi" declared implicitly
..\APP\R_Face.c(1614): warning:  #223-D: function "atoi" declared implicitly
..\APP\R_Face.c(1615): warning:  #223-D: function "strcat" declared implicitly
..\APP\R_Face.c(1623): warning:  #223-D: function "strcat" declared implicitly
..\APP\R_Face.c(1629): warning:  #223-D: function "atoi" declared implicitly
..\APP\R_Face.c(1636): warning:  #223-D: function "strcat" declared implicitly
..\APP\R_Face.c(1647): warning:  #223-D: function "atoi" declared implicitly
..\APP\R_Face.c(1654): warning:  #223-D: function "strcat" declared implicitly
..\APP\R_Face.c(1660): warning:  #223-D: function "atoi" declared implicitly
..\APP\R_Face.c(1662): warning:  #223-D: function "atoi" declared implicitly
..\APP\R_Face.c(1669): warning:  #223-D: function "strcat" declared implicitly
..\APP\R_Face.c(1677): warning:  #223-D: function "atoi" declared implicitly
..\APP\R_Face.c(1693): warning:  #223-D: function "atoi" declared implicitly
..\APP\R_Face.c(1694): warning:  #223-D: function "strcat" declared implicitly
..\APP\R_Face.c(1701): warning:  #223-D: function "atoi" declared implicitly
..\APP\R_Face.c(1702): warning:  #223-D: function "strcat" declared implicitly
..\APP\R_Face.c(1709): warning:  #223-D: function "atoi" declared implicitly
..\APP\R_Face.c(1710): warning:  #223-D: function "strcat" declared implicitly
..\APP\R_Face.c(1717): warning:  #223-D: function "atoi" declared implicitly
..\APP\R_Face.c(1718): warning:  #223-D: function "strcat" declared implicitly
..\APP\R_Face.c(1728): warning:  #940-D: missing return statement at end of non-void function "INPUT_C"
..\APP\R_Face.c(1738): warning:  #1035-D: single-precision operand implicitly converted to double-precision
..\APP\R_Face.c(1740): error:  #20: identifier "stepcount" is undefined
..\APP\R_Face.c(1745): warning:  #223-D: function "sprintf" declared implicitly
..\APP\R_Face.c(1753): warning:  #1035-D: single-precision operand implicitly converted to double-precision
..\APP\R_Face.c(1760): warning:  #223-D: function "sprintf" declared implicitly
..\APP\R_Face.c(1768): warning:  #940-D: missing return statement at end of non-void function "OC_ADD"
..\APP\R_Face.c(1778): warning:  #223-D: function "BEEP_Tiggr" declared implicitly
..\APP\R_Face.c(1780): warning:  #223-D: function "TM1650_SET_LED" declared implicitly
..\APP\R_Face.c(1804): warning:  #223-D: function "TM1650_SET_LED" declared implicitly
..\APP\R_Face.c(1813): warning:  #223-D: function "BEEP_Tiggr" declared implicitly
..\APP\R_Face.c(1815): warning:  #223-D: function "TM1650_SET_LED" declared implicitly
..\APP\R_Face.c(1839): warning:  #223-D: function "TM1650_SET_LED" declared implicitly
..\APP\R_Face.c(1846): warning:  #223-D: function "BEEP_Tiggr" declared implicitly
..\APP\R_Face.c(1848): warning:  #223-D: function "TM1650_SET_LED" declared implicitly
..\APP\R_Face.c(1881): warning:  #223-D: function "TM1650_SET_LED" declared implicitly
compiling load_Face.c...
compiling STARTER.c...
D:\外发资料\电池综合测试仪 2.1\APP\STARTER.c(98): warning:  #223-D: function "CreateR" declared implicitly
Target not created
Build target 'JK_BTSET'
compiling R_Face.c...
..\APP\R_Face.c(284): warning:  #223-D: function "Mode_SW_CONT" declared implicitly
..\APP\R_Face.c(286): warning:  #1035-D: single-precision operand implicitly converted to double-precision
..\APP\R_Face.c(290): warning:  #223-D: function "Mode_SW_CONT" declared implicitly
..\APP\R_Face.c(301): warning:  #223-D: function "Mode_SW_CONT" declared implicitly
..\APP\R_Face.c(306): warning:  #223-D: function "Mode_SW_CONT" declared implicitly
..\APP\R_Face.c(322): warning:  #1035-D: single-precision operand implicitly converted to double-precision
..\APP\R_Face.c(327): warning:  #1035-D: single-precision operand implicitly converted to double-precision
..\APP\R_Face.c(339): warning:  #1035-D: single-precision operand implicitly converted to double-precision
..\APP\R_Face.c(343): warning:  #1035-D: single-precision operand implicitly converted to double-precision
..\APP\R_Face.c(360): warning:  #223-D: function "Mode_SW_CONT" declared implicitly
..\APP\R_Face.c(365): warning:  #223-D: function "sprintf" declared implicitly
..\APP\R_Face.c(417): warning:  #223-D: function "sprintf" declared implicitly
..\APP\R_Face.c(421): warning:  #223-D: function "sprintf" declared implicitly
..\APP\R_Face.c(427): warning:  #223-D: function "sprintf" declared implicitly
..\APP\R_Face.c(442): warning:  #223-D: function "sprintf" declared implicitly
..\APP\R_Face.c(446): warning:  #1035-D: single-precision operand implicitly converted to double-precision
..\APP\R_Face.c(450): warning:  #223-D: function "TM1650_SET_LED" declared implicitly
..\APP\R_Face.c(456): warning:  #223-D: function "sprintf" declared implicitly
..\APP\R_Face.c(475): warning:  #223-D: function "sprintf" declared implicitly
..\APP\R_Face.c(487): warning:  #223-D: function "sprintf" declared implicitly
..\APP\R_Face.c(505): warning:  #223-D: function "Mode_SW_CONT" declared implicitly
..\APP\R_Face.c(509): warning:  #223-D: function "Mode_SW_CONT" declared implicitly
..\APP\R_Face.c(531): warning:  #223-D: function "Mode_SW_CONT" declared implicitly
..\APP\R_Face.c(562): warning:  #223-D: function "sprintf" declared implicitly
..\APP\R_Face.c(581): warning:  #223-D: function "sprintf" declared implicitly
..\APP\R_Face.c(585): warning:  #223-D: function "sprintf" declared implicitly
..\APP\R_Face.c(591): warning:  #223-D: function "sprintf" declared implicitly
..\APP\R_Face.c(605): warning:  #223-D: function "sprintf" declared implicitly
..\APP\R_Face.c(609): warning:  #1035-D: single-precision operand implicitly converted to double-precision
..\APP\R_Face.c(613): warning:  #223-D: function "TM1650_SET_LED" declared implicitly
..\APP\R_Face.c(619): warning:  #223-D: function "sprintf" declared implicitly
..\APP\R_Face.c(647): warning:  #223-D: function "TM1650_SET_LED" declared implicitly
..\APP\R_Face.c(656): warning:  #223-D: function "TM1650_SET_LED" declared implicitly
..\APP\R_Face.c(668): warning:  #1035-D: single-precision operand implicitly converted to double-precision
..\APP\R_Face.c(668): warning:  #1035-D: single-precision operand implicitly converted to double-precision
..\APP\R_Face.c(689): warning:  #1035-D: single-precision operand implicitly converted to double-precision
..\APP\R_Face.c(689): warning:  #1035-D: single-precision operand implicitly converted to double-precision
..\APP\R_Face.c(710): warning:  #1035-D: single-precision operand implicitly converted to double-precision
..\APP\R_Face.c(710): warning:  #1035-D: single-precision operand implicitly converted to double-precision
..\APP\R_Face.c(731): warning:  #1035-D: single-precision operand implicitly converted to double-precision
..\APP\R_Face.c(731): warning:  #1035-D: single-precision operand implicitly converted to double-precision
..\APP\R_Face.c(752): warning:  #1035-D: single-precision operand implicitly converted to double-precision
..\APP\R_Face.c(752): warning:  #1035-D: single-precision operand implicitly converted to double-precision
..\APP\R_Face.c(898): warning:  #223-D: function "sprintf" declared implicitly
..\APP\R_Face.c(166): warning:  #177-D: variable "NCode" was declared but never referenced
..\APP\R_Face.c(167): warning:  #177-D: variable "Id" was declared but never referenced
..\APP\R_Face.c(175): warning:  #177-D: variable "i" was declared but never referenced
..\APP\R_Face.c(1189): warning:  #940-D: missing return statement at end of non-void function "OC_OP_DOWN"
..\APP\R_Face.c(1260): warning:  #940-D: missing return statement at end of non-void function "OC_OP_UP"
..\APP\R_Face.c(1304): warning:  #223-D: function "sprintf" declared implicitly
..\APP\R_Face.c(1310): warning:  #223-D: function "Write_Limits" declared implicitly
..\APP\R_Face.c(1345): warning:  #223-D: function "sprintf" declared implicitly
..\APP\R_Face.c(1351): warning:  #223-D: function "Write_Limits" declared implicitly
..\APP\R_Face.c(1386): warning:  #223-D: function "sprintf" declared implicitly
..\APP\R_Face.c(1392): warning:  #223-D: function "Write_Limits" declared implicitly
..\APP\R_Face.c(1426): warning:  #223-D: function "sprintf" declared implicitly
..\APP\R_Face.c(1432): warning:  #223-D: function "Write_Limits" declared implicitly
..\APP\R_Face.c(1437): warning:  #223-D: function "Wrtite_step" declared implicitly
..\APP\R_Face.c(1441): warning:  #940-D: missing return statement at end of non-void function "OC_SET"
..\APP\R_Face.c(1456): warning:  #223-D: function "atoi" declared implicitly
..\APP\R_Face.c(1457): warning:  #223-D: function "strcat" declared implicitly
..\APP\R_Face.c(1465): warning:  #223-D: function "strcat" declared implicitly
..\APP\R_Face.c(1471): warning:  #223-D: function "atoi" declared implicitly
..\APP\R_Face.c(1478): warning:  #223-D: function "strcat" declared implicitly
..\APP\R_Face.c(1489): warning:  #223-D: function "atoi" declared implicitly
..\APP\R_Face.c(1496): warning:  #223-D: function "strcat" declared implicitly
..\APP\R_Face.c(1502): warning:  #223-D: function "atoi" declared implicitly
..\APP\R_Face.c(1504): warning:  #223-D: function "atoi" declared implicitly
..\APP\R_Face.c(1511): warning:  #223-D: function "strcat" declared implicitly
..\APP\R_Face.c(1519): warning:  #223-D: function "atoi" declared implicitly
..\APP\R_Face.c(1535): warning:  #223-D: function "atoi" declared implicitly
..\APP\R_Face.c(1536): warning:  #223-D: function "strcat" declared implicitly
..\APP\R_Face.c(1544): warning:  #223-D: function "strcat" declared implicitly
..\APP\R_Face.c(1550): warning:  #223-D: function "atoi" declared implicitly
..\APP\R_Face.c(1557): warning:  #223-D: function "strcat" declared implicitly
..\APP\R_Face.c(1568): warning:  #223-D: function "atoi" declared implicitly
..\APP\R_Face.c(1575): warning:  #223-D: function "strcat" declared implicitly
..\APP\R_Face.c(1581): warning:  #223-D: function "atoi" declared implicitly
..\APP\R_Face.c(1583): warning:  #223-D: function "atoi" declared implicitly
..\APP\R_Face.c(1590): warning:  #223-D: function "strcat" declared implicitly
..\APP\R_Face.c(1598): warning:  #223-D: function "atoi" declared implicitly
..\APP\R_Face.c(1614): warning:  #223-D: function "atoi" declared implicitly
..\APP\R_Face.c(1615): warning:  #223-D: function "strcat" declared implicitly
..\APP\R_Face.c(1623): warning:  #223-D: function "strcat" declared implicitly
..\APP\R_Face.c(1629): warning:  #223-D: function "atoi" declared implicitly
..\APP\R_Face.c(1636): warning:  #223-D: function "strcat" declared implicitly
..\APP\R_Face.c(1647): warning:  #223-D: function "atoi" declared implicitly
..\APP\R_Face.c(1654): warning:  #223-D: function "strcat" declared implicitly
..\APP\R_Face.c(1660): warning:  #223-D: function "atoi" declared implicitly
..\APP\R_Face.c(1662): warning:  #223-D: function "atoi" declared implicitly
..\APP\R_Face.c(1669): warning:  #223-D: function "strcat" declared implicitly
..\APP\R_Face.c(1677): warning:  #223-D: function "atoi" declared implicitly
..\APP\R_Face.c(1693): warning:  #223-D: function "atoi" declared implicitly
..\APP\R_Face.c(1694): warning:  #223-D: function "strcat" declared implicitly
..\APP\R_Face.c(1701): warning:  #223-D: function "atoi" declared implicitly
..\APP\R_Face.c(1702): warning:  #223-D: function "strcat" declared implicitly
..\APP\R_Face.c(1709): warning:  #223-D: function "atoi" declared implicitly
..\APP\R_Face.c(1710): warning:  #223-D: function "strcat" declared implicitly
..\APP\R_Face.c(1717): warning:  #223-D: function "atoi" declared implicitly
..\APP\R_Face.c(1718): warning:  #223-D: function "strcat" declared implicitly
..\APP\R_Face.c(1728): warning:  #940-D: missing return statement at end of non-void function "INPUT_C"
..\APP\R_Face.c(1738): warning:  #1035-D: single-precision operand implicitly converted to double-precision
..\APP\R_Face.c(1745): warning:  #223-D: function "sprintf" declared implicitly
..\APP\R_Face.c(1753): warning:  #1035-D: single-precision operand implicitly converted to double-precision
..\APP\R_Face.c(1760): warning:  #223-D: function "sprintf" declared implicitly
..\APP\R_Face.c(1768): warning:  #940-D: missing return statement at end of non-void function "OC_ADD"
..\APP\R_Face.c(1778): warning:  #223-D: function "BEEP_Tiggr" declared implicitly
..\APP\R_Face.c(1780): warning:  #223-D: function "TM1650_SET_LED" declared implicitly
..\APP\R_Face.c(1804): warning:  #223-D: function "TM1650_SET_LED" declared implicitly
..\APP\R_Face.c(1813): warning:  #223-D: function "BEEP_Tiggr" declared implicitly
..\APP\R_Face.c(1815): warning:  #223-D: function "TM1650_SET_LED" declared implicitly
..\APP\R_Face.c(1839): warning:  #223-D: function "TM1650_SET_LED" declared implicitly
..\APP\R_Face.c(1846): warning:  #223-D: function "BEEP_Tiggr" declared implicitly
..\APP\R_Face.c(1848): warning:  #223-D: function "TM1650_SET_LED" declared implicitly
..\APP\R_Face.c(1881): warning:  #223-D: function "TM1650_SET_LED" declared implicitly
linking...
..\Output\JK_BTSET.axf: Error: L6218E: Undefined symbol Write_Limits (referred from r_face.o).
..\Output\JK_BTSET.axf: Error: L6218E: Undefined symbol Wrtite_step (referred from r_face.o).
..\Output\JK_BTSET.axf: Error: L6218E: Undefined symbol b_type (referred from r_face.o).
..\Output\JK_BTSET.axf: Error: L6218E: Undefined symbol bit (referred from r_face.o).
..\Output\JK_BTSET.axf: Error: L6218E: Undefined symbol dot_flag (referred from r_face.o).
..\Output\JK_BTSET.axf: Error: L6218E: Undefined symbol page_sw (referred from r_face.o).
..\Output\JK_BTSET.axf: Error: L6218E: Undefined symbol para_set1 (referred from r_face.o).
..\Output\JK_BTSET.axf: Error: L6218E: Undefined symbol para_set2 (referred from r_face.o).
..\Output\JK_BTSET.axf: Error: L6218E: Undefined symbol para_set4 (referred from r_face.o).
..\Output\JK_BTSET.axf: Error: L6218E: Undefined symbol set_limit (referred from r_face.o).
..\Output\JK_BTSET.axf: Error: L6218E: Undefined symbol status_flash (referred from r_face.o).
Target not created
Build target 'JK_BTSET'
compiling R_Face.c...
..\APP\R_Face.c(285): warning:  #223-D: function "Mode_SW_CONT" declared implicitly
..\APP\R_Face.c(287): warning:  #1035-D: single-precision operand implicitly converted to double-precision
..\APP\R_Face.c(291): warning:  #223-D: function "Mode_SW_CONT" declared implicitly
..\APP\R_Face.c(302): warning:  #223-D: function "Mode_SW_CONT" declared implicitly
..\APP\R_Face.c(307): warning:  #223-D: function "Mode_SW_CONT" declared implicitly
..\APP\R_Face.c(323): warning:  #1035-D: single-precision operand implicitly converted to double-precision
..\APP\R_Face.c(328): warning:  #1035-D: single-precision operand implicitly converted to double-precision
..\APP\R_Face.c(340): warning:  #1035-D: single-precision operand implicitly converted to double-precision
..\APP\R_Face.c(344): warning:  #1035-D: single-precision operand implicitly converted to double-precision
..\APP\R_Face.c(361): warning:  #223-D: function "Mode_SW_CONT" declared implicitly
..\APP\R_Face.c(418): warning:  #181-D: argument is incompatible with corresponding format string conversion
..\APP\R_Face.c(447): warning:  #1035-D: single-precision operand implicitly converted to double-precision
..\APP\R_Face.c(451): warning:  #223-D: function "TM1650_SET_LED" declared implicitly
..\APP\R_Face.c(506): warning:  #223-D: function "Mode_SW_CONT" declared implicitly
..\APP\R_Face.c(510): warning:  #223-D: function "Mode_SW_CONT" declared implicitly
..\APP\R_Face.c(532): warning:  #223-D: function "Mode_SW_CONT" declared implicitly
..\APP\R_Face.c(582): warning:  #181-D: argument is incompatible with corresponding format string conversion
..\APP\R_Face.c(610): warning:  #1035-D: single-precision operand implicitly converted to double-precision
..\APP\R_Face.c(614): warning:  #223-D: function "TM1650_SET_LED" declared implicitly
..\APP\R_Face.c(648): warning:  #223-D: function "TM1650_SET_LED" declared implicitly
..\APP\R_Face.c(657): warning:  #223-D: function "TM1650_SET_LED" declared implicitly
..\APP\R_Face.c(669): warning:  #1035-D: single-precision operand implicitly converted to double-precision
..\APP\R_Face.c(669): warning:  #1035-D: single-precision operand implicitly converted to double-precision
..\APP\R_Face.c(690): warning:  #1035-D: single-precision operand implicitly converted to double-precision
..\APP\R_Face.c(690): warning:  #1035-D: single-precision operand implicitly converted to double-precision
..\APP\R_Face.c(711): warning:  #1035-D: single-precision operand implicitly converted to double-precision
..\APP\R_Face.c(711): warning:  #1035-D: single-precision operand implicitly converted to double-precision
..\APP\R_Face.c(732): warning:  #1035-D: single-precision operand implicitly converted to double-precision
..\APP\R_Face.c(732): warning:  #1035-D: single-precision operand implicitly converted to double-precision
..\APP\R_Face.c(753): warning:  #1035-D: single-precision operand implicitly converted to double-precision
..\APP\R_Face.c(753): warning:  #1035-D: single-precision operand implicitly converted to double-precision
..\APP\R_Face.c(899): warning:  #181-D: argument is incompatible with corresponding format string conversion
..\APP\R_Face.c(1011): warning:  #181-D: argument is incompatible with corresponding format string conversion
..\APP\R_Face.c(1018): warning:  #181-D: argument is incompatible with corresponding format string conversion
..\APP\R_Face.c(167): warning:  #177-D: variable "NCode" was declared but never referenced
..\APP\R_Face.c(168): warning:  #177-D: variable "Id" was declared but never referenced
..\APP\R_Face.c(176): warning:  #177-D: variable "i" was declared but never referenced
..\APP\R_Face.c(1190): warning:  #940-D: missing return statement at end of non-void function "OC_OP_DOWN"
..\APP\R_Face.c(1261): warning:  #940-D: missing return statement at end of non-void function "OC_OP_UP"
..\APP\R_Face.c(1311): warning:  #223-D: function "Write_Limits" declared implicitly
..\APP\R_Face.c(1352): warning:  #223-D: function "Write_Limits" declared implicitly
..\APP\R_Face.c(1393): warning:  #223-D: function "Write_Limits" declared implicitly
..\APP\R_Face.c(1433): warning:  #223-D: function "Write_Limits" declared implicitly
..\APP\R_Face.c(1438): warning:  #223-D: function "Wrtite_step" declared implicitly
..\APP\R_Face.c(1442): warning:  #940-D: missing return statement at end of non-void function "OC_SET"
..\APP\R_Face.c(1457): warning:  #223-D: function "atoi" declared implicitly
..\APP\R_Face.c(1458): warning:  #223-D: function "strcat" declared implicitly
..\APP\R_Face.c(1466): warning:  #223-D: function "strcat" declared implicitly
..\APP\R_Face.c(1472): warning:  #223-D: function "atoi" declared implicitly
..\APP\R_Face.c(1479): warning:  #223-D: function "strcat" declared implicitly
..\APP\R_Face.c(1490): warning:  #223-D: function "atoi" declared implicitly
..\APP\R_Face.c(1497): warning:  #223-D: function "strcat" declared implicitly
..\APP\R_Face.c(1503): warning:  #223-D: function "atoi" declared implicitly
..\APP\R_Face.c(1505): warning:  #223-D: function "atoi" declared implicitly
..\APP\R_Face.c(1512): warning:  #223-D: function "strcat" declared implicitly
..\APP\R_Face.c(1520): warning:  #223-D: function "atoi" declared implicitly
..\APP\R_Face.c(1536): warning:  #223-D: function "atoi" declared implicitly
..\APP\R_Face.c(1537): warning:  #223-D: function "strcat" declared implicitly
..\APP\R_Face.c(1545): warning:  #223-D: function "strcat" declared implicitly
..\APP\R_Face.c(1551): warning:  #223-D: function "atoi" declared implicitly
..\APP\R_Face.c(1558): warning:  #223-D: function "strcat" declared implicitly
..\APP\R_Face.c(1569): warning:  #223-D: function "atoi" declared implicitly
..\APP\R_Face.c(1576): warning:  #223-D: function "strcat" declared implicitly
..\APP\R_Face.c(1582): warning:  #223-D: function "atoi" declared implicitly
..\APP\R_Face.c(1584): warning:  #223-D: function "atoi" declared implicitly
..\APP\R_Face.c(1591): warning:  #223-D: function "strcat" declared implicitly
..\APP\R_Face.c(1599): warning:  #223-D: function "atoi" declared implicitly
..\APP\R_Face.c(1615): warning:  #223-D: function "atoi" declared implicitly
..\APP\R_Face.c(1616): warning:  #223-D: function "strcat" declared implicitly
..\APP\R_Face.c(1624): warning:  #223-D: function "strcat" declared implicitly
..\APP\R_Face.c(1630): warning:  #223-D: function "atoi" declared implicitly
..\APP\R_Face.c(1637): warning:  #223-D: function "strcat" declared implicitly
..\APP\R_Face.c(1648): warning:  #223-D: function "atoi" declared implicitly
..\APP\R_Face.c(1655): warning:  #223-D: function "strcat" declared implicitly
..\APP\R_Face.c(1661): warning:  #223-D: function "atoi" declared implicitly
..\APP\R_Face.c(1663): warning:  #223-D: function "atoi" declared implicitly
..\APP\R_Face.c(1670): warning:  #223-D: function "strcat" declared implicitly
..\APP\R_Face.c(1678): warning:  #223-D: function "atoi" declared implicitly
..\APP\R_Face.c(1694): warning:  #223-D: function "atoi" declared implicitly
..\APP\R_Face.c(1695): warning:  #223-D: function "strcat" declared implicitly
..\APP\R_Face.c(1702): warning:  #223-D: function "atoi" declared implicitly
..\APP\R_Face.c(1703): warning:  #223-D: function "strcat" declared implicitly
..\APP\R_Face.c(1710): warning:  #223-D: function "atoi" declared implicitly
..\APP\R_Face.c(1711): warning:  #223-D: function "strcat" declared implicitly
..\APP\R_Face.c(1718): warning:  #223-D: function "atoi" declared implicitly
..\APP\R_Face.c(1719): warning:  #223-D: function "strcat" declared implicitly
..\APP\R_Face.c(1729): warning:  #940-D: missing return statement at end of non-void function "INPUT_C"
..\APP\R_Face.c(1739): warning:  #1035-D: single-precision operand implicitly converted to double-precision
..\APP\R_Face.c(1754): warning:  #1035-D: single-precision operand implicitly converted to double-precision
..\APP\R_Face.c(1769): warning:  #940-D: missing return statement at end of non-void function "OC_ADD"
..\APP\R_Face.c(1779): warning:  #223-D: function "BEEP_Tiggr" declared implicitly
..\APP\R_Face.c(1781): warning:  #223-D: function "TM1650_SET_LED" declared implicitly
..\APP\R_Face.c(1805): warning:  #223-D: function "TM1650_SET_LED" declared implicitly
..\APP\R_Face.c(1814): warning:  #223-D: function "BEEP_Tiggr" declared implicitly
..\APP\R_Face.c(1816): warning:  #223-D: function "TM1650_SET_LED" declared implicitly
..\APP\R_Face.c(1840): warning:  #223-D: function "TM1650_SET_LED" declared implicitly
..\APP\R_Face.c(1847): warning:  #223-D: function "BEEP_Tiggr" declared implicitly
..\APP\R_Face.c(1849): warning:  #223-D: function "TM1650_SET_LED" declared implicitly
..\APP\R_Face.c(1882): warning:  #223-D: function "TM1650_SET_LED" declared implicitly
linking...
..\Output\JK_BTSET.axf: Error: L6218E: Undefined symbol Write_Limits (referred from r_face.o).
..\Output\JK_BTSET.axf: Error: L6218E: Undefined symbol Wrtite_step (referred from r_face.o).
..\Output\JK_BTSET.axf: Error: L6218E: Undefined symbol b_type (referred from r_face.o).
..\Output\JK_BTSET.axf: Error: L6218E: Undefined symbol bit (referred from r_face.o).
..\Output\JK_BTSET.axf: Error: L6218E: Undefined symbol dot_flag (referred from r_face.o).
..\Output\JK_BTSET.axf: Error: L6218E: Undefined symbol page_sw (referred from r_face.o).
..\Output\JK_BTSET.axf: Error: L6218E: Undefined symbol para_set1 (referred from r_face.o).
..\Output\JK_BTSET.axf: Error: L6218E: Undefined symbol para_set2 (referred from r_face.o).
..\Output\JK_BTSET.axf: Error: L6218E: Undefined symbol para_set4 (referred from r_face.o).
..\Output\JK_BTSET.axf: Error: L6218E: Undefined symbol set_limit (referred from r_face.o).
..\Output\JK_BTSET.axf: Error: L6218E: Undefined symbol status_flash (referred from r_face.o).
Target not created
Build target 'JK_BTSET'
compiling GUI_X.c...
linking...
..\Output\JK_BTSET.axf: Error: L6218E: Undefined symbol CreateR (referred from key.o).
..\Output\JK_BTSET.axf: Error: L6218E: Undefined symbol hWinR (referred from key.o).
..\Output\JK_BTSET.axf: Error: L6218E: Undefined symbol DISS_Current (referred from modbus.o).
..\Output\JK_BTSET.axf: Error: L6218E: Undefined symbol DISS_POW_Current (referred from modbus.o).
..\Output\JK_BTSET.axf: Error: L6218E: Undefined symbol DISS_POW_Voltage (referred from modbus.o).
..\Output\JK_BTSET.axf: Error: L6218E: Undefined symbol DISS_Voltage (referred from modbus.o).
Target not created
Build target 'JK_BTSET'
compiling main.c...
compiling key.c...
linking...
..\Output\JK_BTSET.axf: Error: L6218E: Undefined symbol hWinR (referred from key.o).
..\Output\JK_BTSET.axf: Error: L6218E: Undefined symbol CreateR (referred from maintask.o).
Target not created
Build target 'JK_BTSET'
compiling key.c...
..\drive\key.c(397): error:  #20: identifier "hWinR" is undefined
..\drive\key.c(406): error:  #20: identifier "hWinR" is undefined
..\drive\key.c(416): error:  #20: identifier "hWinR" is undefined
Target not created
Rebuild target 'JK_BTSET'
assembling startup_stm32f40_41xxx.s...
compiling system_stm32f4xx.c...
compiling misc.c...
compiling stm32f4xx_adc.c...
compiling stm32f4xx_can.c...
compiling stm32f4xx_crc.c...
compiling stm32f4xx_cryp.c...
compiling stm32f4xx_cryp_aes.c...
compiling stm32f4xx_cryp_des.c...
compiling stm32f4xx_cryp_tdes.c...
compiling stm32f4xx_dac.c...
compiling stm32f4xx_dbgmcu.c...
compiling stm32f4xx_dcmi.c...
compiling stm32f4xx_dma.c...
compiling stm32f4xx_dma2d.c...
compiling stm32f4xx_exti.c...
compiling stm32f4xx_flash.c...
compiling stm32f4xx_flash_ramfunc.c...
compiling stm32f4xx_fsmc.c...
compiling stm32f4xx_gpio.c...
compiling stm32f4xx_hash.c...
compiling stm32f4xx_hash_md5.c...
compiling stm32f4xx_hash_sha1.c...
compiling stm32f4xx_i2c.c...
compiling stm32f4xx_iwdg.c...
compiling stm32f4xx_ltdc.c...
compiling stm32f4xx_pwr.c...
compiling stm32f4xx_rcc.c...
compiling stm32f4xx_rng.c...
compiling stm32f4xx_rtc.c...
compiling stm32f4xx_sai.c...
compiling stm32f4xx_sdio.c...
compiling stm32f4xx_spi.c...
compiling stm32f4xx_syscfg.c...
compiling stm32f4xx_tim.c...
compiling stm32f4xx_usart.c...
compiling stm32f4xx_wwdg.c...
compiling main.c...
compiling stm32f4xx_it.c...
compiling adc.c...
compiling AT24C01.c...
compiling BEEP.c...
compiling bsp_SysTick.c...
compiling DAC.c...
compiling flash.c...
compiling GPIO.c...
compiling IIC_24C01.c...
compiling iwdg.c...
compiling key.c...
compiling modbus.c...
compiling ssd1963.c...
..\drive\ssd1963.c(168): warning:  #550-D: variable "FSMC_NORSRAMTimingInitStructure" was set but never used
compiling TIM1.c...
compiling TIM2.c...
compiling TIM6.c...
compiling usart.c...
compiling TM1650.c...
compiling clock.c...
compiling GUI_X.c...
compiling GUIConf.c...
compiling GUIDRV_Template.c...
..\STemWinLibrary522\Config\GUIDRV_Template.c(264): warning:  #177-D: variable "xPhys" was declared but never referenced
..\STemWinLibrary522\Config\GUIDRV_Template.c(264): warning:  #177-D: variable "yPhys" was declared but never referenced
..\STemWinLibrary522\Config\GUIDRV_Template.c(264): warning:  #177-D: variable "lphys" was declared but never referenced
compiling LCDConf_FlexColor_Template.c...
compiling MainTask.c...
compiling menu.c...
compiling load_Face.c...
compiling STARTER.c...
D:\外发资料\电池综合测试仪 2.1\APP\STARTER.c(98): warning:  #223-D: function "CreateR" declared implicitly
compiling HZ16.c...
compiling HZ12.c...
compiling EN40.c...
compiling HZ20S.c...
compiling HZ32.c...
compiling set_font.c...
compiling symbol.c...
compiling usb_core.c...
compiling usb_hcd.c...
compiling usb_hcd_int.c...
compiling usbh_core.c...
compiling usbh_hcs.c...
compiling usbh_ioreq.c...
compiling usbh_stdreq.c...
compiling usbh_msc_bot.c...
compiling usbh_msc_core.c...
compiling usbh_msc_scsi.c...
compiling usb_bsp.c...
compiling usbh_usr.c...
..\USB\USB_APP\usbh_usr.c(19): warning:  #177-D: variable "AppState" was declared but never referenced
linking...
..\Output\JK_BTSET.axf: Error: L6218E: Undefined symbol CreateR (referred from maintask.o).
Target not created
Build target 'JK_BTSET'
linking...
..\Output\JK_BTSET.axf: Error: L6218E: Undefined symbol CreateR (referred from maintask.o).
Target not created
Build target 'JK_BTSET'
compiling MainTask.c...
..\STemWinLibrary522\emWinTask\MainTask.c(59): warning:  #223-D: function "CreateWindow2" declared implicitly
linking...
..\Output\JK_BTSET.axf: Error: L6218E: Undefined symbol CreateR (referred from menu.o).
Target not created
Build target 'JK_BTSET'
compiling menu.c...
..\APP\menu.c(82): warning:  #223-D: function "CreateR" declared implicitly
linking...
..\Output\JK_BTSET.axf: Error: L6218E: Undefined symbol CreateR (referred from menu.o).
Target not created
Build target 'JK_BTSET'
compiling menu.c...
linking...
..\Output\JK_BTSET.axf: Error: L6218E: Undefined symbol CreateR (referred from load_face.o).
Target not created
Build target 'JK_BTSET'
compiling load_Face.c...
linking...
..\Output\JK_BTSET.axf: Error: L6218E: Undefined symbol CreateR (referred from starter.o).
Target not created
Build target 'JK_BTSET'
compiling STARTER.c...
linking...
Program Size: Code=75496 RO-data=20460 RW-data=1908 ZI-data=34508  
FromELF: creating hex file...
"..\Output\JK_BTSET.axf" - 0 Error(s), 0 Warning(s).
Build target 'JK_BTSET'
compiling load_Face.c...
..\APP\load_Face.c(101): error:  #20: identifier "lang" is undefined
..\APP\load_Face.c(149): warning:  #223-D: function "sprintf" declared implicitly
..\APP\load_Face.c(153): warning:  #223-D: function "sprintf" declared implicitly
..\APP\load_Face.c(158): warning:  #223-D: function "sprintf" declared implicitly
..\APP\load_Face.c(170): warning:  #223-D: function "sprintf" declared implicitly
..\APP\load_Face.c(175): warning:  #223-D: function "sprintf" declared implicitly
..\APP\load_Face.c(183): error:  #20: identifier "bc_raw" is undefined
..\APP\load_Face.c(356): warning:  #223-D: function "sprintf" declared implicitly
..\APP\load_Face.c(492): warning:  #223-D: function "TM1650_SET_LED" declared implicitly
..\APP\load_Face.c(536): warning:  #223-D: function "sprintf" declared implicitly
..\APP\load_Face.c(542): warning:  #223-D: function "Write_Limits" declared implicitly
..\APP\load_Face.c(550): warning:  #940-D: missing return statement at end of non-void function "LOAD_SET"
..\APP\load_Face.c(564): warning:  #223-D: function "atoi" declared implicitly
..\APP\load_Face.c(565): warning:  #223-D: function "strcat" declared implicitly
..\APP\load_Face.c(573): warning:  #223-D: function "strcat" declared implicitly
..\APP\load_Face.c(579): warning:  #223-D: function "atoi" declared implicitly
..\APP\load_Face.c(586): warning:  #223-D: function "strcat" declared implicitly
..\APP\load_Face.c(597): warning:  #223-D: function "atoi" declared implicitly
..\APP\load_Face.c(604): warning:  #223-D: function "strcat" declared implicitly
..\APP\load_Face.c(610): warning:  #223-D: function "atoi" declared implicitly
..\APP\load_Face.c(612): warning:  #223-D: function "atoi" declared implicitly
..\APP\load_Face.c(619): warning:  #223-D: function "strcat" declared implicitly
..\APP\load_Face.c(627): warning:  #223-D: function "atoi" declared implicitly
..\APP\load_Face.c(637): warning:  #940-D: missing return statement at end of non-void function "INPUT_LOAD"
..\APP\load_Face.c(647): warning:  #223-D: function "BEEP_Tiggr" declared implicitly
..\APP\load_Face.c(649): warning:  #223-D: function "TM1650_SET_LED" declared implicitly
..\APP\load_Face.c(653): warning:  #223-D: function "TM1650_SET_LED" declared implicitly
..\APP\load_Face.c(658): warning:  #223-D: function "TM1650_SET_LED" declared implicitly
Target not created
Build target 'JK_BTSET'
compiling load_Face.c...
..\APP\load_Face.c(150): warning:  #223-D: function "sprintf" declared implicitly
..\APP\load_Face.c(154): warning:  #223-D: function "sprintf" declared implicitly
..\APP\load_Face.c(159): warning:  #223-D: function "sprintf" declared implicitly
..\APP\load_Face.c(171): warning:  #223-D: function "sprintf" declared implicitly
..\APP\load_Face.c(176): warning:  #223-D: function "sprintf" declared implicitly
..\APP\load_Face.c(184): error:  #20: identifier "bc_raw" is undefined
..\APP\load_Face.c(357): warning:  #223-D: function "sprintf" declared implicitly
..\APP\load_Face.c(493): warning:  #223-D: function "TM1650_SET_LED" declared implicitly
..\APP\load_Face.c(537): warning:  #223-D: function "sprintf" declared implicitly
..\APP\load_Face.c(543): warning:  #223-D: function "Write_Limits" declared implicitly
..\APP\load_Face.c(551): warning:  #940-D: missing return statement at end of non-void function "LOAD_SET"
..\APP\load_Face.c(565): warning:  #223-D: function "atoi" declared implicitly
..\APP\load_Face.c(566): warning:  #223-D: function "strcat" declared implicitly
..\APP\load_Face.c(574): warning:  #223-D: function "strcat" declared implicitly
..\APP\load_Face.c(580): warning:  #223-D: function "atoi" declared implicitly
..\APP\load_Face.c(587): warning:  #223-D: function "strcat" declared implicitly
..\APP\load_Face.c(598): warning:  #223-D: function "atoi" declared implicitly
..\APP\load_Face.c(605): warning:  #223-D: function "strcat" declared implicitly
..\APP\load_Face.c(611): warning:  #223-D: function "atoi" declared implicitly
..\APP\load_Face.c(613): warning:  #223-D: function "atoi" declared implicitly
..\APP\load_Face.c(620): warning:  #223-D: function "strcat" declared implicitly
..\APP\load_Face.c(628): warning:  #223-D: function "atoi" declared implicitly
..\APP\load_Face.c(638): warning:  #940-D: missing return statement at end of non-void function "INPUT_LOAD"
..\APP\load_Face.c(648): warning:  #223-D: function "BEEP_Tiggr" declared implicitly
..\APP\load_Face.c(650): warning:  #223-D: function "TM1650_SET_LED" declared implicitly
..\APP\load_Face.c(654): warning:  #223-D: function "TM1650_SET_LED" declared implicitly
..\APP\load_Face.c(659): warning:  #223-D: function "TM1650_SET_LED" declared implicitly
Target not created
Build target 'JK_BTSET'
compiling TIM6.c...
compiling load_Face.c...
..\APP\load_Face.c(150): warning:  #223-D: function "sprintf" declared implicitly
..\APP\load_Face.c(154): warning:  #223-D: function "sprintf" declared implicitly
..\APP\load_Face.c(159): warning:  #223-D: function "sprintf" declared implicitly
..\APP\load_Face.c(171): warning:  #223-D: function "sprintf" declared implicitly
..\APP\load_Face.c(176): warning:  #223-D: function "sprintf" declared implicitly
..\APP\load_Face.c(184): error:  #20: identifier "bc_raw" is undefined
..\APP\load_Face.c(357): warning:  #223-D: function "sprintf" declared implicitly
..\APP\load_Face.c(493): warning:  #223-D: function "TM1650_SET_LED" declared implicitly
..\APP\load_Face.c(537): warning:  #223-D: function "sprintf" declared implicitly
..\APP\load_Face.c(543): warning:  #223-D: function "Write_Limits" declared implicitly
..\APP\load_Face.c(551): warning:  #940-D: missing return statement at end of non-void function "LOAD_SET"
..\APP\load_Face.c(565): warning:  #223-D: function "atoi" declared implicitly
..\APP\load_Face.c(566): warning:  #223-D: function "strcat" declared implicitly
..\APP\load_Face.c(574): warning:  #223-D: function "strcat" declared implicitly
..\APP\load_Face.c(580): warning:  #223-D: function "atoi" declared implicitly
..\APP\load_Face.c(587): warning:  #223-D: function "strcat" declared implicitly
..\APP\load_Face.c(598): warning:  #223-D: function "atoi" declared implicitly
..\APP\load_Face.c(605): warning:  #223-D: function "strcat" declared implicitly
..\APP\load_Face.c(611): warning:  #223-D: function "atoi" declared implicitly
..\APP\load_Face.c(613): warning:  #223-D: function "atoi" declared implicitly
..\APP\load_Face.c(620): warning:  #223-D: function "strcat" declared implicitly
..\APP\load_Face.c(628): warning:  #223-D: function "atoi" declared implicitly
..\APP\load_Face.c(638): warning:  #940-D: missing return statement at end of non-void function "INPUT_LOAD"
..\APP\load_Face.c(648): warning:  #223-D: function "BEEP_Tiggr" declared implicitly
..\APP\load_Face.c(650): warning:  #223-D: function "TM1650_SET_LED" declared implicitly
..\APP\load_Face.c(654): warning:  #223-D: function "TM1650_SET_LED" declared implicitly
..\APP\load_Face.c(659): warning:  #223-D: function "TM1650_SET_LED" declared implicitly
Target not created
Build target 'JK_BTSET'
compiling main.c...
compiling stm32f4xx_it.c...
compiling adc.c...
compiling AT24C01.c...
compiling BEEP.c...
compiling bsp_SysTick.c...
compiling flash.c...
compiling GPIO.c...
compiling IIC_24C01.c...
compiling key.c...
compiling modbus.c...
compiling ssd1963.c...
..\drive\ssd1963.c(168): warning:  #550-D: variable "FSMC_NORSRAMTimingInitStructure" was set but never used
compiling TIM1.c...
compiling TIM2.c...
compiling TIM6.c...
compiling usart.c...
compiling TM1650.c...
compiling clock.c...
compiling GUIDRV_Template.c...
..\STemWinLibrary522\Config\GUIDRV_Template.c(264): warning:  #177-D: variable "xPhys" was declared but never referenced
..\STemWinLibrary522\Config\GUIDRV_Template.c(264): warning:  #177-D: variable "yPhys" was declared but never referenced
..\STemWinLibrary522\Config\GUIDRV_Template.c(264): warning:  #177-D: variable "lphys" was declared but never referenced
compiling LCDConf_FlexColor_Template.c...
compiling MainTask.c...
..\STemWinLibrary522\emWinTask\MainTask.c(59): warning:  #223-D: function "CreateWindow2" declared implicitly
compiling menu.c...
compiling load_Face.c...
..\APP\load_Face.c(150): warning:  #223-D: function "sprintf" declared implicitly
..\APP\load_Face.c(154): warning:  #223-D: function "sprintf" declared implicitly
..\APP\load_Face.c(159): warning:  #223-D: function "sprintf" declared implicitly
..\APP\load_Face.c(171): warning:  #223-D: function "sprintf" declared implicitly
..\APP\load_Face.c(176): warning:  #223-D: function "sprintf" declared implicitly
..\APP\load_Face.c(357): warning:  #223-D: function "sprintf" declared implicitly
..\APP\load_Face.c(493): warning:  #223-D: function "TM1650_SET_LED" declared implicitly
..\APP\load_Face.c(537): warning:  #223-D: function "sprintf" declared implicitly
..\APP\load_Face.c(543): warning:  #223-D: function "Write_Limits" declared implicitly
..\APP\load_Face.c(551): warning:  #940-D: missing return statement at end of non-void function "LOAD_SET"
..\APP\load_Face.c(565): warning:  #223-D: function "atoi" declared implicitly
..\APP\load_Face.c(566): warning:  #223-D: function "strcat" declared implicitly
..\APP\load_Face.c(574): warning:  #223-D: function "strcat" declared implicitly
..\APP\load_Face.c(580): warning:  #223-D: function "atoi" declared implicitly
..\APP\load_Face.c(587): warning:  #223-D: function "strcat" declared implicitly
..\APP\load_Face.c(598): warning:  #223-D: function "atoi" declared implicitly
..\APP\load_Face.c(605): warning:  #223-D: function "strcat" declared implicitly
..\APP\load_Face.c(611): warning:  #223-D: function "atoi" declared implicitly
..\APP\load_Face.c(613): warning:  #223-D: function "atoi" declared implicitly
..\APP\load_Face.c(620): warning:  #223-D: function "strcat" declared implicitly
..\APP\load_Face.c(628): warning:  #223-D: function "atoi" declared implicitly
..\APP\load_Face.c(638): warning:  #940-D: missing return statement at end of non-void function "INPUT_LOAD"
..\APP\load_Face.c(648): warning:  #223-D: function "BEEP_Tiggr" declared implicitly
..\APP\load_Face.c(650): warning:  #223-D: function "TM1650_SET_LED" declared implicitly
..\APP\load_Face.c(654): warning:  #223-D: function "TM1650_SET_LED" declared implicitly
..\APP\load_Face.c(659): warning:  #223-D: function "TM1650_SET_LED" declared implicitly
compiling STARTER.c...
linking...
..\Output\JK_BTSET.axf: Error: L6218E: Undefined symbol Write_Limits (referred from load_face.o).
..\Output\JK_BTSET.axf: Error: L6218E: Undefined symbol battery_c (referred from load_face.o).
..\Output\JK_BTSET.axf: Error: L6218E: Undefined symbol bit (referred from load_face.o).
..\Output\JK_BTSET.axf: Error: L6218E: Undefined symbol dot_flag (referred from load_face.o).
..\Output\JK_BTSET.axf: Error: L6218E: Undefined symbol page_sw (referred from load_face.o).
..\Output\JK_BTSET.axf: Error: L6218E: Undefined symbol para_set1 (referred from load_face.o).
..\Output\JK_BTSET.axf: Error: L6218E: Undefined symbol para_set4 (referred from load_face.o).
..\Output\JK_BTSET.axf: Error: L6218E: Undefined symbol set_limit (referred from load_face.o).
..\Output\JK_BTSET.axf: Error: L6218E: Undefined symbol set_sw (referred from load_face.o).
..\Output\JK_BTSET.axf: Error: L6218E: Undefined symbol status_flash (referred from load_face.o).
Target not created
Build target 'JK_BTSET'
compiling key.c...
compiling TIM6.c...
..\drive\TIM6.c(52): warning:  #1-D: last line of file ends without a newline
compiling R_Face.c...
..\APP\R_Face.c(283): warning:  #223-D: function "Mode_SW_CONT" declared implicitly
..\APP\R_Face.c(285): warning:  #1035-D: single-precision operand implicitly converted to double-precision
..\APP\R_Face.c(289): warning:  #223-D: function "Mode_SW_CONT" declared implicitly
..\APP\R_Face.c(300): warning:  #223-D: function "Mode_SW_CONT" declared implicitly
..\APP\R_Face.c(305): warning:  #223-D: function "Mode_SW_CONT" declared implicitly
..\APP\R_Face.c(321): warning:  #1035-D: single-precision operand implicitly converted to double-precision
..\APP\R_Face.c(326): warning:  #1035-D: single-precision operand implicitly converted to double-precision
..\APP\R_Face.c(338): warning:  #1035-D: single-precision operand implicitly converted to double-precision
..\APP\R_Face.c(342): warning:  #1035-D: single-precision operand implicitly converted to double-precision
..\APP\R_Face.c(359): warning:  #223-D: function "Mode_SW_CONT" declared implicitly
..\APP\R_Face.c(416): warning:  #181-D: argument is incompatible with corresponding format string conversion
..\APP\R_Face.c(445): warning:  #1035-D: single-precision operand implicitly converted to double-precision
..\APP\R_Face.c(449): warning:  #223-D: function "TM1650_SET_LED" declared implicitly
..\APP\R_Face.c(504): warning:  #223-D: function "Mode_SW_CONT" declared implicitly
..\APP\R_Face.c(508): warning:  #223-D: function "Mode_SW_CONT" declared implicitly
..\APP\R_Face.c(530): warning:  #223-D: function "Mode_SW_CONT" declared implicitly
..\APP\R_Face.c(580): warning:  #181-D: argument is incompatible with corresponding format string conversion
..\APP\R_Face.c(608): warning:  #1035-D: single-precision operand implicitly converted to double-precision
..\APP\R_Face.c(612): warning:  #223-D: function "TM1650_SET_LED" declared implicitly
..\APP\R_Face.c(646): warning:  #223-D: function "TM1650_SET_LED" declared implicitly
..\APP\R_Face.c(655): warning:  #223-D: function "TM1650_SET_LED" declared implicitly
..\APP\R_Face.c(667): warning:  #1035-D: single-precision operand implicitly converted to double-precision
..\APP\R_Face.c(667): warning:  #1035-D: single-precision operand implicitly converted to double-precision
..\APP\R_Face.c(688): warning:  #1035-D: single-precision operand implicitly converted to double-precision
..\APP\R_Face.c(688): warning:  #1035-D: single-precision operand implicitly converted to double-precision
..\APP\R_Face.c(709): warning:  #1035-D: single-precision operand implicitly converted to double-precision
..\APP\R_Face.c(709): warning:  #1035-D: single-precision operand implicitly converted to double-precision
..\APP\R_Face.c(730): warning:  #1035-D: single-precision operand implicitly converted to double-precision
..\APP\R_Face.c(730): warning:  #1035-D: single-precision operand implicitly converted to double-precision
..\APP\R_Face.c(751): warning:  #1035-D: single-precision operand implicitly converted to double-precision
..\APP\R_Face.c(751): warning:  #1035-D: single-precision operand implicitly converted to double-precision
..\APP\R_Face.c(897): warning:  #181-D: argument is incompatible with corresponding format string conversion
..\APP\R_Face.c(1009): warning:  #181-D: argument is incompatible with corresponding format string conversion
..\APP\R_Face.c(1016): warning:  #181-D: argument is incompatible with corresponding format string conversion
..\APP\R_Face.c(165): warning:  #177-D: variable "NCode" was declared but never referenced
..\APP\R_Face.c(166): warning:  #177-D: variable "Id" was declared but never referenced
..\APP\R_Face.c(174): warning:  #177-D: variable "i" was declared but never referenced
..\APP\R_Face.c(1188): warning:  #940-D: missing return statement at end of non-void function "OC_OP_DOWN"
..\APP\R_Face.c(1259): warning:  #940-D: missing return statement at end of non-void function "OC_OP_UP"
..\APP\R_Face.c(1309): warning:  #223-D: function "Write_Limits" declared implicitly
..\APP\R_Face.c(1350): warning:  #223-D: function "Write_Limits" declared implicitly
..\APP\R_Face.c(1391): warning:  #223-D: function "Write_Limits" declared implicitly
..\APP\R_Face.c(1431): warning:  #223-D: function "Write_Limits" declared implicitly
..\APP\R_Face.c(1436): warning:  #223-D: function "Wrtite_step" declared implicitly
..\APP\R_Face.c(1440): warning:  #940-D: missing return statement at end of non-void function "OC_SET"
..\APP\R_Face.c(1455): warning:  #223-D: function "atoi" declared implicitly
..\APP\R_Face.c(1456): warning:  #223-D: function "strcat" declared implicitly
..\APP\R_Face.c(1464): warning:  #223-D: function "strcat" declared implicitly
..\APP\R_Face.c(1470): warning:  #223-D: function "atoi" declared implicitly
..\APP\R_Face.c(1477): warning:  #223-D: function "strcat" declared implicitly
..\APP\R_Face.c(1488): warning:  #223-D: function "atoi" declared implicitly
..\APP\R_Face.c(1495): warning:  #223-D: function "strcat" declared implicitly
..\APP\R_Face.c(1501): warning:  #223-D: function "atoi" declared implicitly
..\APP\R_Face.c(1503): warning:  #223-D: function "atoi" declared implicitly
..\APP\R_Face.c(1510): warning:  #223-D: function "strcat" declared implicitly
..\APP\R_Face.c(1518): warning:  #223-D: function "atoi" declared implicitly
..\APP\R_Face.c(1534): warning:  #223-D: function "atoi" declared implicitly
..\APP\R_Face.c(1535): warning:  #223-D: function "strcat" declared implicitly
..\APP\R_Face.c(1543): warning:  #223-D: function "strcat" declared implicitly
..\APP\R_Face.c(1549): warning:  #223-D: function "atoi" declared implicitly
..\APP\R_Face.c(1556): warning:  #223-D: function "strcat" declared implicitly
..\APP\R_Face.c(1567): warning:  #223-D: function "atoi" declared implicitly
..\APP\R_Face.c(1574): warning:  #223-D: function "strcat" declared implicitly
..\APP\R_Face.c(1580): warning:  #223-D: function "atoi" declared implicitly
..\APP\R_Face.c(1582): warning:  #223-D: function "atoi" declared implicitly
..\APP\R_Face.c(1589): warning:  #223-D: function "strcat" declared implicitly
..\APP\R_Face.c(1597): warning:  #223-D: function "atoi" declared implicitly
..\APP\R_Face.c(1613): warning:  #223-D: function "atoi" declared implicitly
..\APP\R_Face.c(1614): warning:  #223-D: function "strcat" declared implicitly
..\APP\R_Face.c(1622): warning:  #223-D: function "strcat" declared implicitly
..\APP\R_Face.c(1628): warning:  #223-D: function "atoi" declared implicitly
..\APP\R_Face.c(1635): warning:  #223-D: function "strcat" declared implicitly
..\APP\R_Face.c(1646): warning:  #223-D: function "atoi" declared implicitly
..\APP\R_Face.c(1653): warning:  #223-D: function "strcat" declared implicitly
..\APP\R_Face.c(1659): warning:  #223-D: function "atoi" declared implicitly
..\APP\R_Face.c(1661): warning:  #223-D: function "atoi" declared implicitly
..\APP\R_Face.c(1668): warning:  #223-D: function "strcat" declared implicitly
..\APP\R_Face.c(1676): warning:  #223-D: function "atoi" declared implicitly
..\APP\R_Face.c(1692): warning:  #223-D: function "atoi" declared implicitly
..\APP\R_Face.c(1693): warning:  #223-D: function "strcat" declared implicitly
..\APP\R_Face.c(1700): warning:  #223-D: function "atoi" declared implicitly
..\APP\R_Face.c(1701): warning:  #223-D: function "strcat" declared implicitly
..\APP\R_Face.c(1708): warning:  #223-D: function "atoi" declared implicitly
..\APP\R_Face.c(1709): warning:  #223-D: function "strcat" declared implicitly
..\APP\R_Face.c(1716): warning:  #223-D: function "atoi" declared implicitly
..\APP\R_Face.c(1717): warning:  #223-D: function "strcat" declared implicitly
..\APP\R_Face.c(1727): warning:  #940-D: missing return statement at end of non-void function "INPUT_C"
..\APP\R_Face.c(1737): warning:  #1035-D: single-precision operand implicitly converted to double-precision
..\APP\R_Face.c(1752): warning:  #1035-D: single-precision operand implicitly converted to double-precision
..\APP\R_Face.c(1767): warning:  #940-D: missing return statement at end of non-void function "OC_ADD"
..\APP\R_Face.c(1777): warning:  #223-D: function "BEEP_Tiggr" declared implicitly
..\APP\R_Face.c(1779): warning:  #223-D: function "TM1650_SET_LED" declared implicitly
..\APP\R_Face.c(1803): warning:  #223-D: function "TM1650_SET_LED" declared implicitly
..\APP\R_Face.c(1812): warning:  #223-D: function "BEEP_Tiggr" declared implicitly
..\APP\R_Face.c(1814): warning:  #223-D: function "TM1650_SET_LED" declared implicitly
..\APP\R_Face.c(1838): warning:  #223-D: function "TM1650_SET_LED" declared implicitly
..\APP\R_Face.c(1845): warning:  #223-D: function "BEEP_Tiggr" declared implicitly
..\APP\R_Face.c(1847): warning:  #223-D: function "TM1650_SET_LED" declared implicitly
..\APP\R_Face.c(1880): warning:  #223-D: function "TM1650_SET_LED" declared implicitly
compiling load_Face.c...
..\APP\load_Face.c(265): warning:  #1-D: last line of file ends without a newline
linking...
..\Output\JK_BTSET.axf: Error: L6218E: Undefined symbol Write_Limits (referred from r_face.o).
..\Output\JK_BTSET.axf: Error: L6218E: Undefined symbol Wrtite_step (referred from r_face.o).
..\Output\JK_BTSET.axf: Error: L6218E: Undefined symbol b_type (referred from r_face.o).
..\Output\JK_BTSET.axf: Error: L6218E: Undefined symbol bit (referred from r_face.o).
..\Output\JK_BTSET.axf: Error: L6218E: Undefined symbol dot_flag (referred from r_face.o).
..\Output\JK_BTSET.axf: Error: L6218E: Undefined symbol page_sw (referred from r_face.o).
..\Output\JK_BTSET.axf: Error: L6218E: Undefined symbol para_set1 (referred from r_face.o).
..\Output\JK_BTSET.axf: Error: L6218E: Undefined symbol para_set2 (referred from r_face.o).
..\Output\JK_BTSET.axf: Error: L6218E: Undefined symbol para_set4 (referred from r_face.o).
..\Output\JK_BTSET.axf: Error: L6218E: Undefined symbol set_limit (referred from r_face.o).
..\Output\JK_BTSET.axf: Error: L6218E: Undefined symbol status_flash (referred from r_face.o).
Target not created
Build target 'JK_BTSET'
compiling load_Face.c...
..\APP\load_Face.c(265): warning:  #1-D: last line of file ends without a newline
linking...
..\Output\JK_BTSET.axf: Error: L6218E: Undefined symbol Write_Limits (referred from r_face.o).
..\Output\JK_BTSET.axf: Error: L6218E: Undefined symbol Wrtite_step (referred from r_face.o).
..\Output\JK_BTSET.axf: Error: L6218E: Undefined symbol b_type (referred from r_face.o).
..\Output\JK_BTSET.axf: Error: L6218E: Undefined symbol bit (referred from r_face.o).
..\Output\JK_BTSET.axf: Error: L6218E: Undefined symbol dot_flag (referred from r_face.o).
..\Output\JK_BTSET.axf: Error: L6218E: Undefined symbol page_sw (referred from r_face.o).
..\Output\JK_BTSET.axf: Error: L6218E: Undefined symbol para_set1 (referred from r_face.o).
..\Output\JK_BTSET.axf: Error: L6218E: Undefined symbol para_set2 (referred from r_face.o).
..\Output\JK_BTSET.axf: Error: L6218E: Undefined symbol para_set4 (referred from r_face.o).
..\Output\JK_BTSET.axf: Error: L6218E: Undefined symbol set_limit (referred from r_face.o).
..\Output\JK_BTSET.axf: Error: L6218E: Undefined symbol status_flash (referred from r_face.o).
Target not created
Build target 'JK_BTSET'
compiling flash.c...
..\drive\flash.c(382): error:  #20: identifier "steptime" is undefined
Target not created
Build target 'JK_BTSET'
compiling main.c...
compiling stm32f4xx_it.c...
compiling adc.c...
compiling AT24C01.c...
compiling BEEP.c...
compiling bsp_SysTick.c...
compiling flash.c...
compiling GPIO.c...
compiling IIC_24C01.c...
compiling key.c...
compiling modbus.c...
compiling ssd1963.c...
..\drive\ssd1963.c(168): warning:  #550-D: variable "FSMC_NORSRAMTimingInitStructure" was set but never used
compiling TIM1.c...
compiling TIM2.c...
compiling TIM6.c...
..\drive\TIM6.c(52): warning:  #1-D: last line of file ends without a newline
compiling usart.c...
compiling TM1650.c...
compiling clock.c...
compiling GUIDRV_Template.c...
..\STemWinLibrary522\Config\GUIDRV_Template.c(264): warning:  #177-D: variable "xPhys" was declared but never referenced
..\STemWinLibrary522\Config\GUIDRV_Template.c(264): warning:  #177-D: variable "yPhys" was declared but never referenced
..\STemWinLibrary522\Config\GUIDRV_Template.c(264): warning:  #177-D: variable "lphys" was declared but never referenced
compiling LCDConf_FlexColor_Template.c...
compiling MainTask.c...
..\STemWinLibrary522\emWinTask\MainTask.c(59): warning:  #223-D: function "CreateWindow2" declared implicitly
compiling menu.c...
compiling R_Face.c...
..\APP\R_Face.c(283): warning:  #223-D: function "Mode_SW_CONT" declared implicitly
..\APP\R_Face.c(285): warning:  #1035-D: single-precision operand implicitly converted to double-precision
..\APP\R_Face.c(289): warning:  #223-D: function "Mode_SW_CONT" declared implicitly
..\APP\R_Face.c(300): warning:  #223-D: function "Mode_SW_CONT" declared implicitly
..\APP\R_Face.c(305): warning:  #223-D: function "Mode_SW_CONT" declared implicitly
..\APP\R_Face.c(321): warning:  #1035-D: single-precision operand implicitly converted to double-precision
..\APP\R_Face.c(326): warning:  #1035-D: single-precision operand implicitly converted to double-precision
..\APP\R_Face.c(338): warning:  #1035-D: single-precision operand implicitly converted to double-precision
..\APP\R_Face.c(342): warning:  #1035-D: single-precision operand implicitly converted to double-precision
..\APP\R_Face.c(359): warning:  #223-D: function "Mode_SW_CONT" declared implicitly
..\APP\R_Face.c(416): warning:  #181-D: argument is incompatible with corresponding format string conversion
..\APP\R_Face.c(445): warning:  #1035-D: single-precision operand implicitly converted to double-precision
..\APP\R_Face.c(449): warning:  #223-D: function "TM1650_SET_LED" declared implicitly
..\APP\R_Face.c(504): warning:  #223-D: function "Mode_SW_CONT" declared implicitly
..\APP\R_Face.c(508): warning:  #223-D: function "Mode_SW_CONT" declared implicitly
..\APP\R_Face.c(530): warning:  #223-D: function "Mode_SW_CONT" declared implicitly
..\APP\R_Face.c(580): warning:  #181-D: argument is incompatible with corresponding format string conversion
..\APP\R_Face.c(608): warning:  #1035-D: single-precision operand implicitly converted to double-precision
..\APP\R_Face.c(612): warning:  #223-D: function "TM1650_SET_LED" declared implicitly
..\APP\R_Face.c(646): warning:  #223-D: function "TM1650_SET_LED" declared implicitly
..\APP\R_Face.c(655): warning:  #223-D: function "TM1650_SET_LED" declared implicitly
..\APP\R_Face.c(667): warning:  #1035-D: single-precision operand implicitly converted to double-precision
..\APP\R_Face.c(667): warning:  #1035-D: single-precision operand implicitly converted to double-precision
..\APP\R_Face.c(688): warning:  #1035-D: single-precision operand implicitly converted to double-precision
..\APP\R_Face.c(688): warning:  #1035-D: single-precision operand implicitly converted to double-precision
..\APP\R_Face.c(709): warning:  #1035-D: single-precision operand implicitly converted to double-precision
..\APP\R_Face.c(709): warning:  #1035-D: single-precision operand implicitly converted to double-precision
..\APP\R_Face.c(730): warning:  #1035-D: single-precision operand implicitly converted to double-precision
..\APP\R_Face.c(730): warning:  #1035-D: single-precision operand implicitly converted to double-precision
..\APP\R_Face.c(751): warning:  #1035-D: single-precision operand implicitly converted to double-precision
..\APP\R_Face.c(751): warning:  #1035-D: single-precision operand implicitly converted to double-precision
..\APP\R_Face.c(897): warning:  #181-D: argument is incompatible with corresponding format string conversion
..\APP\R_Face.c(1009): warning:  #181-D: argument is incompatible with corresponding format string conversion
..\APP\R_Face.c(1016): warning:  #181-D: argument is incompatible with corresponding format string conversion
..\APP\R_Face.c(165): warning:  #177-D: variable "NCode" was declared but never referenced
..\APP\R_Face.c(166): warning:  #177-D: variable "Id" was declared but never referenced
..\APP\R_Face.c(174): warning:  #177-D: variable "i" was declared but never referenced
..\APP\R_Face.c(1188): warning:  #940-D: missing return statement at end of non-void function "OC_OP_DOWN"
..\APP\R_Face.c(1259): warning:  #940-D: missing return statement at end of non-void function "OC_OP_UP"
..\APP\R_Face.c(1309): warning:  #223-D: function "Write_Limits" declared implicitly
..\APP\R_Face.c(1350): warning:  #223-D: function "Write_Limits" declared implicitly
..\APP\R_Face.c(1391): warning:  #223-D: function "Write_Limits" declared implicitly
..\APP\R_Face.c(1431): warning:  #223-D: function "Write_Limits" declared implicitly
..\APP\R_Face.c(1436): warning:  #223-D: function "Wrtite_step" declared implicitly
..\APP\R_Face.c(1440): warning:  #940-D: missing return statement at end of non-void function "OC_SET"
..\APP\R_Face.c(1455): warning:  #223-D: function "atoi" declared implicitly
..\APP\R_Face.c(1456): warning:  #223-D: function "strcat" declared implicitly
..\APP\R_Face.c(1464): warning:  #223-D: function "strcat" declared implicitly
..\APP\R_Face.c(1470): warning:  #223-D: function "atoi" declared implicitly
..\APP\R_Face.c(1477): warning:  #223-D: function "strcat" declared implicitly
..\APP\R_Face.c(1488): warning:  #223-D: function "atoi" declared implicitly
..\APP\R_Face.c(1495): warning:  #223-D: function "strcat" declared implicitly
..\APP\R_Face.c(1501): warning:  #223-D: function "atoi" declared implicitly
..\APP\R_Face.c(1503): warning:  #223-D: function "atoi" declared implicitly
..\APP\R_Face.c(1510): warning:  #223-D: function "strcat" declared implicitly
..\APP\R_Face.c(1518): warning:  #223-D: function "atoi" declared implicitly
..\APP\R_Face.c(1534): warning:  #223-D: function "atoi" declared implicitly
..\APP\R_Face.c(1535): warning:  #223-D: function "strcat" declared implicitly
..\APP\R_Face.c(1543): warning:  #223-D: function "strcat" declared implicitly
..\APP\R_Face.c(1549): warning:  #223-D: function "atoi" declared implicitly
..\APP\R_Face.c(1556): warning:  #223-D: function "strcat" declared implicitly
..\APP\R_Face.c(1567): warning:  #223-D: function "atoi" declared implicitly
..\APP\R_Face.c(1574): warning:  #223-D: function "strcat" declared implicitly
..\APP\R_Face.c(1580): warning:  #223-D: function "atoi" declared implicitly
..\APP\R_Face.c(1582): warning:  #223-D: function "atoi" declared implicitly
..\APP\R_Face.c(1589): warning:  #223-D: function "strcat" declared implicitly
..\APP\R_Face.c(1597): warning:  #223-D: function "atoi" declared implicitly
..\APP\R_Face.c(1613): warning:  #223-D: function "atoi" declared implicitly
..\APP\R_Face.c(1614): warning:  #223-D: function "strcat" declared implicitly
..\APP\R_Face.c(1622): warning:  #223-D: function "strcat" declared implicitly
..\APP\R_Face.c(1628): warning:  #223-D: function "atoi" declared implicitly
..\APP\R_Face.c(1635): warning:  #223-D: function "strcat" declared implicitly
..\APP\R_Face.c(1646): warning:  #223-D: function "atoi" declared implicitly
..\APP\R_Face.c(1653): warning:  #223-D: function "strcat" declared implicitly
..\APP\R_Face.c(1659): warning:  #223-D: function "atoi" declared implicitly
..\APP\R_Face.c(1661): warning:  #223-D: function "atoi" declared implicitly
..\APP\R_Face.c(1668): warning:  #223-D: function "strcat" declared implicitly
..\APP\R_Face.c(1676): warning:  #223-D: function "atoi" declared implicitly
..\APP\R_Face.c(1692): warning:  #223-D: function "atoi" declared implicitly
..\APP\R_Face.c(1693): warning:  #223-D: function "strcat" declared implicitly
..\APP\R_Face.c(1700): warning:  #223-D: function "atoi" declared implicitly
..\APP\R_Face.c(1701): warning:  #223-D: function "strcat" declared implicitly
..\APP\R_Face.c(1708): warning:  #223-D: function "atoi" declared implicitly
..\APP\R_Face.c(1709): warning:  #223-D: function "strcat" declared implicitly
..\APP\R_Face.c(1716): warning:  #223-D: function "atoi" declared implicitly
..\APP\R_Face.c(1717): warning:  #223-D: function "strcat" declared implicitly
..\APP\R_Face.c(1727): warning:  #940-D: missing return statement at end of non-void function "INPUT_C"
..\APP\R_Face.c(1737): warning:  #1035-D: single-precision operand implicitly converted to double-precision
..\APP\R_Face.c(1752): warning:  #1035-D: single-precision operand implicitly converted to double-precision
..\APP\R_Face.c(1767): warning:  #940-D: missing return statement at end of non-void function "OC_ADD"
..\APP\R_Face.c(1777): warning:  #223-D: function "BEEP_Tiggr" declared implicitly
..\APP\R_Face.c(1779): warning:  #223-D: function "TM1650_SET_LED" declared implicitly
..\APP\R_Face.c(1803): warning:  #223-D: function "TM1650_SET_LED" declared implicitly
..\APP\R_Face.c(1812): warning:  #223-D: function "BEEP_Tiggr" declared implicitly
..\APP\R_Face.c(1814): warning:  #223-D: function "TM1650_SET_LED" declared implicitly
..\APP\R_Face.c(1838): warning:  #223-D: function "TM1650_SET_LED" declared implicitly
..\APP\R_Face.c(1845): warning:  #223-D: function "BEEP_Tiggr" declared implicitly
..\APP\R_Face.c(1847): warning:  #223-D: function "TM1650_SET_LED" declared implicitly
..\APP\R_Face.c(1880): warning:  #223-D: function "TM1650_SET_LED" declared implicitly
compiling load_Face.c...
..\APP\load_Face.c(265): warning:  #1-D: last line of file ends without a newline
compiling STARTER.c...
linking...
..\Output\JK_BTSET.axf: Error: L6218E: Undefined symbol b_type (referred from r_face.o).
..\Output\JK_BTSET.axf: Error: L6218E: Undefined symbol bit (referred from r_face.o).
..\Output\JK_BTSET.axf: Error: L6218E: Undefined symbol dot_flag (referred from r_face.o).
..\Output\JK_BTSET.axf: Error: L6218E: Undefined symbol page_sw (referred from r_face.o).
..\Output\JK_BTSET.axf: Error: L6218E: Undefined symbol para_set1 (referred from r_face.o).
..\Output\JK_BTSET.axf: Error: L6218E: Undefined symbol para_set2 (referred from r_face.o).
..\Output\JK_BTSET.axf: Error: L6218E: Undefined symbol para_set4 (referred from r_face.o).
..\Output\JK_BTSET.axf: Error: L6218E: Undefined symbol set_limit (referred from r_face.o).
..\Output\JK_BTSET.axf: Error: L6218E: Undefined symbol status_flash (referred from r_face.o).
Target not created
Build target 'JK_BTSET'
compiling R_Face.c...
..\APP\R_Face.c(288): warning:  #1035-D: single-precision operand implicitly converted to double-precision
..\APP\R_Face.c(324): warning:  #1035-D: single-precision operand implicitly converted to double-precision
..\APP\R_Face.c(329): warning:  #1035-D: single-precision operand implicitly converted to double-precision
..\APP\R_Face.c(341): warning:  #1035-D: single-precision operand implicitly converted to double-precision
..\APP\R_Face.c(345): warning:  #1035-D: single-precision operand implicitly converted to double-precision
..\APP\R_Face.c(419): warning:  #181-D: argument is incompatible with corresponding format string conversion
..\APP\R_Face.c(448): warning:  #1035-D: single-precision operand implicitly converted to double-precision
..\APP\R_Face.c(583): warning:  #181-D: argument is incompatible with corresponding format string conversion
..\APP\R_Face.c(611): warning:  #1035-D: single-precision operand implicitly converted to double-precision
..\APP\R_Face.c(670): warning:  #1035-D: single-precision operand implicitly converted to double-precision
..\APP\R_Face.c(670): warning:  #1035-D: single-precision operand implicitly converted to double-precision
..\APP\R_Face.c(691): warning:  #1035-D: single-precision operand implicitly converted to double-precision
..\APP\R_Face.c(691): warning:  #1035-D: single-precision operand implicitly converted to double-precision
..\APP\R_Face.c(712): warning:  #1035-D: single-precision operand implicitly converted to double-precision
..\APP\R_Face.c(712): warning:  #1035-D: single-precision operand implicitly converted to double-precision
..\APP\R_Face.c(733): warning:  #1035-D: single-precision operand implicitly converted to double-precision
..\APP\R_Face.c(733): warning:  #1035-D: single-precision operand implicitly converted to double-precision
..\APP\R_Face.c(754): warning:  #1035-D: single-precision operand implicitly converted to double-precision
..\APP\R_Face.c(754): warning:  #1035-D: single-precision operand implicitly converted to double-precision
..\APP\R_Face.c(900): warning:  #181-D: argument is incompatible with corresponding format string conversion
..\APP\R_Face.c(1012): warning:  #181-D: argument is incompatible with corresponding format string conversion
..\APP\R_Face.c(1019): warning:  #181-D: argument is incompatible with corresponding format string conversion
..\APP\R_Face.c(168): warning:  #177-D: variable "NCode" was declared but never referenced
..\APP\R_Face.c(169): warning:  #177-D: variable "Id" was declared but never referenced
..\APP\R_Face.c(177): warning:  #177-D: variable "i" was declared but never referenced
..\APP\R_Face.c(1191): warning:  #940-D: missing return statement at end of non-void function "OC_OP_DOWN"
..\APP\R_Face.c(1262): warning:  #940-D: missing return statement at end of non-void function "OC_OP_UP"
..\APP\R_Face.c(1312): warning:  #223-D: function "Write_Limits" declared implicitly
..\APP\R_Face.c(1353): warning:  #223-D: function "Write_Limits" declared implicitly
..\APP\R_Face.c(1394): warning:  #223-D: function "Write_Limits" declared implicitly
..\APP\R_Face.c(1434): warning:  #223-D: function "Write_Limits" declared implicitly
..\APP\R_Face.c(1439): warning:  #223-D: function "Wrtite_step" declared implicitly
..\APP\R_Face.c(1443): warning:  #940-D: missing return statement at end of non-void function "OC_SET"
..\APP\R_Face.c(1458): warning:  #223-D: function "atoi" declared implicitly
..\APP\R_Face.c(1459): error:  #167: argument of type "uint8_t" is incompatible with parameter of type "const char *restrict"
..\APP\R_Face.c(1467): error:  #167: argument of type "uint8_t" is incompatible with parameter of type "const char *restrict"
..\APP\R_Face.c(1473): warning:  #223-D: function "atoi" declared implicitly
..\APP\R_Face.c(1480): error:  #167: argument of type "uint8_t" is incompatible with parameter of type "const char *restrict"
..\APP\R_Face.c(1491): warning:  #223-D: function "atoi" declared implicitly
..\APP\R_Face.c(1498): error:  #167: argument of type "uint8_t" is incompatible with parameter of type "const char *restrict"
..\APP\R_Face.c(1504): warning:  #223-D: function "atoi" declared implicitly
..\APP\R_Face.c(1506): warning:  #223-D: function "atoi" declared implicitly
..\APP\R_Face.c(1513): error:  #167: argument of type "uint8_t" is incompatible with parameter of type "const char *restrict"
..\APP\R_Face.c(1521): warning:  #223-D: function "atoi" declared implicitly
..\APP\R_Face.c(1537): warning:  #223-D: function "atoi" declared implicitly
..\APP\R_Face.c(1538): error:  #167: argument of type "uint8_t" is incompatible with parameter of type "const char *restrict"
..\APP\R_Face.c(1546): error:  #167: argument of type "uint8_t" is incompatible with parameter of type "const char *restrict"
..\APP\R_Face.c(1552): warning:  #223-D: function "atoi" declared implicitly
..\APP\R_Face.c(1559): error:  #167: argument of type "uint8_t" is incompatible with parameter of type "const char *restrict"
..\APP\R_Face.c(1570): warning:  #223-D: function "atoi" declared implicitly
..\APP\R_Face.c(1577): error:  #167: argument of type "uint8_t" is incompatible with parameter of type "const char *restrict"
..\APP\R_Face.c(1583): warning:  #223-D: function "atoi" declared implicitly
..\APP\R_Face.c(1585): warning:  #223-D: function "atoi" declared implicitly
..\APP\R_Face.c(1592): error:  #167: argument of type "uint8_t" is incompatible with parameter of type "const char *restrict"
..\APP\R_Face.c(1600): warning:  #223-D: function "atoi" declared implicitly
..\APP\R_Face.c(1616): warning:  #223-D: function "atoi" declared implicitly
..\APP\R_Face.c(1617): error:  #167: argument of type "uint8_t" is incompatible with parameter of type "const char *restrict"
..\APP\R_Face.c(1625): error:  #167: argument of type "uint8_t" is incompatible with parameter of type "const char *restrict"
..\APP\R_Face.c(1631): warning:  #223-D: function "atoi" declared implicitly
..\APP\R_Face.c(1638): error:  #167: argument of type "uint8_t" is incompatible with parameter of type "const char *restrict"
..\APP\R_Face.c(1649): warning:  #223-D: function "atoi" declared implicitly
..\APP\R_Face.c(1656): error:  #167: argument of type "uint8_t" is incompatible with parameter of type "const char *restrict"
..\APP\R_Face.c(1662): warning:  #223-D: function "atoi" declared implicitly
..\APP\R_Face.c(1664): warning:  #223-D: function "atoi" declared implicitly
..\APP\R_Face.c(1671): error:  #167: argument of type "uint8_t" is incompatible with parameter of type "const char *restrict"
..\APP\R_Face.c(1679): warning:  #223-D: function "atoi" declared implicitly
..\APP\R_Face.c(1695): warning:  #223-D: function "atoi" declared implicitly
..\APP\R_Face.c(1696): error:  #167: argument of type "uint8_t" is incompatible with parameter of type "const char *restrict"
..\APP\R_Face.c(1703): warning:  #223-D: function "atoi" declared implicitly
..\APP\R_Face.c(1704): error:  #167: argument of type "uint8_t" is incompatible with parameter of type "const char *restrict"
..\APP\R_Face.c(1711): warning:  #223-D: function "atoi" declared implicitly
..\APP\R_Face.c(1712): error:  #167: argument of type "uint8_t" is incompatible with parameter of type "const char *restrict"
..\APP\R_Face.c(1719): warning:  #223-D: function "atoi" declared implicitly
..\APP\R_Face.c(1720): error:  #167: argument of type "uint8_t" is incompatible with parameter of type "const char *restrict"
..\APP\R_Face.c(1730): warning:  #940-D: missing return statement at end of non-void function "INPUT_C"
..\APP\R_Face.c(1740): warning:  #1035-D: single-precision operand implicitly converted to double-precision
..\APP\R_Face.c(1755): warning:  #1035-D: single-precision operand implicitly converted to double-precision
..\APP\R_Face.c(1770): warning:  #940-D: missing return statement at end of non-void function "OC_ADD"
..\APP\R_Face.c(1780): warning:  #223-D: function "BEEP_Tiggr" declared implicitly
..\APP\R_Face.c(1815): warning:  #223-D: function "BEEP_Tiggr" declared implicitly
..\APP\R_Face.c(1848): warning:  #223-D: function "BEEP_Tiggr" declared implicitly
Target not created
Build target 'JK_BTSET'
compiling R_Face.c...
..\APP\R_Face.c(288): warning:  #1035-D: single-precision operand implicitly converted to double-precision
..\APP\R_Face.c(324): warning:  #1035-D: single-precision operand implicitly converted to double-precision
..\APP\R_Face.c(329): warning:  #1035-D: single-precision operand implicitly converted to double-precision
..\APP\R_Face.c(341): warning:  #1035-D: single-precision operand implicitly converted to double-precision
..\APP\R_Face.c(345): warning:  #1035-D: single-precision operand implicitly converted to double-precision
..\APP\R_Face.c(419): warning:  #181-D: argument is incompatible with corresponding format string conversion
..\APP\R_Face.c(448): warning:  #1035-D: single-precision operand implicitly converted to double-precision
..\APP\R_Face.c(583): warning:  #181-D: argument is incompatible with corresponding format string conversion
..\APP\R_Face.c(611): warning:  #1035-D: single-precision operand implicitly converted to double-precision
..\APP\R_Face.c(670): warning:  #1035-D: single-precision operand implicitly converted to double-precision
..\APP\R_Face.c(670): warning:  #1035-D: single-precision operand implicitly converted to double-precision
..\APP\R_Face.c(691): warning:  #1035-D: single-precision operand implicitly converted to double-precision
..\APP\R_Face.c(691): warning:  #1035-D: single-precision operand implicitly converted to double-precision
..\APP\R_Face.c(712): warning:  #1035-D: single-precision operand implicitly converted to double-precision
..\APP\R_Face.c(712): warning:  #1035-D: single-precision operand implicitly converted to double-precision
..\APP\R_Face.c(733): warning:  #1035-D: single-precision operand implicitly converted to double-precision
..\APP\R_Face.c(733): warning:  #1035-D: single-precision operand implicitly converted to double-precision
..\APP\R_Face.c(754): warning:  #1035-D: single-precision operand implicitly converted to double-precision
..\APP\R_Face.c(754): warning:  #1035-D: single-precision operand implicitly converted to double-precision
..\APP\R_Face.c(900): warning:  #181-D: argument is incompatible with corresponding format string conversion
..\APP\R_Face.c(1012): warning:  #181-D: argument is incompatible with corresponding format string conversion
..\APP\R_Face.c(1019): warning:  #181-D: argument is incompatible with corresponding format string conversion
..\APP\R_Face.c(168): warning:  #177-D: variable "NCode" was declared but never referenced
..\APP\R_Face.c(169): warning:  #177-D: variable "Id" was declared but never referenced
..\APP\R_Face.c(177): warning:  #177-D: variable "i" was declared but never referenced
..\APP\R_Face.c(1191): warning:  #940-D: missing return statement at end of non-void function "OC_OP_DOWN"
..\APP\R_Face.c(1262): warning:  #940-D: missing return statement at end of non-void function "OC_OP_UP"
..\APP\R_Face.c(1312): warning:  #223-D: function "Write_Limits" declared implicitly
..\APP\R_Face.c(1353): warning:  #223-D: function "Write_Limits" declared implicitly
..\APP\R_Face.c(1394): warning:  #223-D: function "Write_Limits" declared implicitly
..\APP\R_Face.c(1434): warning:  #223-D: function "Write_Limits" declared implicitly
..\APP\R_Face.c(1439): warning:  #223-D: function "Wrtite_step" declared implicitly
..\APP\R_Face.c(1443): warning:  #940-D: missing return statement at end of non-void function "OC_SET"
..\APP\R_Face.c(1458): warning:  #223-D: function "atoi" declared implicitly
..\APP\R_Face.c(1459): error:  #167: argument of type "uint8_t" is incompatible with parameter of type "const char *restrict"
..\APP\R_Face.c(1467): error:  #167: argument of type "uint8_t" is incompatible with parameter of type "const char *restrict"
..\APP\R_Face.c(1473): warning:  #223-D: function "atoi" declared implicitly
..\APP\R_Face.c(1480): error:  #167: argument of type "uint8_t" is incompatible with parameter of type "const char *restrict"
..\APP\R_Face.c(1491): warning:  #223-D: function "atoi" declared implicitly
..\APP\R_Face.c(1498): error:  #167: argument of type "uint8_t" is incompatible with parameter of type "const char *restrict"
..\APP\R_Face.c(1504): warning:  #223-D: function "atoi" declared implicitly
..\APP\R_Face.c(1506): warning:  #223-D: function "atoi" declared implicitly
..\APP\R_Face.c(1513): error:  #167: argument of type "uint8_t" is incompatible with parameter of type "const char *restrict"
..\APP\R_Face.c(1521): warning:  #223-D: function "atoi" declared implicitly
..\APP\R_Face.c(1537): warning:  #223-D: function "atoi" declared implicitly
..\APP\R_Face.c(1538): error:  #167: argument of type "uint8_t" is incompatible with parameter of type "const char *restrict"
..\APP\R_Face.c(1546): error:  #167: argument of type "uint8_t" is incompatible with parameter of type "const char *restrict"
..\APP\R_Face.c(1552): warning:  #223-D: function "atoi" declared implicitly
..\APP\R_Face.c(1559): error:  #167: argument of type "uint8_t" is incompatible with parameter of type "const char *restrict"
..\APP\R_Face.c(1570): warning:  #223-D: function "atoi" declared implicitly
..\APP\R_Face.c(1577): error:  #167: argument of type "uint8_t" is incompatible with parameter of type "const char *restrict"
..\APP\R_Face.c(1583): warning:  #223-D: function "atoi" declared implicitly
..\APP\R_Face.c(1585): warning:  #223-D: function "atoi" declared implicitly
..\APP\R_Face.c(1592): error:  #167: argument of type "uint8_t" is incompatible with parameter of type "const char *restrict"
..\APP\R_Face.c(1600): warning:  #223-D: function "atoi" declared implicitly
..\APP\R_Face.c(1616): warning:  #223-D: function "atoi" declared implicitly
..\APP\R_Face.c(1617): error:  #167: argument of type "uint8_t" is incompatible with parameter of type "const char *restrict"
..\APP\R_Face.c(1625): error:  #167: argument of type "uint8_t" is incompatible with parameter of type "const char *restrict"
..\APP\R_Face.c(1631): warning:  #223-D: function "atoi" declared implicitly
..\APP\R_Face.c(1638): error:  #167: argument of type "uint8_t" is incompatible with parameter of type "const char *restrict"
..\APP\R_Face.c(1649): warning:  #223-D: function "atoi" declared implicitly
..\APP\R_Face.c(1656): error:  #167: argument of type "uint8_t" is incompatible with parameter of type "const char *restrict"
..\APP\R_Face.c(1662): warning:  #223-D: function "atoi" declared implicitly
..\APP\R_Face.c(1664): warning:  #223-D: function "atoi" declared implicitly
..\APP\R_Face.c(1671): error:  #167: argument of type "uint8_t" is incompatible with parameter of type "const char *restrict"
..\APP\R_Face.c(1679): warning:  #223-D: function "atoi" declared implicitly
..\APP\R_Face.c(1695): warning:  #223-D: function "atoi" declared implicitly
..\APP\R_Face.c(1696): error:  #167: argument of type "uint8_t" is incompatible with parameter of type "const char *restrict"
..\APP\R_Face.c(1703): warning:  #223-D: function "atoi" declared implicitly
..\APP\R_Face.c(1704): error:  #167: argument of type "uint8_t" is incompatible with parameter of type "const char *restrict"
..\APP\R_Face.c(1711): warning:  #223-D: function "atoi" declared implicitly
..\APP\R_Face.c(1712): error:  #167: argument of type "uint8_t" is incompatible with parameter of type "const char *restrict"
..\APP\R_Face.c(1719): warning:  #223-D: function "atoi" declared implicitly
..\APP\R_Face.c(1720): error:  #167: argument of type "uint8_t" is incompatible with parameter of type "const char *restrict"
..\APP\R_Face.c(1730): warning:  #940-D: missing return statement at end of non-void function "INPUT_C"
..\APP\R_Face.c(1740): warning:  #1035-D: single-precision operand implicitly converted to double-precision
..\APP\R_Face.c(1755): warning:  #1035-D: single-precision operand implicitly converted to double-precision
..\APP\R_Face.c(1770): warning:  #940-D: missing return statement at end of non-void function "OC_ADD"
..\APP\R_Face.c(1780): warning:  #223-D: function "BEEP_Tiggr" declared implicitly
..\APP\R_Face.c(1815): warning:  #223-D: function "BEEP_Tiggr" declared implicitly
..\APP\R_Face.c(1848): warning:  #223-D: function "BEEP_Tiggr" declared implicitly
Target not created
Build target 'JK_BTSET'
compiling R_Face.c...
..\APP\R_Face.c(288): warning:  #1035-D: single-precision operand implicitly converted to double-precision
..\APP\R_Face.c(324): warning:  #1035-D: single-precision operand implicitly converted to double-precision
..\APP\R_Face.c(329): warning:  #1035-D: single-precision operand implicitly converted to double-precision
..\APP\R_Face.c(341): warning:  #1035-D: single-precision operand implicitly converted to double-precision
..\APP\R_Face.c(345): warning:  #1035-D: single-precision operand implicitly converted to double-precision
..\APP\R_Face.c(419): warning:  #181-D: argument is incompatible with corresponding format string conversion
..\APP\R_Face.c(448): warning:  #1035-D: single-precision operand implicitly converted to double-precision
..\APP\R_Face.c(583): warning:  #181-D: argument is incompatible with corresponding format string conversion
..\APP\R_Face.c(611): warning:  #1035-D: single-precision operand implicitly converted to double-precision
..\APP\R_Face.c(670): warning:  #1035-D: single-precision operand implicitly converted to double-precision
..\APP\R_Face.c(670): warning:  #1035-D: single-precision operand implicitly converted to double-precision
..\APP\R_Face.c(691): warning:  #1035-D: single-precision operand implicitly converted to double-precision
..\APP\R_Face.c(691): warning:  #1035-D: single-precision operand implicitly converted to double-precision
..\APP\R_Face.c(712): warning:  #1035-D: single-precision operand implicitly converted to double-precision
..\APP\R_Face.c(712): warning:  #1035-D: single-precision operand implicitly converted to double-precision
..\APP\R_Face.c(733): warning:  #1035-D: single-precision operand implicitly converted to double-precision
..\APP\R_Face.c(733): warning:  #1035-D: single-precision operand implicitly converted to double-precision
..\APP\R_Face.c(754): warning:  #1035-D: single-precision operand implicitly converted to double-precision
..\APP\R_Face.c(754): warning:  #1035-D: single-precision operand implicitly converted to double-precision
..\APP\R_Face.c(900): warning:  #181-D: argument is incompatible with corresponding format string conversion
..\APP\R_Face.c(1012): warning:  #181-D: argument is incompatible with corresponding format string conversion
..\APP\R_Face.c(1019): warning:  #181-D: argument is incompatible with corresponding format string conversion
..\APP\R_Face.c(168): warning:  #177-D: variable "NCode" was declared but never referenced
..\APP\R_Face.c(169): warning:  #177-D: variable "Id" was declared but never referenced
..\APP\R_Face.c(177): warning:  #177-D: variable "i" was declared but never referenced
..\APP\R_Face.c(1191): warning:  #940-D: missing return statement at end of non-void function "OC_OP_DOWN"
..\APP\R_Face.c(1262): warning:  #940-D: missing return statement at end of non-void function "OC_OP_UP"
..\APP\R_Face.c(1312): warning:  #223-D: function "Write_Limits" declared implicitly
..\APP\R_Face.c(1353): warning:  #223-D: function "Write_Limits" declared implicitly
..\APP\R_Face.c(1394): warning:  #223-D: function "Write_Limits" declared implicitly
..\APP\R_Face.c(1434): warning:  #223-D: function "Write_Limits" declared implicitly
..\APP\R_Face.c(1439): warning:  #223-D: function "Wrtite_step" declared implicitly
..\APP\R_Face.c(1443): warning:  #940-D: missing return statement at end of non-void function "OC_SET"
..\APP\R_Face.c(1458): warning:  #223-D: function "atoi" declared implicitly
..\APP\R_Face.c(1473): warning:  #223-D: function "atoi" declared implicitly
..\APP\R_Face.c(1491): warning:  #223-D: function "atoi" declared implicitly
..\APP\R_Face.c(1504): warning:  #223-D: function "atoi" declared implicitly
..\APP\R_Face.c(1506): warning:  #223-D: function "atoi" declared implicitly
..\APP\R_Face.c(1521): warning:  #223-D: function "atoi" declared implicitly
..\APP\R_Face.c(1537): warning:  #223-D: function "atoi" declared implicitly
..\APP\R_Face.c(1552): warning:  #223-D: function "atoi" declared implicitly
..\APP\R_Face.c(1570): warning:  #223-D: function "atoi" declared implicitly
..\APP\R_Face.c(1583): warning:  #223-D: function "atoi" declared implicitly
..\APP\R_Face.c(1585): warning:  #223-D: function "atoi" declared implicitly
..\APP\R_Face.c(1600): warning:  #223-D: function "atoi" declared implicitly
..\APP\R_Face.c(1616): warning:  #223-D: function "atoi" declared implicitly
..\APP\R_Face.c(1631): warning:  #223-D: function "atoi" declared implicitly
..\APP\R_Face.c(1649): warning:  #223-D: function "atoi" declared implicitly
..\APP\R_Face.c(1662): warning:  #223-D: function "atoi" declared implicitly
..\APP\R_Face.c(1664): warning:  #223-D: function "atoi" declared implicitly
..\APP\R_Face.c(1679): warning:  #223-D: function "atoi" declared implicitly
..\APP\R_Face.c(1695): warning:  #223-D: function "atoi" declared implicitly
..\APP\R_Face.c(1703): warning:  #223-D: function "atoi" declared implicitly
..\APP\R_Face.c(1711): warning:  #223-D: function "atoi" declared implicitly
..\APP\R_Face.c(1719): warning:  #223-D: function "atoi" declared implicitly
..\APP\R_Face.c(1730): warning:  #940-D: missing return statement at end of non-void function "INPUT_C"
..\APP\R_Face.c(1740): warning:  #1035-D: single-precision operand implicitly converted to double-precision
..\APP\R_Face.c(1755): warning:  #1035-D: single-precision operand implicitly converted to double-precision
..\APP\R_Face.c(1770): warning:  #940-D: missing return statement at end of non-void function "OC_ADD"
..\APP\R_Face.c(1780): warning:  #223-D: function "BEEP_Tiggr" declared implicitly
..\APP\R_Face.c(1815): warning:  #223-D: function "BEEP_Tiggr" declared implicitly
..\APP\R_Face.c(1848): warning:  #223-D: function "BEEP_Tiggr" declared implicitly
linking...
..\Output\JK_BTSET.axf: Error: L6218E: Undefined symbol b_type (referred from r_face.o).
..\Output\JK_BTSET.axf: Error: L6218E: Undefined symbol bit (referred from r_face.o).
..\Output\JK_BTSET.axf: Error: L6218E: Undefined symbol dot_flag (referred from r_face.o).
..\Output\JK_BTSET.axf: Error: L6218E: Undefined symbol page_sw (referred from r_face.o).
..\Output\JK_BTSET.axf: Error: L6218E: Undefined symbol para_set1 (referred from r_face.o).
..\Output\JK_BTSET.axf: Error: L6218E: Undefined symbol para_set2 (referred from r_face.o).
..\Output\JK_BTSET.axf: Error: L6218E: Undefined symbol para_set4 (referred from r_face.o).
..\Output\JK_BTSET.axf: Error: L6218E: Undefined symbol status_flash (referred from r_face.o).
Target not created
Build target 'JK_BTSET'
compiling R_Face.c...
..\APP\R_Face.c(289): warning:  #1035-D: single-precision operand implicitly converted to double-precision
..\APP\R_Face.c(325): warning:  #1035-D: single-precision operand implicitly converted to double-precision
..\APP\R_Face.c(330): warning:  #1035-D: single-precision operand implicitly converted to double-precision
..\APP\R_Face.c(342): warning:  #1035-D: single-precision operand implicitly converted to double-precision
..\APP\R_Face.c(346): warning:  #1035-D: single-precision operand implicitly converted to double-precision
..\APP\R_Face.c(420): warning:  #181-D: argument is incompatible with corresponding format string conversion
..\APP\R_Face.c(449): warning:  #1035-D: single-precision operand implicitly converted to double-precision
..\APP\R_Face.c(584): warning:  #181-D: argument is incompatible with corresponding format string conversion
..\APP\R_Face.c(612): warning:  #1035-D: single-precision operand implicitly converted to double-precision
..\APP\R_Face.c(671): warning:  #1035-D: single-precision operand implicitly converted to double-precision
..\APP\R_Face.c(671): warning:  #1035-D: single-precision operand implicitly converted to double-precision
..\APP\R_Face.c(692): warning:  #1035-D: single-precision operand implicitly converted to double-precision
..\APP\R_Face.c(692): warning:  #1035-D: single-precision operand implicitly converted to double-precision
..\APP\R_Face.c(713): warning:  #1035-D: single-precision operand implicitly converted to double-precision
..\APP\R_Face.c(713): warning:  #1035-D: single-precision operand implicitly converted to double-precision
..\APP\R_Face.c(734): warning:  #1035-D: single-precision operand implicitly converted to double-precision
..\APP\R_Face.c(734): warning:  #1035-D: single-precision operand implicitly converted to double-precision
..\APP\R_Face.c(755): warning:  #1035-D: single-precision operand implicitly converted to double-precision
..\APP\R_Face.c(755): warning:  #1035-D: single-precision operand implicitly converted to double-precision
..\APP\R_Face.c(901): warning:  #181-D: argument is incompatible with corresponding format string conversion
..\APP\R_Face.c(1013): warning:  #181-D: argument is incompatible with corresponding format string conversion
..\APP\R_Face.c(1020): warning:  #181-D: argument is incompatible with corresponding format string conversion
..\APP\R_Face.c(169): warning:  #177-D: variable "NCode" was declared but never referenced
..\APP\R_Face.c(170): warning:  #177-D: variable "Id" was declared but never referenced
..\APP\R_Face.c(178): warning:  #177-D: variable "i" was declared but never referenced
..\APP\R_Face.c(1192): warning:  #940-D: missing return statement at end of non-void function "OC_OP_DOWN"
..\APP\R_Face.c(1263): warning:  #940-D: missing return statement at end of non-void function "OC_OP_UP"
..\APP\R_Face.c(1313): warning:  #223-D: function "Write_Limits" declared implicitly
..\APP\R_Face.c(1354): warning:  #223-D: function "Write_Limits" declared implicitly
..\APP\R_Face.c(1395): warning:  #223-D: function "Write_Limits" declared implicitly
..\APP\R_Face.c(1435): warning:  #223-D: function "Write_Limits" declared implicitly
..\APP\R_Face.c(1440): warning:  #223-D: function "Wrtite_step" declared implicitly
..\APP\R_Face.c(1444): warning:  #940-D: missing return statement at end of non-void function "OC_SET"
..\APP\R_Face.c(1731): warning:  #940-D: missing return statement at end of non-void function "INPUT_C"
..\APP\R_Face.c(1741): warning:  #1035-D: single-precision operand implicitly converted to double-precision
..\APP\R_Face.c(1756): warning:  #1035-D: single-precision operand implicitly converted to double-precision
..\APP\R_Face.c(1771): warning:  #940-D: missing return statement at end of non-void function "OC_ADD"
..\APP\R_Face.c(1781): warning:  #223-D: function "BEEP_Tiggr" declared implicitly
..\APP\R_Face.c(1816): warning:  #223-D: function "BEEP_Tiggr" declared implicitly
..\APP\R_Face.c(1849): warning:  #223-D: function "BEEP_Tiggr" declared implicitly
linking...
..\Output\JK_BTSET.axf: Error: L6218E: Undefined symbol b_type (referred from r_face.o).
..\Output\JK_BTSET.axf: Error: L6218E: Undefined symbol bit (referred from r_face.o).
..\Output\JK_BTSET.axf: Error: L6218E: Undefined symbol dot_flag (referred from r_face.o).
..\Output\JK_BTSET.axf: Error: L6218E: Undefined symbol page_sw (referred from r_face.o).
..\Output\JK_BTSET.axf: Error: L6218E: Undefined symbol para_set1 (referred from r_face.o).
..\Output\JK_BTSET.axf: Error: L6218E: Undefined symbol para_set2 (referred from r_face.o).
..\Output\JK_BTSET.axf: Error: L6218E: Undefined symbol para_set4 (referred from r_face.o).
..\Output\JK_BTSET.axf: Error: L6218E: Undefined symbol status_flash (referred from r_face.o).
Target not created
Build target 'JK_BTSET'
compiling R_Face.c...
..\APP\R_Face.c(289): warning:  #1035-D: single-precision operand implicitly converted to double-precision
..\APP\R_Face.c(325): warning:  #1035-D: single-precision operand implicitly converted to double-precision
..\APP\R_Face.c(330): warning:  #1035-D: single-precision operand implicitly converted to double-precision
..\APP\R_Face.c(342): warning:  #1035-D: single-precision operand implicitly converted to double-precision
..\APP\R_Face.c(346): warning:  #1035-D: single-precision operand implicitly converted to double-precision
..\APP\R_Face.c(420): warning:  #181-D: argument is incompatible with corresponding format string conversion
..\APP\R_Face.c(449): warning:  #1035-D: single-precision operand implicitly converted to double-precision
..\APP\R_Face.c(584): warning:  #181-D: argument is incompatible with corresponding format string conversion
..\APP\R_Face.c(612): warning:  #1035-D: single-precision operand implicitly converted to double-precision
..\APP\R_Face.c(671): warning:  #1035-D: single-precision operand implicitly converted to double-precision
..\APP\R_Face.c(671): warning:  #1035-D: single-precision operand implicitly converted to double-precision
..\APP\R_Face.c(692): warning:  #1035-D: single-precision operand implicitly converted to double-precision
..\APP\R_Face.c(692): warning:  #1035-D: single-precision operand implicitly converted to double-precision
..\APP\R_Face.c(713): warning:  #1035-D: single-precision operand implicitly converted to double-precision
..\APP\R_Face.c(713): warning:  #1035-D: single-precision operand implicitly converted to double-precision
..\APP\R_Face.c(734): warning:  #1035-D: single-precision operand implicitly converted to double-precision
..\APP\R_Face.c(734): warning:  #1035-D: single-precision operand implicitly converted to double-precision
..\APP\R_Face.c(755): warning:  #1035-D: single-precision operand implicitly converted to double-precision
..\APP\R_Face.c(755): warning:  #1035-D: single-precision operand implicitly converted to double-precision
..\APP\R_Face.c(901): warning:  #181-D: argument is incompatible with corresponding format string conversion
..\APP\R_Face.c(1013): warning:  #181-D: argument is incompatible with corresponding format string conversion
..\APP\R_Face.c(1020): warning:  #181-D: argument is incompatible with corresponding format string conversion
..\APP\R_Face.c(169): warning:  #177-D: variable "NCode" was declared but never referenced
..\APP\R_Face.c(170): warning:  #177-D: variable "Id" was declared but never referenced
..\APP\R_Face.c(178): warning:  #177-D: variable "i" was declared but never referenced
..\APP\R_Face.c(1313): warning:  #223-D: function "Write_Limits" declared implicitly
..\APP\R_Face.c(1354): warning:  #223-D: function "Write_Limits" declared implicitly
..\APP\R_Face.c(1395): warning:  #223-D: function "Write_Limits" declared implicitly
..\APP\R_Face.c(1435): warning:  #223-D: function "Write_Limits" declared implicitly
..\APP\R_Face.c(1440): warning:  #223-D: function "Wrtite_step" declared implicitly
..\APP\R_Face.c(1444): warning:  #940-D: missing return statement at end of non-void function "OC_SET"
..\APP\R_Face.c(1731): warning:  #940-D: missing return statement at end of non-void function "INPUT_C"
..\APP\R_Face.c(1741): warning:  #1035-D: single-precision operand implicitly converted to double-precision
..\APP\R_Face.c(1756): warning:  #1035-D: single-precision operand implicitly converted to double-precision
..\APP\R_Face.c(1771): warning:  #940-D: missing return statement at end of non-void function "OC_ADD"
..\APP\R_Face.c(1781): warning:  #223-D: function "BEEP_Tiggr" declared implicitly
..\APP\R_Face.c(1816): warning:  #223-D: function "BEEP_Tiggr" declared implicitly
..\APP\R_Face.c(1849): warning:  #223-D: function "BEEP_Tiggr" declared implicitly
linking...
..\Output\JK_BTSET.axf: Error: L6218E: Undefined symbol b_type (referred from r_face.o).
..\Output\JK_BTSET.axf: Error: L6218E: Undefined symbol bit (referred from r_face.o).
..\Output\JK_BTSET.axf: Error: L6218E: Undefined symbol dot_flag (referred from r_face.o).
..\Output\JK_BTSET.axf: Error: L6218E: Undefined symbol page_sw (referred from r_face.o).
..\Output\JK_BTSET.axf: Error: L6218E: Undefined symbol para_set1 (referred from r_face.o).
..\Output\JK_BTSET.axf: Error: L6218E: Undefined symbol para_set2 (referred from r_face.o).
..\Output\JK_BTSET.axf: Error: L6218E: Undefined symbol para_set4 (referred from r_face.o).
..\Output\JK_BTSET.axf: Error: L6218E: Undefined symbol status_flash (referred from r_face.o).
Target not created
Build target 'JK_BTSET'
compiling main.c...
compiling stm32f4xx_it.c...
compiling adc.c...
compiling AT24C01.c...
compiling BEEP.c...
compiling bsp_SysTick.c...
compiling flash.c...
compiling GPIO.c...
compiling IIC_24C01.c...
compiling key.c...
compiling modbus.c...
compiling ssd1963.c...
..\drive\ssd1963.c(168): warning:  #550-D: variable "FSMC_NORSRAMTimingInitStructure" was set but never used
compiling TIM1.c...
compiling TIM2.c...
compiling TIM6.c...
..\drive\TIM6.c(52): warning:  #1-D: last line of file ends without a newline
compiling usart.c...
compiling TM1650.c...
compiling clock.c...
compiling GUIDRV_Template.c...
..\STemWinLibrary522\Config\GUIDRV_Template.c(264): warning:  #177-D: variable "xPhys" was declared but never referenced
..\STemWinLibrary522\Config\GUIDRV_Template.c(264): warning:  #177-D: variable "yPhys" was declared but never referenced
..\STemWinLibrary522\Config\GUIDRV_Template.c(264): warning:  #177-D: variable "lphys" was declared but never referenced
compiling LCDConf_FlexColor_Template.c...
compiling MainTask.c...
..\STemWinLibrary522\emWinTask\MainTask.c(59): warning:  #223-D: function "CreateWindow2" declared implicitly
compiling menu.c...
compiling R_Face.c...
..\APP\R_Face.c(289): warning:  #1035-D: single-precision operand implicitly converted to double-precision
..\APP\R_Face.c(325): warning:  #1035-D: single-precision operand implicitly converted to double-precision
..\APP\R_Face.c(330): warning:  #1035-D: single-precision operand implicitly converted to double-precision
..\APP\R_Face.c(342): warning:  #1035-D: single-precision operand implicitly converted to double-precision
..\APP\R_Face.c(346): warning:  #1035-D: single-precision operand implicitly converted to double-precision
..\APP\R_Face.c(420): warning:  #181-D: argument is incompatible with corresponding format string conversion
..\APP\R_Face.c(449): warning:  #1035-D: single-precision operand implicitly converted to double-precision
..\APP\R_Face.c(584): warning:  #181-D: argument is incompatible with corresponding format string conversion
..\APP\R_Face.c(612): warning:  #1035-D: single-precision operand implicitly converted to double-precision
..\APP\R_Face.c(671): warning:  #1035-D: single-precision operand implicitly converted to double-precision
..\APP\R_Face.c(671): warning:  #1035-D: single-precision operand implicitly converted to double-precision
..\APP\R_Face.c(692): warning:  #1035-D: single-precision operand implicitly converted to double-precision
..\APP\R_Face.c(692): warning:  #1035-D: single-precision operand implicitly converted to double-precision
..\APP\R_Face.c(713): warning:  #1035-D: single-precision operand implicitly converted to double-precision
..\APP\R_Face.c(713): warning:  #1035-D: single-precision operand implicitly converted to double-precision
..\APP\R_Face.c(734): warning:  #1035-D: single-precision operand implicitly converted to double-precision
..\APP\R_Face.c(734): warning:  #1035-D: single-precision operand implicitly converted to double-precision
..\APP\R_Face.c(755): warning:  #1035-D: single-precision operand implicitly converted to double-precision
..\APP\R_Face.c(755): warning:  #1035-D: single-precision operand implicitly converted to double-precision
..\APP\R_Face.c(901): warning:  #181-D: argument is incompatible with corresponding format string conversion
..\APP\R_Face.c(1013): warning:  #181-D: argument is incompatible with corresponding format string conversion
..\APP\R_Face.c(1020): warning:  #181-D: argument is incompatible with corresponding format string conversion
..\APP\R_Face.c(169): warning:  #177-D: variable "NCode" was declared but never referenced
..\APP\R_Face.c(170): warning:  #177-D: variable "Id" was declared but never referenced
..\APP\R_Face.c(178): warning:  #177-D: variable "i" was declared but never referenced
..\APP\R_Face.c(1444): warning:  #940-D: missing return statement at end of non-void function "OC_SET"
..\APP\R_Face.c(1731): warning:  #940-D: missing return statement at end of non-void function "INPUT_C"
..\APP\R_Face.c(1741): warning:  #1035-D: single-precision operand implicitly converted to double-precision
..\APP\R_Face.c(1756): warning:  #1035-D: single-precision operand implicitly converted to double-precision
..\APP\R_Face.c(1771): warning:  #940-D: missing return statement at end of non-void function "OC_ADD"
compiling load_Face.c...
..\APP\load_Face.c(265): warning:  #1-D: last line of file ends without a newline
compiling STARTER.c...
linking...
..\Output\JK_BTSET.axf: Error: L6218E: Undefined symbol b_type (referred from r_face.o).
..\Output\JK_BTSET.axf: Error: L6218E: Undefined symbol bit (referred from r_face.o).
..\Output\JK_BTSET.axf: Error: L6218E: Undefined symbol dot_flag (referred from r_face.o).
..\Output\JK_BTSET.axf: Error: L6218E: Undefined symbol page_sw (referred from r_face.o).
..\Output\JK_BTSET.axf: Error: L6218E: Undefined symbol para_set1 (referred from r_face.o).
..\Output\JK_BTSET.axf: Error: L6218E: Undefined symbol para_set2 (referred from r_face.o).
..\Output\JK_BTSET.axf: Error: L6218E: Undefined symbol para_set4 (referred from r_face.o).
..\Output\JK_BTSET.axf: Error: L6218E: Undefined symbol status_flash (referred from r_face.o).
Target not created
Build target 'JK_BTSET'
compiling R_Face.c...
..\APP\R_Face.c(289): warning:  #1035-D: single-precision operand implicitly converted to double-precision
..\APP\R_Face.c(325): warning:  #1035-D: single-precision operand implicitly converted to double-precision
..\APP\R_Face.c(330): warning:  #1035-D: single-precision operand implicitly converted to double-precision
..\APP\R_Face.c(342): warning:  #1035-D: single-precision operand implicitly converted to double-precision
..\APP\R_Face.c(346): warning:  #1035-D: single-precision operand implicitly converted to double-precision
..\APP\R_Face.c(420): warning:  #181-D: argument is incompatible with corresponding format string conversion
..\APP\R_Face.c(449): warning:  #1035-D: single-precision operand implicitly converted to double-precision
..\APP\R_Face.c(584): warning:  #181-D: argument is incompatible with corresponding format string conversion
..\APP\R_Face.c(612): warning:  #1035-D: single-precision operand implicitly converted to double-precision
..\APP\R_Face.c(671): warning:  #1035-D: single-precision operand implicitly converted to double-precision
..\APP\R_Face.c(671): warning:  #1035-D: single-precision operand implicitly converted to double-precision
..\APP\R_Face.c(692): warning:  #1035-D: single-precision operand implicitly converted to double-precision
..\APP\R_Face.c(692): warning:  #1035-D: single-precision operand implicitly converted to double-precision
..\APP\R_Face.c(713): warning:  #1035-D: single-precision operand implicitly converted to double-precision
..\APP\R_Face.c(713): warning:  #1035-D: single-precision operand implicitly converted to double-precision
..\APP\R_Face.c(734): warning:  #1035-D: single-precision operand implicitly converted to double-precision
..\APP\R_Face.c(734): warning:  #1035-D: single-precision operand implicitly converted to double-precision
..\APP\R_Face.c(755): warning:  #1035-D: single-precision operand implicitly converted to double-precision
..\APP\R_Face.c(755): warning:  #1035-D: single-precision operand implicitly converted to double-precision
..\APP\R_Face.c(901): warning:  #181-D: argument is incompatible with corresponding format string conversion
..\APP\R_Face.c(1013): warning:  #181-D: argument is incompatible with corresponding format string conversion
..\APP\R_Face.c(1020): warning:  #181-D: argument is incompatible with corresponding format string conversion
..\APP\R_Face.c(1734): error:  #147: declaration is incompatible with "GUI_HWIN OC_ADD(void)" (declared at line 22)
..\APP\R_Face.c(1741): warning:  #1035-D: single-precision operand implicitly converted to double-precision
..\APP\R_Face.c(1756): warning:  #1035-D: single-precision operand implicitly converted to double-precision
Target not created
Build target 'JK_BTSET'
compiling R_Face.c...
..\APP\R_Face.c(289): warning:  #1035-D: single-precision operand implicitly converted to double-precision
..\APP\R_Face.c(325): warning:  #1035-D: single-precision operand implicitly converted to double-precision
..\APP\R_Face.c(330): warning:  #1035-D: single-precision operand implicitly converted to double-precision
..\APP\R_Face.c(342): warning:  #1035-D: single-precision operand implicitly converted to double-precision
..\APP\R_Face.c(346): warning:  #1035-D: single-precision operand implicitly converted to double-precision
..\APP\R_Face.c(420): warning:  #181-D: argument is incompatible with corresponding format string conversion
..\APP\R_Face.c(449): warning:  #1035-D: single-precision operand implicitly converted to double-precision
..\APP\R_Face.c(584): warning:  #181-D: argument is incompatible with corresponding format string conversion
..\APP\R_Face.c(612): warning:  #1035-D: single-precision operand implicitly converted to double-precision
..\APP\R_Face.c(671): warning:  #1035-D: single-precision operand implicitly converted to double-precision
..\APP\R_Face.c(671): warning:  #1035-D: single-precision operand implicitly converted to double-precision
..\APP\R_Face.c(692): warning:  #1035-D: single-precision operand implicitly converted to double-precision
..\APP\R_Face.c(692): warning:  #1035-D: single-precision operand implicitly converted to double-precision
..\APP\R_Face.c(713): warning:  #1035-D: single-precision operand implicitly converted to double-precision
..\APP\R_Face.c(713): warning:  #1035-D: single-precision operand implicitly converted to double-precision
..\APP\R_Face.c(734): warning:  #1035-D: single-precision operand implicitly converted to double-precision
..\APP\R_Face.c(734): warning:  #1035-D: single-precision operand implicitly converted to double-precision
..\APP\R_Face.c(755): warning:  #1035-D: single-precision operand implicitly converted to double-precision
..\APP\R_Face.c(755): warning:  #1035-D: single-precision operand implicitly converted to double-precision
..\APP\R_Face.c(901): warning:  #181-D: argument is incompatible with corresponding format string conversion
..\APP\R_Face.c(1013): warning:  #181-D: argument is incompatible with corresponding format string conversion
..\APP\R_Face.c(1020): warning:  #181-D: argument is incompatible with corresponding format string conversion
..\APP\R_Face.c(1741): warning:  #1035-D: single-precision operand implicitly converted to double-precision
..\APP\R_Face.c(1756): warning:  #1035-D: single-precision operand implicitly converted to double-precision
linking...
..\Output\JK_BTSET.axf: Error: L6218E: Undefined symbol b_type (referred from r_face.o).
..\Output\JK_BTSET.axf: Error: L6218E: Undefined symbol bit (referred from r_face.o).
..\Output\JK_BTSET.axf: Error: L6218E: Undefined symbol dot_flag (referred from r_face.o).
..\Output\JK_BTSET.axf: Error: L6218E: Undefined symbol page_sw (referred from r_face.o).
..\Output\JK_BTSET.axf: Error: L6218E: Undefined symbol para_set1 (referred from r_face.o).
..\Output\JK_BTSET.axf: Error: L6218E: Undefined symbol para_set2 (referred from r_face.o).
..\Output\JK_BTSET.axf: Error: L6218E: Undefined symbol para_set4 (referred from r_face.o).
..\Output\JK_BTSET.axf: Error: L6218E: Undefined symbol status_flash (referred from r_face.o).
Target not created
Build target 'JK_BTSET'
compiling R_Face.c...
..\APP\R_Face.c(901): warning:  #181-D: argument is incompatible with corresponding format string conversion
..\APP\R_Face.c(1013): warning:  #181-D: argument is incompatible with corresponding format string conversion
..\APP\R_Face.c(1020): warning:  #181-D: argument is incompatible with corresponding format string conversion
..\APP\R_Face.c(1741): warning:  #1035-D: single-precision operand implicitly converted to double-precision
..\APP\R_Face.c(1756): warning:  #1035-D: single-precision operand implicitly converted to double-precision
linking...
..\Output\JK_BTSET.axf: Error: L6218E: Undefined symbol bit (referred from r_face.o).
..\Output\JK_BTSET.axf: Error: L6218E: Undefined symbol dot_flag (referred from r_face.o).
..\Output\JK_BTSET.axf: Error: L6218E: Undefined symbol page_sw (referred from r_face.o).
..\Output\JK_BTSET.axf: Error: L6218E: Undefined symbol para_set2 (referred from r_face.o).
..\Output\JK_BTSET.axf: Error: L6218E: Undefined symbol para_set4 (referred from r_face.o).
Target not created
Build target 'JK_BTSET'
compiling R_Face.c...
..\APP\R_Face.c(904): warning:  #181-D: argument is incompatible with corresponding format string conversion
..\APP\R_Face.c(1016): warning:  #181-D: argument is incompatible with corresponding format string conversion
..\APP\R_Face.c(1023): warning:  #181-D: argument is incompatible with corresponding format string conversion
..\APP\R_Face.c(1744): warning:  #1035-D: single-precision operand implicitly converted to double-precision
..\APP\R_Face.c(1759): warning:  #1035-D: single-precision operand implicitly converted to double-precision
linking...
..\Output\JK_BTSET.axf: Error: L6218E: Undefined symbol para_set2 (referred from r_face.o).
..\Output\JK_BTSET.axf: Error: L6218E: Undefined symbol para_set4 (referred from r_face.o).
Target not created
Build target 'JK_BTSET'
compiling R_Face.c...
..\APP\R_Face.c(907): warning:  #181-D: argument is incompatible with corresponding format string conversion
..\APP\R_Face.c(1019): warning:  #181-D: argument is incompatible with corresponding format string conversion
..\APP\R_Face.c(1026): warning:  #181-D: argument is incompatible with corresponding format string conversion
..\APP\R_Face.c(1747): warning:  #1035-D: single-precision operand implicitly converted to double-precision
..\APP\R_Face.c(1762): warning:  #1035-D: single-precision operand implicitly converted to double-precision
linking...
Program Size: Code=83200 RO-data=58312 RW-data=1956 ZI-data=34508  
FromELF: creating hex file...
"..\Output\JK_BTSET.axf" - 0 Error(s), 5 Warning(s).
Build target 'JK_BTSET'
linking...
Program Size: Code=83200 RO-data=58312 RW-data=1956 ZI-data=34508  
FromELF: creating hex file...
"..\Output\JK_BTSET.axf" - 0 Error(s), 0 Warning(s).
Load "..\\Output\\JK_BTSET.AXF" 
Load "..\\Output\\JK_BTSET.AXF" 
Build target 'JK_BTSET'
linking...
Program Size: Code=83200 RO-data=58312 RW-data=1956 ZI-data=34508  
FromELF: creating hex file...
"..\Output\JK_BTSET.axf" - 0 Error(s), 0 Warning(s).
Load "..\\Output\\JK_BTSET.AXF" 
* JLink Info: Device "STM32F407VE" selected (512 KB flash, 128 KB RAM).
Set JLink Project File to "D:\5530原版\Project\JLinkSettings.ini"
 
JLink info:
------------
DLL: V4.40c, compiled Jan 24 2012 09:30:33
Firmware: J-Link V9 compiled Apr 20 2018 16:47:26
Hardware: V9.40
S/N : 59401576 
Feature(s) : RDI, GDB, FlashDL, FlashBP, JFlash 
 
* JLink Info: Found SWD-DP with ID 0x2BA01477
* JLink Info: TPIU fitted.
* JLink Info: ETM fitted.
* JLink Info:   FPUnit: 6 code (BP) slots and 2 literal slots
* JLink Info: Found Cortex-M4 r0p1, Little endian.
ROMTableAddr = 0xE00FF003
* JLink Info: Found SWD-DP with ID 0x2BA01477
* JLink Info: TPIU fitted.
* JLink Info: ETM fitted.
* JLink Info:   FPUnit: 6 code (BP) slots and 2 literal slots
* JLink Info: Found Cortex-M4 r0p1, Little endian.
 
Target info:
------------
Device: STM32F407VE
VTarget = 3.277V
State of Pins: 
TCK: 0, TDI: 0, TDO: 0, TMS: 1, TRES: 1, TRST: 1
Hardware-Breakpoints: 6
Software-Breakpoints: 8192
Watchpoints:          4
JTAG speed: 3000 kHz
 
Erase Done.
Programming Done.
Verify OK.
Build target 'JK_BTSET'
compiling main.c...
compiling MainTask.c...
linking...
Program Size: Code=83200 RO-data=58312 RW-data=1956 ZI-data=34508  
FromELF: creating hex file...
"..\Output\JK_BTSET.axf" - 0 Error(s), 0 Warning(s).
Load "..\\Output\\JK_BTSET.AXF" 
* JLink Info: Device "STM32F407VE" selected (512 KB flash, 128 KB RAM).
Set JLink Project File to "D:\5530原版\Project\JLinkSettings.ini"
 
JLink info:
------------
DLL: V4.40c, compiled Jan 24 2012 09:30:33
Firmware: J-Link V9 compiled Apr 20 2018 16:47:26
Hardware: V9.40
S/N : 59401576 
Feature(s) : RDI, GDB, FlashDL, FlashBP, JFlash 
 
Build target 'JK_BTSET'
linking...
Program Size: Code=83200 RO-data=58312 RW-data=1956 ZI-data=34508  
FromELF: creating hex file...
"..\Output\JK_BTSET.axf" - 0 Error(s), 0 Warning(s).
Load "..\\Output\\JK_BTSET.AXF" 
* JLink Info: Device "STM32F407VE" selected (512 KB flash, 128 KB RAM).
Set JLink Project File to "D:\5530原版\Project\JLinkSettings.ini"
 
JLink info:
------------
DLL: V4.40c, compiled Jan 24 2012 09:30:33
Firmware: J-Link V9 compiled Apr 20 2018 16:47:26
Hardware: V9.40
S/N : 59401576 
Feature(s) : RDI, GDB, FlashDL, FlashBP, JFlash 
 
Load "..\\Output\\JK_BTSET.AXF" 
* JLink Info: Device "STM32F407VE" selected (512 KB flash, 128 KB RAM).
Set JLink Project File to "D:\5530原版\Project\JLinkSettings.ini"
 
JLink info:
------------
DLL: V4.40c, compiled Jan 24 2012 09:30:33
Firmware: J-Link V9 compiled Apr 20 2018 16:47:26
Hardware: V9.40
S/N : 59401576 
Feature(s) : RDI, GDB, FlashDL, FlashBP, JFlash 
 
* JLink Info: Found SWD-DP with ID 0x2BA01477
* JLink Info: TPIU fitted.
* JLink Info: ETM fitted.
* JLink Info:   FPUnit: 6 code (BP) slots and 2 literal slots
Load "..\\Output\\JK_BTSET.AXF" 
* JLink Info: Device "STM32F407VE" selected (512 KB flash, 128 KB RAM).
Set JLink Project File to "D:\5530原版\Project\JLinkSettings.ini"
 
JLink info:
------------
DLL: V4.40c, compiled Jan 24 2012 09:30:33
Firmware: J-Link V9 compiled Apr 20 2018 16:47:26
Hardware: V9.40
S/N : 59401576 
Feature(s) : RDI, GDB, FlashDL, FlashBP, JFlash 
 
* JLink Info: Found SWD-DP with ID 0x2BA01477
* JLink Info: TPIU fitted.
* JLink Info: ETM fitted.
* JLink Info:   FPUnit: 6 code (BP) slots and 2 literal slots
* JLink Info: Found Cortex-M4 r0p1, Little endian.
ROMTableAddr = 0xE00FF003
* JLink Info: Found SWD-DP with ID 0x2BA01477
* JLink Info: TPIU fitted.
* JLink Info: ETM fitted.
* JLink Info:   FPUnit: 6 code (BP) slots and 2 literal slots
* JLink Info: Found Cortex-M4 r0p1, Little endian.
 
Target info:
------------
Device: STM32F407VE
VTarget = 3.279V
State of Pins: 
TCK: 0, TDI: 0, TDO: 0, TMS: 1, TRES: 1, TRST: 1
Hardware-Breakpoints: 6
Software-Breakpoints: 8192
Watchpoints:          4
JTAG speed: 3000 kHz
 
Erase Done.
Programming Done.
Verify OK.
Build target 'JK_BTSET'
compiling key.c...
linking...
Program Size: Code=83200 RO-data=58312 RW-data=1956 ZI-data=34508  
FromELF: creating hex file...
"..\Output\JK_BTSET.axf" - 0 Error(s), 0 Warning(s).
Load "..\\Output\\JK_BTSET.AXF" 
* JLink Info: Device "STM32F407VE" selected (512 KB flash, 128 KB RAM).
Set JLink Project File to "D:\5530原版\Project\JLinkSettings.ini"
 
JLink info:
------------
DLL: V4.40c, compiled Jan 24 2012 09:30:33
Firmware: J-Link V9 compiled Apr 20 2018 16:47:26
Hardware: V9.40
S/N : 59401576 
Feature(s) : RDI, GDB, FlashDL, FlashBP, JFlash 
 
* JLink Info: Found SWD-DP with ID 0x2BA01477
* JLink Info: TPIU fitted.
* JLink Info: ETM fitted.
* JLink Info:   FPUnit: 6 code (BP) slots and 2 literal slots
* JLink Info: Found Cortex-M4 r0p1, Little endian.
ROMTableAddr = 0xE00FF003
* JLink Info: Found SWD-DP with ID 0x2BA01477
* JLink Info: TPIU fitted.
* JLink Info: ETM fitted.
* JLink Info:   FPUnit: 6 code (BP) slots and 2 literal slots
* JLink Info: Found Cortex-M4 r0p1, Little endian.
 
Target info:
------------
Device: STM32F407VE
VTarget = 3.275V
State of Pins: 
TCK: 0, TDI: 0, TDO: 0, TMS: 1, TRES: 1, TRST: 1
Hardware-Breakpoints: 6
Software-Breakpoints: 8192
Watchpoints:          4
JTAG speed: 3000 kHz
 
Erase Done.
Programming Done.
Verify OK.
Build target 'JK_BTSET'
compiling main.c...
compiling stm32f4xx_it.c...
compiling adc.c...
compiling AT24C01.c...
compiling BEEP.c...
compiling bsp_SysTick.c...
compiling flash.c...
compiling GPIO.c...
compiling IIC_24C01.c...
compiling key.c...
compiling modbus.c...
compiling ssd1963.c...
..\drive\ssd1963.c(168): warning:  #550-D: variable "FSMC_NORSRAMTimingInitStructure" was set but never used
compiling TIM1.c...
compiling TIM2.c...
compiling TIM6.c...
..\drive\TIM6.c(52): warning:  #1-D: last line of file ends without a newline
compiling usart.c...
compiling TM1650.c...
compiling clock.c...
compiling GUIDRV_Template.c...
..\STemWinLibrary522\Config\GUIDRV_Template.c(264): warning:  #177-D: variable "xPhys" was declared but never referenced
..\STemWinLibrary522\Config\GUIDRV_Template.c(264): warning:  #177-D: variable "yPhys" was declared but never referenced
..\STemWinLibrary522\Config\GUIDRV_Template.c(264): warning:  #177-D: variable "lphys" was declared but never referenced
compiling LCDConf_FlexColor_Template.c...
compiling MainTask.c...
compiling menu.c...
compiling R_Face.c...
..\APP\R_Face.c(888): warning:  #181-D: argument is incompatible with corresponding format string conversion
..\APP\R_Face.c(1000): warning:  #181-D: argument is incompatible with corresponding format string conversion
..\APP\R_Face.c(1007): warning:  #181-D: argument is incompatible with corresponding format string conversion
..\APP\R_Face.c(1728): warning:  #1035-D: single-precision operand implicitly converted to double-precision
..\APP\R_Face.c(1743): warning:  #1035-D: single-precision operand implicitly converted to double-precision
compiling load_Face.c...
..\APP\load_Face.c(265): warning:  #1-D: last line of file ends without a newline
compiling STARTER.c...
linking...
Program Size: Code=83200 RO-data=58312 RW-data=1956 ZI-data=34508  
FromELF: creating hex file...
"..\Output\JK_BTSET.axf" - 0 Error(s), 11 Warning(s).
Build target 'JK_BTSET'
compiling TIM6.c...
..\drive\TIM6.c(85): error:  #20: identifier "pow_sw" is undefined
..\drive\TIM6.c(100): error:  #20: identifier "mode_sw" is undefined
..\drive\TIM6.c(100): error:  #20: identifier "cdc_sw" is undefined
..\drive\TIM6.c(115): error:  #20: identifier "load_sw" is undefined
..\drive\TIM6.c(130): error:  #20: identifier "mode_sw" is undefined
..\drive\TIM6.c(132): error:  #20: identifier "pow_sw" is undefined
..\drive\TIM6.c(140): error:  #20: identifier "cdc_sw" is undefined
..\drive\TIM6.c(157): error:  #20: identifier "load_sw" is undefined
..\drive\TIM6.c(174): error:  #20: identifier "oct_sw" is undefined
..\drive\TIM6.c(176): error:  #20: identifier "stepcount" is undefined
..\drive\TIM6.c(179): warning:  #223-D: function "OC_ADD" declared implicitly
..\drive\TIM6.c(190): warning:  #1-D: last line of file ends without a newline
Target not created
Build target 'JK_BTSET'
compiling key.c...
..\drive\key.c(1011): error:  #20: identifier "mode_sw" is undefined
..\drive\key.c(1018): error:  #20: identifier "mode_sw" is undefined
..\drive\key.c(1025): error:  #20: identifier "mode_sw" is undefined
compiling TIM6.c...
..\drive\TIM6.c(85): error:  #20: identifier "pow_sw" is undefined
..\drive\TIM6.c(100): error:  #20: identifier "mode_sw" is undefined
..\drive\TIM6.c(100): error:  #20: identifier "cdc_sw" is undefined
..\drive\TIM6.c(115): error:  #20: identifier "load_sw" is undefined
..\drive\TIM6.c(130): error:  #20: identifier "mode_sw" is undefined
..\drive\TIM6.c(132): error:  #20: identifier "pow_sw" is undefined
..\drive\TIM6.c(140): error:  #20: identifier "cdc_sw" is undefined
..\drive\TIM6.c(157): error:  #20: identifier "load_sw" is undefined
..\drive\TIM6.c(174): error:  #20: identifier "oct_sw" is undefined
..\drive\TIM6.c(176): error:  #20: identifier "stepcount" is undefined
..\drive\TIM6.c(179): warning:  #223-D: function "OC_ADD" declared implicitly
..\drive\TIM6.c(190): warning:  #1-D: last line of file ends without a newline
Target not created
Build target 'JK_BTSET'
compiling key.c...
..\drive\key.c(1011): error:  #20: identifier "mode_sw" is undefined
..\drive\key.c(1018): error:  #20: identifier "mode_sw" is undefined
..\drive\key.c(1025): error:  #20: identifier "mode_sw" is undefined
compiling TIM6.c...
..\drive\TIM6.c(85): error:  #20: identifier "pow_sw" is undefined
..\drive\TIM6.c(100): error:  #20: identifier "mode_sw" is undefined
..\drive\TIM6.c(100): error:  #20: identifier "cdc_sw" is undefined
..\drive\TIM6.c(115): error:  #20: identifier "load_sw" is undefined
..\drive\TIM6.c(130): error:  #20: identifier "mode_sw" is undefined
..\drive\TIM6.c(132): error:  #20: identifier "pow_sw" is undefined
..\drive\TIM6.c(140): error:  #20: identifier "cdc_sw" is undefined
..\drive\TIM6.c(157): error:  #20: identifier "load_sw" is undefined
..\drive\TIM6.c(174): error:  #20: identifier "oct_sw" is undefined
..\drive\TIM6.c(176): error:  #20: identifier "stepcount" is undefined
..\drive\TIM6.c(179): warning:  #223-D: function "OC_ADD" declared implicitly
..\drive\TIM6.c(190): warning:  #1-D: last line of file ends without a newline
Target not created
Build target 'JK_BTSET'
compiling key.c...
compiling TIM6.c...
..\drive\TIM6.c(85): error:  #20: identifier "pow_sw" is undefined
..\drive\TIM6.c(100): error:  #20: identifier "mode_sw" is undefined
..\drive\TIM6.c(100): error:  #20: identifier "cdc_sw" is undefined
..\drive\TIM6.c(115): error:  #20: identifier "load_sw" is undefined
..\drive\TIM6.c(130): error:  #20: identifier "mode_sw" is undefined
..\drive\TIM6.c(132): error:  #20: identifier "pow_sw" is undefined
..\drive\TIM6.c(140): error:  #20: identifier "cdc_sw" is undefined
..\drive\TIM6.c(157): error:  #20: identifier "load_sw" is undefined
..\drive\TIM6.c(174): error:  #20: identifier "oct_sw" is undefined
..\drive\TIM6.c(176): error:  #20: identifier "stepcount" is undefined
..\drive\TIM6.c(179): warning:  #223-D: function "OC_ADD" declared implicitly
..\drive\TIM6.c(190): warning:  #1-D: last line of file ends without a newline
compiling R_Face.c...
..\APP\R_Face.c(888): warning:  #181-D: argument is incompatible with corresponding format string conversion
..\APP\R_Face.c(1000): warning:  #181-D: argument is incompatible with corresponding format string conversion
..\APP\R_Face.c(1007): warning:  #181-D: argument is incompatible with corresponding format string conversion
..\APP\R_Face.c(1728): warning:  #1035-D: single-precision operand implicitly converted to double-precision
..\APP\R_Face.c(1743): warning:  #1035-D: single-precision operand implicitly converted to double-precision
Target not created
Build target 'JK_BTSET'
compiling TIM6.c...
..\drive\TIM6.c(174): error:  #20: identifier "oct_sw" is undefined
..\drive\TIM6.c(176): error:  #20: identifier "stepcount" is undefined
..\drive\TIM6.c(179): warning:  #223-D: function "OC_ADD" declared implicitly
..\drive\TIM6.c(190): warning:  #1-D: last line of file ends without a newline
Target not created
compiling R_Face.c...
..\APP\R_Face.c(888): warning:  #181-D: argument is incompatible with corresponding format string conversion
..\APP\R_Face.c(1000): warning:  #181-D: argument is incompatible with corresponding format string conversion
..\APP\R_Face.c(1007): warning:  #181-D: argument is incompatible with corresponding format string conversion
..\APP\R_Face.c(1728): warning:  #1035-D: single-precision operand implicitly converted to double-precision
..\APP\R_Face.c(1743): warning:  #1035-D: single-precision operand implicitly converted to double-precision
..\APP\R_Face.c - 0 Error(s), 5 Warning(s).
Build target 'JK_BTSET'
compiling TIM6.c...
..\drive\TIM6.c(190): warning:  #1-D: last line of file ends without a newline
linking...
..\Output\JK_BTSET.axf: Error: L6218E: Undefined symbol TIM6_Config (referred from main.o).
..\Output\JK_BTSET.axf: Error: L6218E: Undefined symbol OFFSET_Zore (referred from flash.o).
Target not created
Build target 'JK_BTSET'
compiling main.c...
..\User\main.c(54): warning:  #223-D: function "TIM3_Int_Init" declared implicitly
compiling key.c...
linking...
Program Size: Code=83260 RO-data=58312 RW-data=1960 ZI-data=34512  
FromELF: creating hex file...
"..\Output\JK_BTSET.axf" - 0 Error(s), 1 Warning(s).
Build target 'JK_BTSET'
linking...
Program Size: Code=83260 RO-data=58312 RW-data=1960 ZI-data=34512  
FromELF: creating hex file...
"..\Output\JK_BTSET.axf" - 0 Error(s), 0 Warning(s).
Build target 'JK_BTSET'
compiling key.c...
linking...
Program Size: Code=83260 RO-data=58312 RW-data=1960 ZI-data=34512  
FromELF: creating hex file...
"..\Output\JK_BTSET.axf" - 0 Error(s), 0 Warning(s).
Build target 'JK_BTSET'
compiling TIM6.c...
..\drive\TIM6.c(187): warning:  #1-D: last line of file ends without a newline
linking...
Program Size: Code=83260 RO-data=58312 RW-data=1960 ZI-data=34512  
FromELF: creating hex file...
"..\Output\JK_BTSET.axf" - 0 Error(s), 1 Warning(s).
Build target 'JK_BTSET'
compiling main.c...
..\User\main.c(54): warning:  #223-D: function "TIM3_Int_Init" declared implicitly
linking...
Program Size: Code=83260 RO-data=58312 RW-data=1960 ZI-data=34512  
FromELF: creating hex file...
"..\Output\JK_BTSET.axf" - 0 Error(s), 1 Warning(s).
Build target 'JK_BTSET'
compiling main.c...
..\User\main.c(54): warning:  #223-D: function "TIM3_Int_Init" declared implicitly
linking...
Program Size: Code=83260 RO-data=58312 RW-data=1960 ZI-data=34512  
FromELF: creating hex file...
"..\Output\JK_BTSET.axf" - 0 Error(s), 1 Warning(s).
